{"D:\\Phincon\\Ortech\\server\\src\\index.js": {"path":"D:\\Phincon\\Ortech\\server\\src\\index.js","statementMap":{"0":{"start":{"line":1,"column":16},"end":{"line":1,"column":34}},"1":{"start":{"line":2,"column":15},"end":{"line":2,"column":32}},"2":{"start":{"line":3,"column":13},"end":{"line":3,"column":28}},"3":{"start":{"line":4,"column":15},"end":{"line":4,"column":45}},"4":{"start":{"line":5,"column":21},"end":{"line":5,"column":45}},"5":{"start":{"line":7,"column":12},"end":{"line":7,"column":21}},"6":{"start":{"line":9,"column":0},"end":{"line":9,"column":16}},"7":{"start":{"line":11,"column":0},"end":{"line":11,"column":51}},"8":{"start":{"line":12,"column":0},"end":{"line":12,"column":24}},"9":{"start":{"line":13,"column":0},"end":{"line":13,"column":48}},"10":{"start":{"line":14,"column":0},"end":{"line":14,"column":24}},"11":{"start":{"line":16,"column":0},"end":{"line":18,"column":3}},"12":{"start":{"line":17,"column":2},"end":{"line":17,"column":40}},"13":{"start":{"line":20,"column":0},"end":{"line":20,"column":24}},"14":{"start":{"line":22,"column":0},"end":{"line":24,"column":3}},"15":{"start":{"line":23,"column":2},"end":{"line":23,"column":73}},"16":{"start":{"line":26,"column":0},"end":{"line":30,"column":1}},"17":{"start":{"line":27,"column":2},"end":{"line":29,"column":5}},"18":{"start":{"line":28,"column":4},"end":{"line":28,"column":62}},"19":{"start":{"line":32,"column":0},"end":{"line":32,"column":21}}},"fnMap":{"0":{"name":"(anonymous_0)","decl":{"start":{"line":16,"column":13},"end":{"line":16,"column":14}},"loc":{"start":{"line":16,"column":27},"end":{"line":18,"column":1}},"line":16},"1":{"name":"(anonymous_1)","decl":{"start":{"line":22,"column":13},"end":{"line":22,"column":14}},"loc":{"start":{"line":22,"column":27},"end":{"line":24,"column":1}},"line":22},"2":{"name":"(anonymous_2)","decl":{"start":{"line":27,"column":35},"end":{"line":27,"column":36}},"loc":{"start":{"line":27,"column":41},"end":{"line":29,"column":3}},"line":27}},"branchMap":{"0":{"loc":{"start":{"line":26,"column":0},"end":{"line":30,"column":1}},"type":"if","locations":[{"start":{"line":26,"column":0},"end":{"line":30,"column":1}},{"start":{},"end":{}}],"line":26}},"s":{"0":6,"1":6,"2":6,"3":6,"4":6,"5":6,"6":6,"7":6,"8":6,"9":6,"10":6,"11":6,"12":0,"13":6,"14":6,"15":0,"16":6,"17":0,"18":0,"19":6},"f":{"0":0,"1":0,"2":0},"b":{"0":[0,6]},"_coverageSchema":"1a1c01bbd47fc00a2c39e90264f33305004495a9","hash":"94c4fe7bbc6c75ef4193ea1786422924a71415e9"}
,"D:\\Phincon\\Ortech\\server\\src\\config\\database.js": {"path":"D:\\Phincon\\Ortech\\server\\src\\config\\database.js","statementMap":{"0":{"start":{"line":1,"column":15},"end":{"line":1,"column":32}},"1":{"start":{"line":3,"column":0},"end":{"line":3,"column":16}},"2":{"start":{"line":5,"column":0},"end":{"line":27,"column":2}}},"fnMap":{},"branchMap":{},"s":{"0":6,"1":6,"2":6},"f":{},"b":{},"_coverageSchema":"1a1c01bbd47fc00a2c39e90264f33305004495a9","hash":"58a69d752ef8ca20053572befd1bc9174f59a21a"}
,"D:\\Phincon\\Ortech\\server\\src\\config\\schemas.js": {"path":"D:\\Phincon\\Ortech\\server\\src\\config\\schemas.js","statementMap":{"0":{"start":{"line":1,"column":12},"end":{"line":1,"column":26}},"1":{"start":{"line":3,"column":16},"end":{"line":107,"column":1}},"2":{"start":{"line":109,"column":0},"end":{"line":109,"column":25}}},"fnMap":{},"branchMap":{},"s":{"0":6,"1":6,"2":6},"f":{},"b":{},"_coverageSchema":"1a1c01bbd47fc00a2c39e90264f33305004495a9","hash":"ad882f4fe691a6df4b7177489fa76d3f98915cff"}
,"D:\\Phincon\\Ortech\\server\\src\\controller\\AuthMerchantController.js": {"path":"D:\\Phincon\\Ortech\\server\\src\\controller\\AuthMerchantController.js","statementMap":{"0":{"start":{"line":1,"column":29},"end":{"line":1,"column":58}},"1":{"start":{"line":2,"column":15},"end":{"line":2,"column":35}},"2":{"start":{"line":3,"column":30},"end":{"line":3,"column":59}},"3":{"start":{"line":8,"column":4},"end":{"line":8,"column":39}},"4":{"start":{"line":9,"column":45},"end":{"line":9,"column":79}},"5":{"start":{"line":10,"column":43},"end":{"line":10,"column":77}},"6":{"start":{"line":11,"column":28},"end":{"line":11,"column":65}},"7":{"start":{"line":12,"column":16},"end":{"line":12,"column":44}},"8":{"start":{"line":13,"column":20},"end":{"line":13,"column":53}},"9":{"start":{"line":14,"column":58},"end":{"line":14,"column":93}},"10":{"start":{"line":15,"column":18},"end":{"line":15,"column":49}},"11":{"start":{"line":16,"column":29},"end":{"line":16,"column":62}},"12":{"start":{"line":22,"column":4},"end":{"line":22,"column":38}},"13":{"start":{"line":24,"column":0},"end":{"line":54,"column":2}},"14":{"start":{"line":25,"column":2},"end":{"line":53,"column":3}},"15":{"start":{"line":26,"column":22},"end":{"line":26,"column":30}},"16":{"start":{"line":27,"column":29},"end":{"line":27,"column":74}},"17":{"start":{"line":29,"column":4},"end":{"line":31,"column":5}},"18":{"start":{"line":30,"column":6},"end":{"line":30,"column":76}},"19":{"start":{"line":33,"column":25},"end":{"line":33,"column":66}},"20":{"start":{"line":34,"column":4},"end":{"line":36,"column":5}},"21":{"start":{"line":35,"column":6},"end":{"line":35,"column":76}},"22":{"start":{"line":38,"column":16},"end":{"line":38,"column":29}},"23":{"start":{"line":39,"column":17},"end":{"line":44,"column":5}},"24":{"start":{"line":45,"column":4},"end":{"line":45,"column":20}},"25":{"start":{"line":47,"column":18},"end":{"line":47,"column":48}},"26":{"start":{"line":48,"column":16},"end":{"line":48,"column":42}},"27":{"start":{"line":50,"column":4},"end":{"line":50,"column":64}},"28":{"start":{"line":52,"column":4},"end":{"line":52,"column":75}},"29":{"start":{"line":56,"column":0},"end":{"line":70,"column":2}},"30":{"start":{"line":57,"column":2},"end":{"line":69,"column":3}},"31":{"start":{"line":58,"column":27},"end":{"line":58,"column":35}},"32":{"start":{"line":60,"column":20},"end":{"line":60,"column":43}},"33":{"start":{"line":62,"column":4},"end":{"line":64,"column":5}},"34":{"start":{"line":63,"column":6},"end":{"line":63,"column":67}},"35":{"start":{"line":66,"column":4},"end":{"line":66,"column":72}},"36":{"start":{"line":68,"column":4},"end":{"line":68,"column":75}},"37":{"start":{"line":72,"column":0},"end":{"line":135,"column":2}},"38":{"start":{"line":73,"column":2},"end":{"line":134,"column":3}},"39":{"start":{"line":82,"column":8},"end":{"line":82,"column":16}},"40":{"start":{"line":83,"column":18},"end":{"line":83,"column":30}},"41":{"start":{"line":85,"column":25},"end":{"line":85,"column":66}},"42":{"start":{"line":86,"column":29},"end":{"line":90,"column":6}},"43":{"start":{"line":92,"column":4},"end":{"line":94,"column":5}},"44":{"start":{"line":93,"column":6},"end":{"line":93,"column":82}},"45":{"start":{"line":96,"column":34},"end":{"line":96,"column":71}},"46":{"start":{"line":97,"column":27},"end":{"line":97,"column":57}},"47":{"start":{"line":99,"column":25},"end":{"line":111,"column":5}},"48":{"start":{"line":113,"column":4},"end":{"line":115,"column":5}},"49":{"start":{"line":114,"column":6},"end":{"line":114,"column":71}},"50":{"start":{"line":117,"column":27},"end":{"line":117,"column":64}},"51":{"start":{"line":119,"column":24},"end":{"line":126,"column":6}},"52":{"start":{"line":128,"column":4},"end":{"line":128,"column":48}},"53":{"start":{"line":129,"column":4},"end":{"line":129,"column":38}},"54":{"start":{"line":131,"column":4},"end":{"line":131,"column":61}},"55":{"start":{"line":133,"column":4},"end":{"line":133,"column":75}},"56":{"start":{"line":137,"column":0},"end":{"line":190,"column":2}},"57":{"start":{"line":138,"column":2},"end":{"line":189,"column":3}},"58":{"start":{"line":139,"column":32},"end":{"line":139,"column":40}},"59":{"start":{"line":141,"column":21},"end":{"line":141,"column":81}},"60":{"start":{"line":143,"column":4},"end":{"line":145,"column":5}},"61":{"start":{"line":144,"column":6},"end":{"line":144,"column":81}},"62":{"start":{"line":147,"column":25},"end":{"line":147,"column":78}},"63":{"start":{"line":148,"column":4},"end":{"line":150,"column":5}},"64":{"start":{"line":149,"column":6},"end":{"line":149,"column":71}},"65":{"start":{"line":152,"column":24},"end":{"line":152,"column":25}},"66":{"start":{"line":153,"column":27},"end":{"line":153,"column":30}},"67":{"start":{"line":155,"column":24},"end":{"line":155,"column":54}},"68":{"start":{"line":156,"column":28},"end":{"line":156,"column":63}},"69":{"start":{"line":158,"column":4},"end":{"line":160,"column":5}},"70":{"start":{"line":159,"column":6},"end":{"line":159,"column":82}},"71":{"start":{"line":162,"column":30},"end":{"line":162,"column":57}},"72":{"start":{"line":163,"column":28},"end":{"line":163,"column":87}},"73":{"start":{"line":165,"column":4},"end":{"line":169,"column":5}},"74":{"start":{"line":166,"column":6},"end":{"line":166,"column":41}},"75":{"start":{"line":167,"column":6},"end":{"line":167,"column":56}},"76":{"start":{"line":168,"column":6},"end":{"line":168,"column":64}},"77":{"start":{"line":171,"column":25},"end":{"line":178,"column":5}},"78":{"start":{"line":180,"column":24},"end":{"line":180,"column":51}},"79":{"start":{"line":182,"column":4},"end":{"line":182,"column":43}},"80":{"start":{"line":184,"column":4},"end":{"line":184,"column":57}},"81":{"start":{"line":186,"column":4},"end":{"line":186,"column":65}},"82":{"start":{"line":188,"column":4},"end":{"line":188,"column":75}},"83":{"start":{"line":192,"column":0},"end":{"line":207,"column":2}},"84":{"start":{"line":193,"column":2},"end":{"line":206,"column":3}},"85":{"start":{"line":194,"column":19},"end":{"line":194,"column":29}},"86":{"start":{"line":195,"column":21},"end":{"line":195,"column":49}},"87":{"start":{"line":197,"column":4},"end":{"line":199,"column":5}},"88":{"start":{"line":198,"column":6},"end":{"line":198,"column":72}},"89":{"start":{"line":201,"column":4},"end":{"line":201,"column":49}},"90":{"start":{"line":203,"column":4},"end":{"line":203,"column":66}},"91":{"start":{"line":205,"column":4},"end":{"line":205,"column":75}},"92":{"start":{"line":260,"column":0},"end":{"line":293,"column":2}},"93":{"start":{"line":261,"column":2},"end":{"line":292,"column":3}},"94":{"start":{"line":262,"column":22},"end":{"line":262,"column":30}},"95":{"start":{"line":264,"column":25},"end":{"line":264,"column":79}},"96":{"start":{"line":266,"column":4},"end":{"line":268,"column":5}},"97":{"start":{"line":267,"column":6},"end":{"line":267,"column":71}},"98":{"start":{"line":270,"column":21},"end":{"line":270,"column":66}},"99":{"start":{"line":272,"column":4},"end":{"line":274,"column":5}},"100":{"start":{"line":273,"column":6},"end":{"line":273,"column":59}},"101":{"start":{"line":276,"column":18},"end":{"line":276,"column":51}},"102":{"start":{"line":278,"column":17},"end":{"line":283,"column":5}},"103":{"start":{"line":285,"column":4},"end":{"line":285,"column":20}},"104":{"start":{"line":287,"column":4},"end":{"line":287,"column":57}},"105":{"start":{"line":289,"column":4},"end":{"line":289,"column":75}},"106":{"start":{"line":291,"column":4},"end":{"line":291,"column":75}},"107":{"start":{"line":295,"column":0},"end":{"line":327,"column":2}},"108":{"start":{"line":296,"column":2},"end":{"line":326,"column":3}},"109":{"start":{"line":297,"column":22},"end":{"line":297,"column":32}},"110":{"start":{"line":298,"column":42},"end":{"line":298,"column":50}},"111":{"start":{"line":299,"column":27},"end":{"line":299,"column":54}},"112":{"start":{"line":300,"column":34},"end":{"line":300,"column":68}},"113":{"start":{"line":301,"column":25},"end":{"line":304,"column":5}},"114":{"start":{"line":306,"column":4},"end":{"line":308,"column":5}},"115":{"start":{"line":307,"column":6},"end":{"line":307,"column":71}},"116":{"start":{"line":310,"column":21},"end":{"line":310,"column":86}},"117":{"start":{"line":312,"column":4},"end":{"line":314,"column":5}},"118":{"start":{"line":313,"column":6},"end":{"line":313,"column":55}},"119":{"start":{"line":316,"column":27},"end":{"line":316,"column":64}},"120":{"start":{"line":318,"column":32},"end":{"line":321,"column":6}},"121":{"start":{"line":323,"column":4},"end":{"line":323,"column":85}},"122":{"start":{"line":325,"column":4},"end":{"line":325,"column":75}}},"fnMap":{"0":{"name":"(anonymous_0)","decl":{"start":{"line":24,"column":33},"end":{"line":24,"column":34}},"loc":{"start":{"line":24,"column":53},"end":{"line":54,"column":1}},"line":24},"1":{"name":"(anonymous_1)","decl":{"start":{"line":56,"column":35},"end":{"line":56,"column":36}},"loc":{"start":{"line":56,"column":55},"end":{"line":70,"column":1}},"line":56},"2":{"name":"(anonymous_2)","decl":{"start":{"line":72,"column":26},"end":{"line":72,"column":27}},"loc":{"start":{"line":72,"column":46},"end":{"line":135,"column":1}},"line":72},"3":{"name":"(anonymous_3)","decl":{"start":{"line":137,"column":24},"end":{"line":137,"column":25}},"loc":{"start":{"line":137,"column":44},"end":{"line":190,"column":1}},"line":137},"4":{"name":"(anonymous_4)","decl":{"start":{"line":192,"column":25},"end":{"line":192,"column":26}},"loc":{"start":{"line":192,"column":43},"end":{"line":207,"column":1}},"line":192},"5":{"name":"(anonymous_5)","decl":{"start":{"line":260,"column":33},"end":{"line":260,"column":34}},"loc":{"start":{"line":260,"column":53},"end":{"line":293,"column":1}},"line":260},"6":{"name":"(anonymous_6)","decl":{"start":{"line":295,"column":39},"end":{"line":295,"column":40}},"loc":{"start":{"line":295,"column":59},"end":{"line":327,"column":1}},"line":295}},"branchMap":{"0":{"loc":{"start":{"line":29,"column":4},"end":{"line":31,"column":5}},"type":"if","locations":[{"start":{"line":29,"column":4},"end":{"line":31,"column":5}},{"start":{},"end":{}}],"line":29},"1":{"loc":{"start":{"line":34,"column":4},"end":{"line":36,"column":5}},"type":"if","locations":[{"start":{"line":34,"column":4},"end":{"line":36,"column":5}},{"start":{},"end":{}}],"line":34},"2":{"loc":{"start":{"line":62,"column":4},"end":{"line":64,"column":5}},"type":"if","locations":[{"start":{"line":62,"column":4},"end":{"line":64,"column":5}},{"start":{},"end":{}}],"line":62},"3":{"loc":{"start":{"line":92,"column":4},"end":{"line":94,"column":5}},"type":"if","locations":[{"start":{"line":92,"column":4},"end":{"line":94,"column":5}},{"start":{},"end":{}}],"line":92},"4":{"loc":{"start":{"line":92,"column":8},"end":{"line":92,"column":40}},"type":"binary-expr","locations":[{"start":{"line":92,"column":8},"end":{"line":92,"column":20}},{"start":{"line":92,"column":24},"end":{"line":92,"column":40}}],"line":92},"5":{"loc":{"start":{"line":113,"column":4},"end":{"line":115,"column":5}},"type":"if","locations":[{"start":{"line":113,"column":4},"end":{"line":115,"column":5}},{"start":{},"end":{}}],"line":113},"6":{"loc":{"start":{"line":143,"column":4},"end":{"line":145,"column":5}},"type":"if","locations":[{"start":{"line":143,"column":4},"end":{"line":145,"column":5}},{"start":{},"end":{}}],"line":143},"7":{"loc":{"start":{"line":148,"column":4},"end":{"line":150,"column":5}},"type":"if","locations":[{"start":{"line":148,"column":4},"end":{"line":150,"column":5}},{"start":{},"end":{}}],"line":148},"8":{"loc":{"start":{"line":158,"column":4},"end":{"line":160,"column":5}},"type":"if","locations":[{"start":{"line":158,"column":4},"end":{"line":160,"column":5}},{"start":{},"end":{}}],"line":158},"9":{"loc":{"start":{"line":158,"column":8},"end":{"line":158,"column":71}},"type":"binary-expr","locations":[{"start":{"line":158,"column":8},"end":{"line":158,"column":23}},{"start":{"line":158,"column":27},"end":{"line":158,"column":71}}],"line":158},"10":{"loc":{"start":{"line":165,"column":4},"end":{"line":169,"column":5}},"type":"if","locations":[{"start":{"line":165,"column":4},"end":{"line":169,"column":5}},{"start":{},"end":{}}],"line":165},"11":{"loc":{"start":{"line":197,"column":4},"end":{"line":199,"column":5}},"type":"if","locations":[{"start":{"line":197,"column":4},"end":{"line":199,"column":5}},{"start":{},"end":{}}],"line":197},"12":{"loc":{"start":{"line":266,"column":4},"end":{"line":268,"column":5}},"type":"if","locations":[{"start":{"line":266,"column":4},"end":{"line":268,"column":5}},{"start":{},"end":{}}],"line":266},"13":{"loc":{"start":{"line":272,"column":4},"end":{"line":274,"column":5}},"type":"if","locations":[{"start":{"line":272,"column":4},"end":{"line":274,"column":5}},{"start":{},"end":{}}],"line":272},"14":{"loc":{"start":{"line":272,"column":8},"end":{"line":272,"column":36}},"type":"binary-expr","locations":[{"start":{"line":272,"column":8},"end":{"line":272,"column":17}},{"start":{"line":272,"column":21},"end":{"line":272,"column":36}}],"line":272},"15":{"loc":{"start":{"line":306,"column":4},"end":{"line":308,"column":5}},"type":"if","locations":[{"start":{"line":306,"column":4},"end":{"line":308,"column":5}},{"start":{},"end":{}}],"line":306},"16":{"loc":{"start":{"line":312,"column":4},"end":{"line":314,"column":5}},"type":"if","locations":[{"start":{"line":312,"column":4},"end":{"line":314,"column":5}},{"start":{},"end":{}}],"line":312},"17":{"loc":{"start":{"line":312,"column":8},"end":{"line":312,"column":36}},"type":"binary-expr","locations":[{"start":{"line":312,"column":8},"end":{"line":312,"column":17}},{"start":{"line":312,"column":21},"end":{"line":312,"column":36}}],"line":312}},"s":{"0":6,"1":6,"2":6,"3":6,"4":6,"5":6,"6":6,"7":6,"8":6,"9":6,"10":6,"11":6,"12":6,"13":6,"14":2,"15":2,"16":2,"17":2,"18":1,"19":1,"20":1,"21":0,"22":1,"23":1,"24":1,"25":1,"26":1,"27":1,"28":0,"29":6,"30":0,"31":0,"32":0,"33":0,"34":0,"35":0,"36":0,"37":6,"38":0,"39":0,"40":0,"41":0,"42":0,"43":0,"44":0,"45":0,"46":0,"47":0,"48":0,"49":0,"50":0,"51":0,"52":0,"53":0,"54":0,"55":0,"56":6,"57":6,"58":6,"59":6,"60":6,"61":1,"62":5,"63":5,"64":1,"65":4,"66":4,"67":4,"68":4,"69":4,"70":0,"71":4,"72":4,"73":4,"74":1,"75":1,"76":1,"77":3,"78":3,"79":3,"80":3,"81":3,"82":0,"83":6,"84":3,"85":3,"86":3,"87":3,"88":0,"89":3,"90":3,"91":0,"92":6,"93":3,"94":3,"95":3,"96":3,"97":1,"98":2,"99":2,"100":1,"101":1,"102":1,"103":1,"104":1,"105":1,"106":0,"107":6,"108":3,"109":3,"110":3,"111":3,"112":3,"113":3,"114":3,"115":1,"116":2,"117":2,"118":1,"119":1,"120":1,"121":1,"122":0},"f":{"0":2,"1":0,"2":0,"3":6,"4":3,"5":3,"6":3},"b":{"0":[1,1],"1":[0,1],"2":[0,0],"3":[0,0],"4":[0,0],"5":[0,0],"6":[1,5],"7":[1,4],"8":[0,4],"9":[4,0],"10":[1,3],"11":[0,3],"12":[1,2],"13":[1,1],"14":[2,1],"15":[1,2],"16":[1,1],"17":[2,1]},"_coverageSchema":"1a1c01bbd47fc00a2c39e90264f33305004495a9","hash":"810f6b88de0f1e7e780231a1f70c25f9a33c199d"}
,"D:\\Phincon\\Ortech\\server\\src\\controller\\AuthUserController.js": {"path":"D:\\Phincon\\Ortech\\server\\src\\controller\\AuthUserController.js","statementMap":{"0":{"start":{"line":1,"column":29},"end":{"line":1,"column":58}},"1":{"start":{"line":6,"column":4},"end":{"line":6,"column":39}},"2":{"start":{"line":7,"column":45},"end":{"line":7,"column":79}},"3":{"start":{"line":8,"column":43},"end":{"line":8,"column":77}},"4":{"start":{"line":9,"column":15},"end":{"line":9,"column":35}},"5":{"start":{"line":10,"column":29},"end":{"line":10,"column":62}},"6":{"start":{"line":11,"column":28},"end":{"line":11,"column":65}},"7":{"start":{"line":12,"column":16},"end":{"line":12,"column":44}},"8":{"start":{"line":13,"column":30},"end":{"line":13,"column":59}},"9":{"start":{"line":14,"column":18},"end":{"line":14,"column":49}},"10":{"start":{"line":15,"column":54},"end":{"line":15,"column":89}},"11":{"start":{"line":16,"column":20},"end":{"line":16,"column":53}},"12":{"start":{"line":22,"column":4},"end":{"line":22,"column":38}},"13":{"start":{"line":23,"column":19},"end":{"line":23,"column":33}},"14":{"start":{"line":25,"column":0},"end":{"line":55,"column":2}},"15":{"start":{"line":26,"column":2},"end":{"line":54,"column":3}},"16":{"start":{"line":27,"column":22},"end":{"line":27,"column":30}},"17":{"start":{"line":28,"column":25},"end":{"line":28,"column":66}},"18":{"start":{"line":30,"column":4},"end":{"line":32,"column":5}},"19":{"start":{"line":31,"column":6},"end":{"line":31,"column":65}},"20":{"start":{"line":34,"column":4},"end":{"line":39,"column":5}},"21":{"start":{"line":35,"column":31},"end":{"line":35,"column":76}},"22":{"start":{"line":36,"column":6},"end":{"line":38,"column":7}},"23":{"start":{"line":37,"column":8},"end":{"line":37,"column":67}},"24":{"start":{"line":41,"column":16},"end":{"line":41,"column":29}},"25":{"start":{"line":42,"column":17},"end":{"line":47,"column":5}},"26":{"start":{"line":48,"column":4},"end":{"line":48,"column":20}},"27":{"start":{"line":50,"column":18},"end":{"line":50,"column":48}},"28":{"start":{"line":51,"column":4},"end":{"line":51,"column":92}},"29":{"start":{"line":53,"column":4},"end":{"line":53,"column":75}},"30":{"start":{"line":57,"column":0},"end":{"line":75,"column":2}},"31":{"start":{"line":58,"column":2},"end":{"line":74,"column":3}},"32":{"start":{"line":59,"column":27},"end":{"line":59,"column":35}},"33":{"start":{"line":61,"column":20},"end":{"line":61,"column":43}},"34":{"start":{"line":63,"column":4},"end":{"line":65,"column":5}},"35":{"start":{"line":64,"column":6},"end":{"line":64,"column":67}},"36":{"start":{"line":67,"column":4},"end":{"line":69,"column":5}},"37":{"start":{"line":68,"column":6},"end":{"line":68,"column":56}},"38":{"start":{"line":71,"column":4},"end":{"line":71,"column":72}},"39":{"start":{"line":73,"column":4},"end":{"line":73,"column":75}},"40":{"start":{"line":77,"column":0},"end":{"line":132,"column":2}},"41":{"start":{"line":78,"column":2},"end":{"line":131,"column":3}},"42":{"start":{"line":86,"column":8},"end":{"line":86,"column":16}},"43":{"start":{"line":87,"column":18},"end":{"line":87,"column":30}},"44":{"start":{"line":89,"column":25},"end":{"line":93,"column":6}},"45":{"start":{"line":95,"column":4},"end":{"line":97,"column":5}},"46":{"start":{"line":96,"column":6},"end":{"line":96,"column":77}},"47":{"start":{"line":99,"column":27},"end":{"line":99,"column":57}},"48":{"start":{"line":100,"column":34},"end":{"line":100,"column":71}},"49":{"start":{"line":102,"column":25},"end":{"line":112,"column":5}},"50":{"start":{"line":114,"column":4},"end":{"line":116,"column":5}},"51":{"start":{"line":115,"column":6},"end":{"line":115,"column":71}},"52":{"start":{"line":118,"column":27},"end":{"line":118,"column":64}},"53":{"start":{"line":120,"column":20},"end":{"line":126,"column":6}},"54":{"start":{"line":128,"column":4},"end":{"line":128,"column":57}},"55":{"start":{"line":130,"column":4},"end":{"line":130,"column":75}},"56":{"start":{"line":134,"column":0},"end":{"line":187,"column":2}},"57":{"start":{"line":135,"column":2},"end":{"line":186,"column":3}},"58":{"start":{"line":136,"column":32},"end":{"line":136,"column":40}},"59":{"start":{"line":137,"column":17},"end":{"line":137,"column":58}},"60":{"start":{"line":139,"column":4},"end":{"line":141,"column":5}},"61":{"start":{"line":140,"column":6},"end":{"line":140,"column":56}},"62":{"start":{"line":143,"column":25},"end":{"line":143,"column":74}},"63":{"start":{"line":144,"column":4},"end":{"line":146,"column":5}},"64":{"start":{"line":145,"column":6},"end":{"line":145,"column":71}},"65":{"start":{"line":148,"column":24},"end":{"line":148,"column":25}},"66":{"start":{"line":149,"column":27},"end":{"line":149,"column":30}},"67":{"start":{"line":151,"column":24},"end":{"line":151,"column":53}},"68":{"start":{"line":152,"column":28},"end":{"line":152,"column":63}},"69":{"start":{"line":154,"column":4},"end":{"line":156,"column":5}},"70":{"start":{"line":155,"column":6},"end":{"line":155,"column":82}},"71":{"start":{"line":158,"column":30},"end":{"line":158,"column":57}},"72":{"start":{"line":159,"column":28},"end":{"line":159,"column":83}},"73":{"start":{"line":161,"column":4},"end":{"line":165,"column":5}},"74":{"start":{"line":162,"column":6},"end":{"line":162,"column":41}},"75":{"start":{"line":163,"column":6},"end":{"line":163,"column":56}},"76":{"start":{"line":164,"column":6},"end":{"line":164,"column":64}},"77":{"start":{"line":167,"column":21},"end":{"line":175,"column":5}},"78":{"start":{"line":177,"column":24},"end":{"line":177,"column":47}},"79":{"start":{"line":179,"column":4},"end":{"line":179,"column":39}},"80":{"start":{"line":181,"column":4},"end":{"line":181,"column":55}},"81":{"start":{"line":183,"column":4},"end":{"line":183,"column":65}},"82":{"start":{"line":185,"column":4},"end":{"line":185,"column":75}},"83":{"start":{"line":189,"column":0},"end":{"line":204,"column":2}},"84":{"start":{"line":190,"column":2},"end":{"line":203,"column":3}},"85":{"start":{"line":191,"column":19},"end":{"line":191,"column":29}},"86":{"start":{"line":192,"column":17},"end":{"line":192,"column":41}},"87":{"start":{"line":194,"column":4},"end":{"line":196,"column":5}},"88":{"start":{"line":195,"column":6},"end":{"line":195,"column":68}},"89":{"start":{"line":198,"column":4},"end":{"line":198,"column":45}},"90":{"start":{"line":200,"column":4},"end":{"line":200,"column":66}},"91":{"start":{"line":202,"column":4},"end":{"line":202,"column":75}},"92":{"start":{"line":206,"column":0},"end":{"line":240,"column":2}},"93":{"start":{"line":207,"column":2},"end":{"line":239,"column":3}},"94":{"start":{"line":208,"column":22},"end":{"line":208,"column":30}},"95":{"start":{"line":210,"column":25},"end":{"line":210,"column":79}},"96":{"start":{"line":212,"column":4},"end":{"line":214,"column":5}},"97":{"start":{"line":213,"column":6},"end":{"line":213,"column":71}},"98":{"start":{"line":216,"column":17},"end":{"line":216,"column":58}},"99":{"start":{"line":218,"column":4},"end":{"line":220,"column":5}},"100":{"start":{"line":219,"column":6},"end":{"line":219,"column":55}},"101":{"start":{"line":222,"column":18},"end":{"line":222,"column":51}},"102":{"start":{"line":224,"column":17},"end":{"line":229,"column":5}},"103":{"start":{"line":231,"column":4},"end":{"line":231,"column":20}},"104":{"start":{"line":233,"column":4},"end":{"line":233,"column":53}},"105":{"start":{"line":235,"column":4},"end":{"line":235,"column":75}},"106":{"start":{"line":237,"column":4},"end":{"line":237,"column":27}},"107":{"start":{"line":238,"column":4},"end":{"line":238,"column":75}},"108":{"start":{"line":242,"column":0},"end":{"line":273,"column":2}},"109":{"start":{"line":243,"column":2},"end":{"line":272,"column":3}},"110":{"start":{"line":244,"column":22},"end":{"line":244,"column":32}},"111":{"start":{"line":245,"column":42},"end":{"line":245,"column":50}},"112":{"start":{"line":246,"column":27},"end":{"line":246,"column":54}},"113":{"start":{"line":247,"column":34},"end":{"line":247,"column":68}},"114":{"start":{"line":248,"column":25},"end":{"line":251,"column":5}},"115":{"start":{"line":253,"column":4},"end":{"line":255,"column":5}},"116":{"start":{"line":254,"column":6},"end":{"line":254,"column":71}},"117":{"start":{"line":257,"column":17},"end":{"line":257,"column":78}},"118":{"start":{"line":259,"column":4},"end":{"line":261,"column":5}},"119":{"start":{"line":260,"column":6},"end":{"line":260,"column":55}},"120":{"start":{"line":263,"column":27},"end":{"line":263,"column":64}},"121":{"start":{"line":264,"column":28},"end":{"line":267,"column":6}},"122":{"start":{"line":269,"column":4},"end":{"line":269,"column":81}},"123":{"start":{"line":271,"column":4},"end":{"line":271,"column":75}}},"fnMap":{"0":{"name":"(anonymous_0)","decl":{"start":{"line":25,"column":29},"end":{"line":25,"column":30}},"loc":{"start":{"line":25,"column":49},"end":{"line":55,"column":1}},"line":25},"1":{"name":"(anonymous_1)","decl":{"start":{"line":57,"column":31},"end":{"line":57,"column":32}},"loc":{"start":{"line":57,"column":51},"end":{"line":75,"column":1}},"line":57},"2":{"name":"(anonymous_2)","decl":{"start":{"line":77,"column":23},"end":{"line":77,"column":24}},"loc":{"start":{"line":77,"column":43},"end":{"line":132,"column":1}},"line":77},"3":{"name":"(anonymous_3)","decl":{"start":{"line":134,"column":20},"end":{"line":134,"column":21}},"loc":{"start":{"line":134,"column":40},"end":{"line":187,"column":1}},"line":134},"4":{"name":"(anonymous_4)","decl":{"start":{"line":189,"column":21},"end":{"line":189,"column":22}},"loc":{"start":{"line":189,"column":39},"end":{"line":204,"column":1}},"line":189},"5":{"name":"(anonymous_5)","decl":{"start":{"line":206,"column":29},"end":{"line":206,"column":30}},"loc":{"start":{"line":206,"column":49},"end":{"line":240,"column":1}},"line":206},"6":{"name":"(anonymous_6)","decl":{"start":{"line":242,"column":35},"end":{"line":242,"column":36}},"loc":{"start":{"line":242,"column":55},"end":{"line":273,"column":1}},"line":242}},"branchMap":{"0":{"loc":{"start":{"line":30,"column":4},"end":{"line":32,"column":5}},"type":"if","locations":[{"start":{"line":30,"column":4},"end":{"line":32,"column":5}},{"start":{},"end":{}}],"line":30},"1":{"loc":{"start":{"line":34,"column":4},"end":{"line":39,"column":5}},"type":"if","locations":[{"start":{"line":34,"column":4},"end":{"line":39,"column":5}},{"start":{},"end":{}}],"line":34},"2":{"loc":{"start":{"line":36,"column":6},"end":{"line":38,"column":7}},"type":"if","locations":[{"start":{"line":36,"column":6},"end":{"line":38,"column":7}},{"start":{},"end":{}}],"line":36},"3":{"loc":{"start":{"line":63,"column":4},"end":{"line":65,"column":5}},"type":"if","locations":[{"start":{"line":63,"column":4},"end":{"line":65,"column":5}},{"start":{},"end":{}}],"line":63},"4":{"loc":{"start":{"line":67,"column":4},"end":{"line":69,"column":5}},"type":"if","locations":[{"start":{"line":67,"column":4},"end":{"line":69,"column":5}},{"start":{},"end":{}}],"line":67},"5":{"loc":{"start":{"line":95,"column":4},"end":{"line":97,"column":5}},"type":"if","locations":[{"start":{"line":95,"column":4},"end":{"line":97,"column":5}},{"start":{},"end":{}}],"line":95},"6":{"loc":{"start":{"line":114,"column":4},"end":{"line":116,"column":5}},"type":"if","locations":[{"start":{"line":114,"column":4},"end":{"line":116,"column":5}},{"start":{},"end":{}}],"line":114},"7":{"loc":{"start":{"line":139,"column":4},"end":{"line":141,"column":5}},"type":"if","locations":[{"start":{"line":139,"column":4},"end":{"line":141,"column":5}},{"start":{},"end":{}}],"line":139},"8":{"loc":{"start":{"line":144,"column":4},"end":{"line":146,"column":5}},"type":"if","locations":[{"start":{"line":144,"column":4},"end":{"line":146,"column":5}},{"start":{},"end":{}}],"line":144},"9":{"loc":{"start":{"line":154,"column":4},"end":{"line":156,"column":5}},"type":"if","locations":[{"start":{"line":154,"column":4},"end":{"line":156,"column":5}},{"start":{},"end":{}}],"line":154},"10":{"loc":{"start":{"line":154,"column":8},"end":{"line":154,"column":71}},"type":"binary-expr","locations":[{"start":{"line":154,"column":8},"end":{"line":154,"column":23}},{"start":{"line":154,"column":27},"end":{"line":154,"column":71}}],"line":154},"11":{"loc":{"start":{"line":161,"column":4},"end":{"line":165,"column":5}},"type":"if","locations":[{"start":{"line":161,"column":4},"end":{"line":165,"column":5}},{"start":{},"end":{}}],"line":161},"12":{"loc":{"start":{"line":194,"column":4},"end":{"line":196,"column":5}},"type":"if","locations":[{"start":{"line":194,"column":4},"end":{"line":196,"column":5}},{"start":{},"end":{}}],"line":194},"13":{"loc":{"start":{"line":212,"column":4},"end":{"line":214,"column":5}},"type":"if","locations":[{"start":{"line":212,"column":4},"end":{"line":214,"column":5}},{"start":{},"end":{}}],"line":212},"14":{"loc":{"start":{"line":218,"column":4},"end":{"line":220,"column":5}},"type":"if","locations":[{"start":{"line":218,"column":4},"end":{"line":220,"column":5}},{"start":{},"end":{}}],"line":218},"15":{"loc":{"start":{"line":253,"column":4},"end":{"line":255,"column":5}},"type":"if","locations":[{"start":{"line":253,"column":4},"end":{"line":255,"column":5}},{"start":{},"end":{}}],"line":253},"16":{"loc":{"start":{"line":259,"column":4},"end":{"line":261,"column":5}},"type":"if","locations":[{"start":{"line":259,"column":4},"end":{"line":261,"column":5}},{"start":{},"end":{}}],"line":259}},"s":{"0":6,"1":6,"2":6,"3":6,"4":6,"5":6,"6":6,"7":6,"8":6,"9":6,"10":6,"11":6,"12":6,"13":6,"14":6,"15":2,"16":2,"17":2,"18":2,"19":1,"20":1,"21":1,"22":1,"23":0,"24":1,"25":1,"26":1,"27":1,"28":1,"29":0,"30":6,"31":0,"32":0,"33":0,"34":0,"35":0,"36":0,"37":0,"38":0,"39":0,"40":6,"41":0,"42":0,"43":0,"44":0,"45":0,"46":0,"47":0,"48":0,"49":0,"50":0,"51":0,"52":0,"53":0,"54":0,"55":0,"56":6,"57":6,"58":6,"59":6,"60":6,"61":1,"62":5,"63":5,"64":1,"65":4,"66":4,"67":4,"68":4,"69":4,"70":0,"71":4,"72":4,"73":4,"74":1,"75":1,"76":1,"77":3,"78":3,"79":3,"80":3,"81":3,"82":0,"83":6,"84":3,"85":3,"86":3,"87":3,"88":0,"89":3,"90":3,"91":0,"92":6,"93":3,"94":3,"95":3,"96":3,"97":1,"98":2,"99":2,"100":1,"101":1,"102":1,"103":1,"104":1,"105":1,"106":0,"107":0,"108":6,"109":3,"110":3,"111":3,"112":3,"113":3,"114":3,"115":3,"116":1,"117":2,"118":2,"119":1,"120":1,"121":1,"122":1,"123":0},"f":{"0":2,"1":0,"2":0,"3":6,"4":3,"5":3,"6":3},"b":{"0":[1,1],"1":[1,0],"2":[0,1],"3":[0,0],"4":[0,0],"5":[0,0],"6":[0,0],"7":[1,5],"8":[1,4],"9":[0,4],"10":[4,1],"11":[1,3],"12":[0,3],"13":[1,2],"14":[1,1],"15":[1,2],"16":[1,1]},"_coverageSchema":"1a1c01bbd47fc00a2c39e90264f33305004495a9","hash":"f32d38bdab20b3ac3810012552ce7eb1b3f6d965"}
,"D:\\Phincon\\Ortech\\server\\src\\controller\\CategoryController.js": {"path":"D:\\Phincon\\Ortech\\server\\src\\controller\\CategoryController.js","statementMap":{"0":{"start":{"line":1,"column":23},"end":{"line":1,"column":52}},"1":{"start":{"line":2,"column":43},"end":{"line":2,"column":77}},"2":{"start":{"line":4,"column":0},"end":{"line":15,"column":2}},"3":{"start":{"line":5,"column":2},"end":{"line":14,"column":3}},"4":{"start":{"line":6,"column":23},"end":{"line":6,"column":51}},"5":{"start":{"line":8,"column":4},"end":{"line":10,"column":5}},"6":{"start":{"line":9,"column":6},"end":{"line":9,"column":74}},"7":{"start":{"line":11,"column":4},"end":{"line":11,"column":60}},"8":{"start":{"line":13,"column":4},"end":{"line":13,"column":75}}},"fnMap":{"0":{"name":"(anonymous_0)","decl":{"start":{"line":4,"column":24},"end":{"line":4,"column":25}},"loc":{"start":{"line":4,"column":42},"end":{"line":15,"column":1}},"line":4}},"branchMap":{"0":{"loc":{"start":{"line":8,"column":4},"end":{"line":10,"column":5}},"type":"if","locations":[{"start":{"line":8,"column":4},"end":{"line":10,"column":5}},{"start":{},"end":{}}],"line":8}},"s":{"0":6,"1":6,"2":6,"3":0,"4":0,"5":0,"6":0,"7":0,"8":0},"f":{"0":0},"b":{"0":[0,0]},"_coverageSchema":"1a1c01bbd47fc00a2c39e90264f33305004495a9","hash":"95850192eaf1f0ee122069bf4537c0ac153c315c"}
,"D:\\Phincon\\Ortech\\server\\src\\controller\\MerchantsController.js": {"path":"D:\\Phincon\\Ortech\\server\\src\\controller\\MerchantsController.js","statementMap":{"0":{"start":{"line":1,"column":16},"end":{"line":1,"column":44}},"1":{"start":{"line":2,"column":42},"end":{"line":2,"column":71}},"2":{"start":{"line":3,"column":30},"end":{"line":3,"column":59}},"3":{"start":{"line":4,"column":45},"end":{"line":4,"column":79}},"4":{"start":{"line":5,"column":61},"end":{"line":5,"column":95}},"5":{"start":{"line":6,"column":43},"end":{"line":6,"column":77}},"6":{"start":{"line":7,"column":28},"end":{"line":7,"column":65}},"7":{"start":{"line":9,"column":0},"end":{"line":37,"column":2}},"8":{"start":{"line":10,"column":2},"end":{"line":36,"column":3}},"9":{"start":{"line":11,"column":27},"end":{"line":11,"column":62}},"10":{"start":{"line":12,"column":4},"end":{"line":14,"column":5}},"11":{"start":{"line":13,"column":6},"end":{"line":13,"column":66}},"12":{"start":{"line":16,"column":22},"end":{"line":29,"column":6}},"13":{"start":{"line":31,"column":4},"end":{"line":31,"column":49}},"14":{"start":{"line":33,"column":4},"end":{"line":33,"column":59}},"15":{"start":{"line":35,"column":4},"end":{"line":35,"column":75}},"16":{"start":{"line":39,"column":0},"end":{"line":70,"column":2}},"17":{"start":{"line":40,"column":2},"end":{"line":69,"column":3}},"18":{"start":{"line":41,"column":19},"end":{"line":41,"column":29}},"19":{"start":{"line":42,"column":21},"end":{"line":60,"column":6}},"20":{"start":{"line":62,"column":4},"end":{"line":64,"column":5}},"21":{"start":{"line":63,"column":6},"end":{"line":63,"column":72}},"22":{"start":{"line":66,"column":4},"end":{"line":66,"column":58}},"23":{"start":{"line":68,"column":4},"end":{"line":68,"column":75}},"24":{"start":{"line":72,"column":0},"end":{"line":96,"column":2}},"25":{"start":{"line":73,"column":2},"end":{"line":95,"column":3}},"26":{"start":{"line":74,"column":19},"end":{"line":74,"column":29}},"27":{"start":{"line":76,"column":21},"end":{"line":86,"column":6}},"28":{"start":{"line":88,"column":4},"end":{"line":90,"column":5}},"29":{"start":{"line":89,"column":6},"end":{"line":89,"column":64}},"30":{"start":{"line":92,"column":4},"end":{"line":92,"column":58}},"31":{"start":{"line":94,"column":4},"end":{"line":94,"column":75}},"32":{"start":{"line":98,"column":0},"end":{"line":115,"column":2}},"33":{"start":{"line":99,"column":2},"end":{"line":114,"column":3}},"34":{"start":{"line":100,"column":19},"end":{"line":100,"column":29}},"35":{"start":{"line":101,"column":28},"end":{"line":101,"column":36}},"36":{"start":{"line":103,"column":21},"end":{"line":103,"column":49}},"37":{"start":{"line":104,"column":4},"end":{"line":106,"column":5}},"38":{"start":{"line":105,"column":6},"end":{"line":105,"column":64}},"39":{"start":{"line":108,"column":4},"end":{"line":108,"column":36}},"40":{"start":{"line":109,"column":4},"end":{"line":109,"column":38}},"41":{"start":{"line":111,"column":4},"end":{"line":111,"column":83}},"42":{"start":{"line":113,"column":4},"end":{"line":113,"column":75}},"43":{"start":{"line":117,"column":0},"end":{"line":156,"column":2}},"44":{"start":{"line":118,"column":2},"end":{"line":155,"column":3}},"45":{"start":{"line":119,"column":19},"end":{"line":119,"column":29}},"46":{"start":{"line":120,"column":55},"end":{"line":120,"column":63}},"47":{"start":{"line":121,"column":21},"end":{"line":121,"column":49}},"48":{"start":{"line":123,"column":4},"end":{"line":125,"column":5}},"49":{"start":{"line":124,"column":6},"end":{"line":124,"column":59}},"50":{"start":{"line":127,"column":32},"end":{"line":127,"column":62}},"51":{"start":{"line":128,"column":27},"end":{"line":128,"column":54}},"52":{"start":{"line":129,"column":34},"end":{"line":129,"column":68}},"53":{"start":{"line":130,"column":25},"end":{"line":137,"column":5}},"54":{"start":{"line":139,"column":28},"end":{"line":139,"column":89}},"55":{"start":{"line":141,"column":4},"end":{"line":143,"column":5}},"56":{"start":{"line":142,"column":6},"end":{"line":142,"column":68}},"57":{"start":{"line":145,"column":4},"end":{"line":147,"column":5}},"58":{"start":{"line":146,"column":6},"end":{"line":146,"column":71}},"59":{"start":{"line":149,"column":27},"end":{"line":149,"column":64}},"60":{"start":{"line":150,"column":4},"end":{"line":150,"column":56}},"61":{"start":{"line":151,"column":4},"end":{"line":151,"column":38}},"62":{"start":{"line":152,"column":4},"end":{"line":152,"column":73}},"63":{"start":{"line":154,"column":4},"end":{"line":154,"column":75}},"64":{"start":{"line":158,"column":0},"end":{"line":174,"column":2}},"65":{"start":{"line":159,"column":2},"end":{"line":173,"column":3}},"66":{"start":{"line":160,"column":19},"end":{"line":160,"column":29}},"67":{"start":{"line":161,"column":21},"end":{"line":161,"column":49}},"68":{"start":{"line":163,"column":4},"end":{"line":165,"column":5}},"69":{"start":{"line":164,"column":6},"end":{"line":164,"column":59}},"70":{"start":{"line":167,"column":4},"end":{"line":167,"column":44}},"71":{"start":{"line":168,"column":4},"end":{"line":168,"column":38}},"72":{"start":{"line":170,"column":4},"end":{"line":170,"column":55}},"73":{"start":{"line":172,"column":4},"end":{"line":172,"column":75}}},"fnMap":{"0":{"name":"(anonymous_0)","decl":{"start":{"line":9,"column":23},"end":{"line":9,"column":24}},"loc":{"start":{"line":9,"column":41},"end":{"line":37,"column":1}},"line":9},"1":{"name":"(anonymous_1)","decl":{"start":{"line":39,"column":28},"end":{"line":39,"column":29}},"loc":{"start":{"line":39,"column":48},"end":{"line":70,"column":1}},"line":39},"2":{"name":"(anonymous_2)","decl":{"start":{"line":72,"column":29},"end":{"line":72,"column":30}},"loc":{"start":{"line":72,"column":47},"end":{"line":96,"column":1}},"line":72},"3":{"name":"(anonymous_3)","decl":{"start":{"line":98,"column":32},"end":{"line":98,"column":33}},"loc":{"start":{"line":98,"column":52},"end":{"line":115,"column":1}},"line":98},"4":{"name":"(anonymous_4)","decl":{"start":{"line":117,"column":33},"end":{"line":117,"column":34}},"loc":{"start":{"line":117,"column":53},"end":{"line":156,"column":1}},"line":117},"5":{"name":"(anonymous_5)","decl":{"start":{"line":158,"column":25},"end":{"line":158,"column":26}},"loc":{"start":{"line":158,"column":43},"end":{"line":174,"column":1}},"line":158}},"branchMap":{"0":{"loc":{"start":{"line":12,"column":4},"end":{"line":14,"column":5}},"type":"if","locations":[{"start":{"line":12,"column":4},"end":{"line":14,"column":5}},{"start":{},"end":{}}],"line":12},"1":{"loc":{"start":{"line":62,"column":4},"end":{"line":64,"column":5}},"type":"if","locations":[{"start":{"line":62,"column":4},"end":{"line":64,"column":5}},{"start":{},"end":{}}],"line":62},"2":{"loc":{"start":{"line":62,"column":8},"end":{"line":62,"column":36}},"type":"binary-expr","locations":[{"start":{"line":62,"column":8},"end":{"line":62,"column":17}},{"start":{"line":62,"column":21},"end":{"line":62,"column":36}}],"line":62},"3":{"loc":{"start":{"line":88,"column":4},"end":{"line":90,"column":5}},"type":"if","locations":[{"start":{"line":88,"column":4},"end":{"line":90,"column":5}},{"start":{},"end":{}}],"line":88},"4":{"loc":{"start":{"line":104,"column":4},"end":{"line":106,"column":5}},"type":"if","locations":[{"start":{"line":104,"column":4},"end":{"line":106,"column":5}},{"start":{},"end":{}}],"line":104},"5":{"loc":{"start":{"line":123,"column":4},"end":{"line":125,"column":5}},"type":"if","locations":[{"start":{"line":123,"column":4},"end":{"line":125,"column":5}},{"start":{},"end":{}}],"line":123},"6":{"loc":{"start":{"line":141,"column":4},"end":{"line":143,"column":5}},"type":"if","locations":[{"start":{"line":141,"column":4},"end":{"line":143,"column":5}},{"start":{},"end":{}}],"line":141},"7":{"loc":{"start":{"line":145,"column":4},"end":{"line":147,"column":5}},"type":"if","locations":[{"start":{"line":145,"column":4},"end":{"line":147,"column":5}},{"start":{},"end":{}}],"line":145},"8":{"loc":{"start":{"line":163,"column":4},"end":{"line":165,"column":5}},"type":"if","locations":[{"start":{"line":163,"column":4},"end":{"line":165,"column":5}},{"start":{},"end":{}}],"line":163},"9":{"loc":{"start":{"line":163,"column":8},"end":{"line":163,"column":36}},"type":"binary-expr","locations":[{"start":{"line":163,"column":8},"end":{"line":163,"column":17}},{"start":{"line":163,"column":21},"end":{"line":163,"column":36}}],"line":163}},"s":{"0":6,"1":6,"2":6,"3":6,"4":6,"5":6,"6":6,"7":6,"8":1,"9":1,"10":1,"11":0,"12":1,"13":1,"14":1,"15":0,"16":6,"17":2,"18":2,"19":2,"20":2,"21":1,"22":1,"23":0,"24":6,"25":1,"26":1,"27":1,"28":1,"29":0,"30":1,"31":0,"32":6,"33":0,"34":0,"35":0,"36":0,"37":0,"38":0,"39":0,"40":0,"41":0,"42":0,"43":6,"44":1,"45":1,"46":1,"47":1,"48":1,"49":0,"50":1,"51":1,"52":1,"53":1,"54":1,"55":1,"56":0,"57":1,"58":0,"59":1,"60":1,"61":1,"62":1,"63":0,"64":6,"65":0,"66":0,"67":0,"68":0,"69":0,"70":0,"71":0,"72":0,"73":0},"f":{"0":1,"1":2,"2":1,"3":0,"4":1,"5":0},"b":{"0":[0,1],"1":[1,1],"2":[2,1],"3":[0,1],"4":[0,0],"5":[0,1],"6":[0,1],"7":[0,1],"8":[0,0],"9":[0,0]},"_coverageSchema":"1a1c01bbd47fc00a2c39e90264f33305004495a9","hash":"37612a90d96dbd9458dec3b70bea9ba3136fc22b"}
,"D:\\Phincon\\Ortech\\server\\src\\controller\\PaymentController.js": {"path":"D:\\Phincon\\Ortech\\server\\src\\controller\\PaymentController.js","statementMap":{"0":{"start":{"line":1,"column":46},"end":{"line":1,"column":75}},"1":{"start":{"line":2,"column":30},"end":{"line":2,"column":59}},"2":{"start":{"line":3,"column":43},"end":{"line":3,"column":77}},"3":{"start":{"line":4,"column":37},"end":{"line":4,"column":75}},"4":{"start":{"line":6,"column":17},"end":{"line":6,"column":43}},"5":{"start":{"line":7,"column":36},"end":{"line":7,"column":71}},"6":{"start":{"line":8,"column":18},"end":{"line":8,"column":49}},"7":{"start":{"line":10,"column":11},"end":{"line":14,"column":2}},"8":{"start":{"line":16,"column":0},"end":{"line":80,"column":2}},"9":{"start":{"line":17,"column":2},"end":{"line":79,"column":3}},"10":{"start":{"line":18,"column":19},"end":{"line":18,"column":29}},"11":{"start":{"line":19,"column":44},"end":{"line":19,"column":52}},"12":{"start":{"line":21,"column":29},"end":{"line":21,"column":57}},"13":{"start":{"line":22,"column":28},"end":{"line":22,"column":54}},"14":{"start":{"line":24,"column":26},"end":{"line":24,"column":91}},"15":{"start":{"line":26,"column":4},"end":{"line":28,"column":5}},"16":{"start":{"line":27,"column":6},"end":{"line":27,"column":76}},"17":{"start":{"line":30,"column":4},"end":{"line":32,"column":5}},"18":{"start":{"line":31,"column":6},"end":{"line":31,"column":64}},"19":{"start":{"line":35,"column":6},"end":{"line":35,"column":81}},"20":{"start":{"line":36,"column":26},"end":{"line":36,"column":62}},"21":{"start":{"line":38,"column":4},"end":{"line":40,"column":5}},"22":{"start":{"line":39,"column":6},"end":{"line":39,"column":76}},"23":{"start":{"line":42,"column":33},"end":{"line":45,"column":5}},"24":{"start":{"line":47,"column":21},"end":{"line":51,"column":5}},"25":{"start":{"line":53,"column":4},"end":{"line":55,"column":5}},"26":{"start":{"line":54,"column":6},"end":{"line":54,"column":65}},"27":{"start":{"line":57,"column":22},"end":{"line":72,"column":5}},"28":{"start":{"line":74,"column":18},"end":{"line":74,"column":62}},"29":{"start":{"line":76,"column":4},"end":{"line":76,"column":59}},"30":{"start":{"line":78,"column":4},"end":{"line":78,"column":75}},"31":{"start":{"line":82,"column":0},"end":{"line":122,"column":2}},"32":{"start":{"line":83,"column":2},"end":{"line":121,"column":3}},"33":{"start":{"line":84,"column":19},"end":{"line":84,"column":29}},"34":{"start":{"line":85,"column":72},"end":{"line":85,"column":80}},"35":{"start":{"line":86,"column":21},"end":{"line":86,"column":57}},"36":{"start":{"line":88,"column":4},"end":{"line":90,"column":5}},"37":{"start":{"line":89,"column":6},"end":{"line":89,"column":59}},"38":{"start":{"line":92,"column":18},"end":{"line":92,"column":48}},"39":{"start":{"line":93,"column":4},"end":{"line":95,"column":5}},"40":{"start":{"line":94,"column":6},"end":{"line":94,"column":56}},"41":{"start":{"line":97,"column":17},"end":{"line":97,"column":41}},"42":{"start":{"line":98,"column":4},"end":{"line":100,"column":5}},"43":{"start":{"line":99,"column":6},"end":{"line":99,"column":55}},"44":{"start":{"line":102,"column":29},"end":{"line":102,"column":57}},"45":{"start":{"line":103,"column":28},"end":{"line":103,"column":54}},"46":{"start":{"line":105,"column":23},"end":{"line":116,"column":6}},"47":{"start":{"line":118,"column":4},"end":{"line":118,"column":60}},"48":{"start":{"line":120,"column":4},"end":{"line":120,"column":75}},"49":{"start":{"line":124,"column":0},"end":{"line":151,"column":2}},"50":{"start":{"line":125,"column":2},"end":{"line":150,"column":3}},"51":{"start":{"line":126,"column":19},"end":{"line":126,"column":29}},"52":{"start":{"line":127,"column":21},"end":{"line":127,"column":49}},"53":{"start":{"line":129,"column":4},"end":{"line":131,"column":5}},"54":{"start":{"line":130,"column":6},"end":{"line":130,"column":59}},"55":{"start":{"line":133,"column":29},"end":{"line":145,"column":6}},"56":{"start":{"line":147,"column":4},"end":{"line":147,"column":67}},"57":{"start":{"line":149,"column":4},"end":{"line":149,"column":75}},"58":{"start":{"line":153,"column":0},"end":{"line":180,"column":2}},"59":{"start":{"line":154,"column":2},"end":{"line":179,"column":3}},"60":{"start":{"line":155,"column":19},"end":{"line":155,"column":29}},"61":{"start":{"line":156,"column":17},"end":{"line":156,"column":41}},"62":{"start":{"line":158,"column":4},"end":{"line":160,"column":5}},"63":{"start":{"line":159,"column":6},"end":{"line":159,"column":55}},"64":{"start":{"line":162,"column":24},"end":{"line":174,"column":6}},"65":{"start":{"line":176,"column":4},"end":{"line":176,"column":62}},"66":{"start":{"line":178,"column":4},"end":{"line":178,"column":75}},"67":{"start":{"line":182,"column":0},"end":{"line":233,"column":2}},"68":{"start":{"line":183,"column":2},"end":{"line":232,"column":3}},"69":{"start":{"line":184,"column":19},"end":{"line":184,"column":29}},"70":{"start":{"line":185,"column":30},"end":{"line":185,"column":40}},"71":{"start":{"line":186,"column":21},"end":{"line":186,"column":49}},"72":{"start":{"line":187,"column":4},"end":{"line":189,"column":5}},"73":{"start":{"line":188,"column":6},"end":{"line":188,"column":59}},"74":{"start":{"line":191,"column":20},"end":{"line":224,"column":6}},"75":{"start":{"line":225,"column":4},"end":{"line":227,"column":5}},"76":{"start":{"line":226,"column":6},"end":{"line":226,"column":58}},"77":{"start":{"line":229,"column":4},"end":{"line":229,"column":57}},"78":{"start":{"line":231,"column":4},"end":{"line":231,"column":75}},"79":{"start":{"line":235,"column":0},"end":{"line":287,"column":2}},"80":{"start":{"line":236,"column":2},"end":{"line":286,"column":3}},"81":{"start":{"line":237,"column":19},"end":{"line":237,"column":29}},"82":{"start":{"line":238,"column":30},"end":{"line":238,"column":40}},"83":{"start":{"line":239,"column":17},"end":{"line":239,"column":41}},"84":{"start":{"line":241,"column":4},"end":{"line":243,"column":5}},"85":{"start":{"line":242,"column":6},"end":{"line":242,"column":55}},"86":{"start":{"line":245,"column":20},"end":{"line":278,"column":6}},"87":{"start":{"line":279,"column":4},"end":{"line":281,"column":5}},"88":{"start":{"line":280,"column":6},"end":{"line":280,"column":58}},"89":{"start":{"line":283,"column":4},"end":{"line":283,"column":57}},"90":{"start":{"line":285,"column":4},"end":{"line":285,"column":75}},"91":{"start":{"line":289,"column":0},"end":{"line":322,"column":2}},"92":{"start":{"line":290,"column":2},"end":{"line":321,"column":3}},"93":{"start":{"line":291,"column":19},"end":{"line":291,"column":29}},"94":{"start":{"line":292,"column":24},"end":{"line":292,"column":32}},"95":{"start":{"line":293,"column":17},"end":{"line":297,"column":6}},"96":{"start":{"line":299,"column":4},"end":{"line":301,"column":5}},"97":{"start":{"line":300,"column":6},"end":{"line":300,"column":55}},"98":{"start":{"line":303,"column":20},"end":{"line":303,"column":65}},"99":{"start":{"line":305,"column":4},"end":{"line":307,"column":5}},"100":{"start":{"line":306,"column":6},"end":{"line":306,"column":58}},"101":{"start":{"line":309,"column":17},"end":{"line":314,"column":5}},"102":{"start":{"line":316,"column":4},"end":{"line":316,"column":20}},"103":{"start":{"line":318,"column":4},"end":{"line":318,"column":59}},"104":{"start":{"line":320,"column":4},"end":{"line":320,"column":75}}},"fnMap":{"0":{"name":"(anonymous_0)","decl":{"start":{"line":16,"column":29},"end":{"line":16,"column":30}},"loc":{"start":{"line":16,"column":49},"end":{"line":80,"column":1}},"line":16},"1":{"name":"(anonymous_1)","decl":{"start":{"line":82,"column":24},"end":{"line":82,"column":25}},"loc":{"start":{"line":82,"column":44},"end":{"line":122,"column":1}},"line":82},"2":{"name":"(anonymous_2)","decl":{"start":{"line":124,"column":32},"end":{"line":124,"column":33}},"loc":{"start":{"line":124,"column":50},"end":{"line":151,"column":1}},"line":124},"3":{"name":"(anonymous_3)","decl":{"start":{"line":153,"column":28},"end":{"line":153,"column":29}},"loc":{"start":{"line":153,"column":48},"end":{"line":180,"column":1}},"line":153},"4":{"name":"(anonymous_4)","decl":{"start":{"line":182,"column":35},"end":{"line":182,"column":36}},"loc":{"start":{"line":182,"column":55},"end":{"line":233,"column":1}},"line":182},"5":{"name":"(anonymous_5)","decl":{"start":{"line":235,"column":31},"end":{"line":235,"column":32}},"loc":{"start":{"line":235,"column":51},"end":{"line":287,"column":1}},"line":235},"6":{"name":"(anonymous_6)","decl":{"start":{"line":289,"column":32},"end":{"line":289,"column":33}},"loc":{"start":{"line":289,"column":52},"end":{"line":322,"column":1}},"line":289}},"branchMap":{"0":{"loc":{"start":{"line":26,"column":4},"end":{"line":28,"column":5}},"type":"if","locations":[{"start":{"line":26,"column":4},"end":{"line":28,"column":5}},{"start":{},"end":{}}],"line":26},"1":{"loc":{"start":{"line":26,"column":8},"end":{"line":26,"column":45}},"type":"binary-expr","locations":[{"start":{"line":26,"column":8},"end":{"line":26,"column":25}},{"start":{"line":26,"column":29},"end":{"line":26,"column":45}}],"line":26},"2":{"loc":{"start":{"line":30,"column":4},"end":{"line":32,"column":5}},"type":"if","locations":[{"start":{"line":30,"column":4},"end":{"line":32,"column":5}},{"start":{},"end":{}}],"line":30},"3":{"loc":{"start":{"line":30,"column":8},"end":{"line":30,"column":23}},"type":"binary-expr","locations":[{"start":{"line":30,"column":8},"end":{"line":30,"column":13}},{"start":{"line":30,"column":17},"end":{"line":30,"column":23}}],"line":30},"4":{"loc":{"start":{"line":38,"column":4},"end":{"line":40,"column":5}},"type":"if","locations":[{"start":{"line":38,"column":4},"end":{"line":40,"column":5}},{"start":{},"end":{}}],"line":38},"5":{"loc":{"start":{"line":53,"column":4},"end":{"line":55,"column":5}},"type":"if","locations":[{"start":{"line":53,"column":4},"end":{"line":55,"column":5}},{"start":{},"end":{}}],"line":53},"6":{"loc":{"start":{"line":88,"column":4},"end":{"line":90,"column":5}},"type":"if","locations":[{"start":{"line":88,"column":4},"end":{"line":90,"column":5}},{"start":{},"end":{}}],"line":88},"7":{"loc":{"start":{"line":93,"column":4},"end":{"line":95,"column":5}},"type":"if","locations":[{"start":{"line":93,"column":4},"end":{"line":95,"column":5}},{"start":{},"end":{}}],"line":93},"8":{"loc":{"start":{"line":98,"column":4},"end":{"line":100,"column":5}},"type":"if","locations":[{"start":{"line":98,"column":4},"end":{"line":100,"column":5}},{"start":{},"end":{}}],"line":98},"9":{"loc":{"start":{"line":129,"column":4},"end":{"line":131,"column":5}},"type":"if","locations":[{"start":{"line":129,"column":4},"end":{"line":131,"column":5}},{"start":{},"end":{}}],"line":129},"10":{"loc":{"start":{"line":129,"column":8},"end":{"line":129,"column":36}},"type":"binary-expr","locations":[{"start":{"line":129,"column":8},"end":{"line":129,"column":17}},{"start":{"line":129,"column":21},"end":{"line":129,"column":36}}],"line":129},"11":{"loc":{"start":{"line":158,"column":4},"end":{"line":160,"column":5}},"type":"if","locations":[{"start":{"line":158,"column":4},"end":{"line":160,"column":5}},{"start":{},"end":{}}],"line":158},"12":{"loc":{"start":{"line":187,"column":4},"end":{"line":189,"column":5}},"type":"if","locations":[{"start":{"line":187,"column":4},"end":{"line":189,"column":5}},{"start":{},"end":{}}],"line":187},"13":{"loc":{"start":{"line":225,"column":4},"end":{"line":227,"column":5}},"type":"if","locations":[{"start":{"line":225,"column":4},"end":{"line":227,"column":5}},{"start":{},"end":{}}],"line":225},"14":{"loc":{"start":{"line":241,"column":4},"end":{"line":243,"column":5}},"type":"if","locations":[{"start":{"line":241,"column":4},"end":{"line":243,"column":5}},{"start":{},"end":{}}],"line":241},"15":{"loc":{"start":{"line":279,"column":4},"end":{"line":281,"column":5}},"type":"if","locations":[{"start":{"line":279,"column":4},"end":{"line":281,"column":5}},{"start":{},"end":{}}],"line":279},"16":{"loc":{"start":{"line":299,"column":4},"end":{"line":301,"column":5}},"type":"if","locations":[{"start":{"line":299,"column":4},"end":{"line":301,"column":5}},{"start":{},"end":{}}],"line":299},"17":{"loc":{"start":{"line":305,"column":4},"end":{"line":307,"column":5}},"type":"if","locations":[{"start":{"line":305,"column":4},"end":{"line":307,"column":5}},{"start":{},"end":{}}],"line":305}},"s":{"0":6,"1":6,"2":6,"3":6,"4":6,"5":6,"6":6,"7":6,"8":6,"9":2,"10":2,"11":2,"12":2,"13":2,"14":2,"15":2,"16":0,"17":2,"18":0,"19":2,"20":2,"21":2,"22":0,"23":2,"24":2,"25":2,"26":1,"27":1,"28":1,"29":1,"30":0,"31":6,"32":1,"33":1,"34":1,"35":1,"36":1,"37":0,"38":1,"39":1,"40":0,"41":1,"42":1,"43":0,"44":1,"45":1,"46":1,"47":1,"48":0,"49":6,"50":0,"51":0,"52":0,"53":0,"54":0,"55":0,"56":0,"57":0,"58":6,"59":0,"60":0,"61":0,"62":0,"63":0,"64":0,"65":0,"66":0,"67":6,"68":0,"69":0,"70":0,"71":0,"72":0,"73":0,"74":0,"75":0,"76":0,"77":0,"78":0,"79":6,"80":0,"81":0,"82":0,"83":0,"84":0,"85":0,"86":0,"87":0,"88":0,"89":0,"90":0,"91":6,"92":0,"93":0,"94":0,"95":0,"96":0,"97":0,"98":0,"99":0,"100":0,"101":0,"102":0,"103":0,"104":0},"f":{"0":2,"1":1,"2":0,"3":0,"4":0,"5":0,"6":0},"b":{"0":[0,2],"1":[2,0],"2":[0,2],"3":[2,2],"4":[0,2],"5":[1,1],"6":[0,1],"7":[0,1],"8":[0,1],"9":[0,0],"10":[0,0],"11":[0,0],"12":[0,0],"13":[0,0],"14":[0,0],"15":[0,0],"16":[0,0],"17":[0,0]},"_coverageSchema":"1a1c01bbd47fc00a2c39e90264f33305004495a9","hash":"92b80d9b2f9ff8340c31eb51bda50de00f30dc33"}
,"D:\\Phincon\\Ortech\\server\\src\\controller\\UserController.js": {"path":"D:\\Phincon\\Ortech\\server\\src\\controller\\UserController.js","statementMap":{"0":{"start":{"line":1,"column":18},"end":{"line":1,"column":47}},"1":{"start":{"line":2,"column":45},"end":{"line":2,"column":79}},"2":{"start":{"line":3,"column":43},"end":{"line":3,"column":77}},"3":{"start":{"line":4,"column":28},"end":{"line":4,"column":65}},"4":{"start":{"line":5,"column":16},"end":{"line":5,"column":44}},"5":{"start":{"line":6,"column":30},"end":{"line":6,"column":59}},"6":{"start":{"line":8,"column":0},"end":{"line":25,"column":2}},"7":{"start":{"line":9,"column":2},"end":{"line":24,"column":3}},"8":{"start":{"line":10,"column":19},"end":{"line":10,"column":29}},"9":{"start":{"line":11,"column":17},"end":{"line":15,"column":6}},"10":{"start":{"line":17,"column":4},"end":{"line":19,"column":5}},"11":{"start":{"line":18,"column":6},"end":{"line":18,"column":55}},"12":{"start":{"line":21,"column":4},"end":{"line":21,"column":54}},"13":{"start":{"line":23,"column":4},"end":{"line":23,"column":75}},"14":{"start":{"line":27,"column":0},"end":{"line":58,"column":2}},"15":{"start":{"line":28,"column":2},"end":{"line":57,"column":3}},"16":{"start":{"line":29,"column":19},"end":{"line":29,"column":29}},"17":{"start":{"line":30,"column":59},"end":{"line":30,"column":67}},"18":{"start":{"line":32,"column":18},"end":{"line":32,"column":30}},"19":{"start":{"line":33,"column":17},"end":{"line":37,"column":6}},"20":{"start":{"line":39,"column":4},"end":{"line":41,"column":5}},"21":{"start":{"line":40,"column":6},"end":{"line":40,"column":55}},"22":{"start":{"line":43,"column":25},"end":{"line":46,"column":5}},"23":{"start":{"line":48,"column":4},"end":{"line":50,"column":5}},"24":{"start":{"line":49,"column":6},"end":{"line":49,"column":71}},"25":{"start":{"line":52,"column":4},"end":{"line":52,"column":77}},"26":{"start":{"line":54,"column":4},"end":{"line":54,"column":66}},"27":{"start":{"line":56,"column":4},"end":{"line":56,"column":75}},"28":{"start":{"line":60,"column":0},"end":{"line":100,"column":2}},"29":{"start":{"line":61,"column":2},"end":{"line":99,"column":3}},"30":{"start":{"line":62,"column":19},"end":{"line":62,"column":29}},"31":{"start":{"line":64,"column":55},"end":{"line":64,"column":63}},"32":{"start":{"line":66,"column":32},"end":{"line":66,"column":62}},"33":{"start":{"line":67,"column":29},"end":{"line":67,"column":56}},"34":{"start":{"line":68,"column":36},"end":{"line":68,"column":70}},"35":{"start":{"line":69,"column":17},"end":{"line":69,"column":41}},"36":{"start":{"line":70,"column":4},"end":{"line":72,"column":5}},"37":{"start":{"line":71,"column":6},"end":{"line":71,"column":55}},"38":{"start":{"line":74,"column":25},"end":{"line":81,"column":5}},"39":{"start":{"line":83,"column":4},"end":{"line":85,"column":5}},"40":{"start":{"line":84,"column":6},"end":{"line":84,"column":71}},"41":{"start":{"line":87,"column":28},"end":{"line":87,"column":85}},"42":{"start":{"line":89,"column":4},"end":{"line":91,"column":5}},"43":{"start":{"line":90,"column":6},"end":{"line":90,"column":68}},"44":{"start":{"line":93,"column":27},"end":{"line":93,"column":66}},"45":{"start":{"line":95,"column":4},"end":{"line":95,"column":52}},"46":{"start":{"line":96,"column":4},"end":{"line":96,"column":69}},"47":{"start":{"line":98,"column":4},"end":{"line":98,"column":75}}},"fnMap":{"0":{"name":"(anonymous_0)","decl":{"start":{"line":8,"column":21},"end":{"line":8,"column":22}},"loc":{"start":{"line":8,"column":39},"end":{"line":25,"column":1}},"line":8},"1":{"name":"(anonymous_1)","decl":{"start":{"line":27,"column":28},"end":{"line":27,"column":29}},"loc":{"start":{"line":27,"column":48},"end":{"line":58,"column":1}},"line":27},"2":{"name":"(anonymous_2)","decl":{"start":{"line":60,"column":29},"end":{"line":60,"column":30}},"loc":{"start":{"line":60,"column":49},"end":{"line":100,"column":1}},"line":60}},"branchMap":{"0":{"loc":{"start":{"line":17,"column":4},"end":{"line":19,"column":5}},"type":"if","locations":[{"start":{"line":17,"column":4},"end":{"line":19,"column":5}},{"start":{},"end":{}}],"line":17},"1":{"loc":{"start":{"line":39,"column":4},"end":{"line":41,"column":5}},"type":"if","locations":[{"start":{"line":39,"column":4},"end":{"line":41,"column":5}},{"start":{},"end":{}}],"line":39},"2":{"loc":{"start":{"line":48,"column":4},"end":{"line":50,"column":5}},"type":"if","locations":[{"start":{"line":48,"column":4},"end":{"line":50,"column":5}},{"start":{},"end":{}}],"line":48},"3":{"loc":{"start":{"line":70,"column":4},"end":{"line":72,"column":5}},"type":"if","locations":[{"start":{"line":70,"column":4},"end":{"line":72,"column":5}},{"start":{},"end":{}}],"line":70},"4":{"loc":{"start":{"line":83,"column":4},"end":{"line":85,"column":5}},"type":"if","locations":[{"start":{"line":83,"column":4},"end":{"line":85,"column":5}},{"start":{},"end":{}}],"line":83},"5":{"loc":{"start":{"line":89,"column":4},"end":{"line":91,"column":5}},"type":"if","locations":[{"start":{"line":89,"column":4},"end":{"line":91,"column":5}},{"start":{},"end":{}}],"line":89}},"s":{"0":6,"1":6,"2":6,"3":6,"4":6,"5":6,"6":6,"7":1,"8":1,"9":1,"10":1,"11":0,"12":1,"13":0,"14":6,"15":0,"16":0,"17":0,"18":0,"19":0,"20":0,"21":0,"22":0,"23":0,"24":0,"25":0,"26":0,"27":0,"28":6,"29":1,"30":1,"31":1,"32":1,"33":1,"34":1,"35":1,"36":1,"37":0,"38":1,"39":1,"40":0,"41":1,"42":1,"43":0,"44":1,"45":1,"46":1,"47":0},"f":{"0":1,"1":0,"2":1},"b":{"0":[0,1],"1":[0,0],"2":[0,0],"3":[0,1],"4":[0,1],"5":[0,1]},"_coverageSchema":"1a1c01bbd47fc00a2c39e90264f33305004495a9","hash":"8fd36d10e359f0148878a28822b21da5c25b1dd5"}
,"D:\\Phincon\\Ortech\\server\\src\\controller\\VenueController.js": {"path":"D:\\Phincon\\Ortech\\server\\src\\controller\\VenueController.js","statementMap":{"0":{"start":{"line":1,"column":16},"end":{"line":1,"column":44}},"1":{"start":{"line":2,"column":39},"end":{"line":2,"column":68}},"2":{"start":{"line":3,"column":43},"end":{"line":3,"column":77}},"3":{"start":{"line":4,"column":35},"end":{"line":4,"column":73}},"4":{"start":{"line":5,"column":15},"end":{"line":5,"column":32}},"5":{"start":{"line":6,"column":28},"end":{"line":6,"column":65}},"6":{"start":{"line":7,"column":26},"end":{"line":7,"column":65}},"7":{"start":{"line":9,"column":0},"end":{"line":23,"column":2}},"8":{"start":{"line":10,"column":2},"end":{"line":22,"column":3}},"9":{"start":{"line":11,"column":19},"end":{"line":11,"column":29}},"10":{"start":{"line":13,"column":18},"end":{"line":13,"column":84}},"11":{"start":{"line":15,"column":4},"end":{"line":17,"column":5}},"12":{"start":{"line":16,"column":6},"end":{"line":16,"column":68}},"13":{"start":{"line":19,"column":4},"end":{"line":19,"column":55}},"14":{"start":{"line":21,"column":4},"end":{"line":21,"column":75}},"15":{"start":{"line":25,"column":0},"end":{"line":77,"column":2}},"16":{"start":{"line":26,"column":2},"end":{"line":76,"column":3}},"17":{"start":{"line":27,"column":19},"end":{"line":27,"column":29}},"18":{"start":{"line":28,"column":18},"end":{"line":43,"column":6}},"19":{"start":{"line":45,"column":4},"end":{"line":47,"column":5}},"20":{"start":{"line":46,"column":6},"end":{"line":46,"column":75}},"21":{"start":{"line":49,"column":33},"end":{"line":52,"column":5}},"22":{"start":{"line":54,"column":22},"end":{"line":54,"column":32}},"23":{"start":{"line":55,"column":25},"end":{"line":55,"column":26}},"24":{"start":{"line":57,"column":29},"end":{"line":57,"column":98}},"25":{"start":{"line":58,"column":23},"end":{"line":58,"column":25}},"26":{"start":{"line":60,"column":25},"end":{"line":64,"column":5}},"27":{"start":{"line":66,"column":4},"end":{"line":71,"column":7}},"28":{"start":{"line":67,"column":29},"end":{"line":67,"column":44}},"29":{"start":{"line":68,"column":19},"end":{"line":68,"column":53}},"30":{"start":{"line":69,"column":20},"end":{"line":69,"column":59}},"31":{"start":{"line":70,"column":6},"end":{"line":70,"column":31}},"32":{"start":{"line":73,"column":4},"end":{"line":73,"column":62}},"33":{"start":{"line":75,"column":4},"end":{"line":75,"column":75}},"34":{"start":{"line":79,"column":0},"end":{"line":123,"column":2}},"35":{"start":{"line":80,"column":2},"end":{"line":122,"column":3}},"36":{"start":{"line":81,"column":19},"end":{"line":81,"column":29}},"37":{"start":{"line":82,"column":18},"end":{"line":82,"column":30}},"38":{"start":{"line":83,"column":48},"end":{"line":83,"column":56}},"39":{"start":{"line":85,"column":25},"end":{"line":85,"column":66}},"40":{"start":{"line":86,"column":21},"end":{"line":86,"column":49}},"41":{"start":{"line":88,"column":4},"end":{"line":90,"column":5}},"42":{"start":{"line":89,"column":6},"end":{"line":89,"column":50}},"43":{"start":{"line":91,"column":4},"end":{"line":93,"column":5}},"44":{"start":{"line":92,"column":6},"end":{"line":92,"column":65}},"45":{"start":{"line":95,"column":22},"end":{"line":95,"column":48}},"46":{"start":{"line":96,"column":20},"end":{"line":96,"column":44}},"47":{"start":{"line":98,"column":28},"end":{"line":98,"column":45}},"48":{"start":{"line":99,"column":26},"end":{"line":99,"column":41}},"49":{"start":{"line":101,"column":24},"end":{"line":101,"column":46}},"50":{"start":{"line":103,"column":21},"end":{"line":111,"column":5}},"51":{"start":{"line":112,"column":25},"end":{"line":112,"column":76}},"52":{"start":{"line":114,"column":4},"end":{"line":116,"column":5}},"53":{"start":{"line":115,"column":6},"end":{"line":115,"column":71}},"54":{"start":{"line":118,"column":4},"end":{"line":118,"column":34}},"55":{"start":{"line":119,"column":4},"end":{"line":119,"column":70}},"56":{"start":{"line":121,"column":4},"end":{"line":121,"column":75}},"57":{"start":{"line":125,"column":0},"end":{"line":164,"column":2}},"58":{"start":{"line":126,"column":2},"end":{"line":163,"column":3}},"59":{"start":{"line":127,"column":19},"end":{"line":127,"column":29}},"60":{"start":{"line":128,"column":61},"end":{"line":128,"column":69}},"61":{"start":{"line":129,"column":18},"end":{"line":129,"column":30}},"62":{"start":{"line":131,"column":18},"end":{"line":131,"column":48}},"63":{"start":{"line":132,"column":21},"end":{"line":132,"column":49}},"64":{"start":{"line":134,"column":22},"end":{"line":134,"column":48}},"65":{"start":{"line":135,"column":20},"end":{"line":135,"column":44}},"66":{"start":{"line":137,"column":28},"end":{"line":137,"column":45}},"67":{"start":{"line":138,"column":26},"end":{"line":138,"column":41}},"68":{"start":{"line":140,"column":4},"end":{"line":142,"column":5}},"69":{"start":{"line":141,"column":6},"end":{"line":141,"column":68}},"70":{"start":{"line":144,"column":21},"end":{"line":151,"column":5}},"71":{"start":{"line":153,"column":26},"end":{"line":153,"column":77}},"72":{"start":{"line":154,"column":4},"end":{"line":156,"column":5}},"73":{"start":{"line":155,"column":6},"end":{"line":155,"column":72}},"74":{"start":{"line":158,"column":4},"end":{"line":158,"column":33}},"75":{"start":{"line":160,"column":4},"end":{"line":160,"column":66}},"76":{"start":{"line":162,"column":4},"end":{"line":162,"column":75}},"77":{"start":{"line":166,"column":0},"end":{"line":187,"column":2}},"78":{"start":{"line":167,"column":2},"end":{"line":186,"column":3}},"79":{"start":{"line":168,"column":31},"end":{"line":168,"column":41}},"80":{"start":{"line":169,"column":19},"end":{"line":169,"column":29}},"81":{"start":{"line":171,"column":18},"end":{"line":171,"column":43}},"82":{"start":{"line":172,"column":21},"end":{"line":172,"column":57}},"83":{"start":{"line":174,"column":4},"end":{"line":176,"column":5}},"84":{"start":{"line":175,"column":6},"end":{"line":175,"column":56}},"85":{"start":{"line":178,"column":4},"end":{"line":180,"column":5}},"86":{"start":{"line":179,"column":6},"end":{"line":179,"column":59}},"87":{"start":{"line":182,"column":4},"end":{"line":182,"column":41}},"88":{"start":{"line":183,"column":4},"end":{"line":183,"column":55}},"89":{"start":{"line":185,"column":4},"end":{"line":185,"column":75}}},"fnMap":{"0":{"name":"(anonymous_0)","decl":{"start":{"line":9,"column":35},"end":{"line":9,"column":36}},"loc":{"start":{"line":9,"column":53},"end":{"line":23,"column":1}},"line":9},"1":{"name":"(anonymous_1)","decl":{"start":{"line":25,"column":35},"end":{"line":25,"column":36}},"loc":{"start":{"line":25,"column":55},"end":{"line":77,"column":1}},"line":25},"2":{"name":"(anonymous_2)","decl":{"start":{"line":66,"column":25},"end":{"line":66,"column":26}},"loc":{"start":{"line":66,"column":46},"end":{"line":71,"column":5}},"line":66},"3":{"name":"(anonymous_3)","decl":{"start":{"line":79,"column":22},"end":{"line":79,"column":23}},"loc":{"start":{"line":79,"column":42},"end":{"line":123,"column":1}},"line":79},"4":{"name":"(anonymous_4)","decl":{"start":{"line":125,"column":22},"end":{"line":125,"column":23}},"loc":{"start":{"line":125,"column":42},"end":{"line":164,"column":1}},"line":125},"5":{"name":"(anonymous_5)","decl":{"start":{"line":166,"column":22},"end":{"line":166,"column":23}},"loc":{"start":{"line":166,"column":42},"end":{"line":187,"column":1}},"line":166}},"branchMap":{"0":{"loc":{"start":{"line":15,"column":4},"end":{"line":17,"column":5}},"type":"if","locations":[{"start":{"line":15,"column":4},"end":{"line":17,"column":5}},{"start":{},"end":{}}],"line":15},"1":{"loc":{"start":{"line":45,"column":4},"end":{"line":47,"column":5}},"type":"if","locations":[{"start":{"line":45,"column":4},"end":{"line":47,"column":5}},{"start":{},"end":{}}],"line":45},"2":{"loc":{"start":{"line":45,"column":8},"end":{"line":45,"column":30}},"type":"binary-expr","locations":[{"start":{"line":45,"column":8},"end":{"line":45,"column":14}},{"start":{"line":45,"column":18},"end":{"line":45,"column":30}}],"line":45},"3":{"loc":{"start":{"line":88,"column":4},"end":{"line":90,"column":5}},"type":"if","locations":[{"start":{"line":88,"column":4},"end":{"line":90,"column":5}},{"start":{},"end":{}}],"line":88},"4":{"loc":{"start":{"line":91,"column":4},"end":{"line":93,"column":5}},"type":"if","locations":[{"start":{"line":91,"column":4},"end":{"line":93,"column":5}},{"start":{},"end":{}}],"line":91},"5":{"loc":{"start":{"line":114,"column":4},"end":{"line":116,"column":5}},"type":"if","locations":[{"start":{"line":114,"column":4},"end":{"line":116,"column":5}},{"start":{},"end":{}}],"line":114},"6":{"loc":{"start":{"line":140,"column":4},"end":{"line":142,"column":5}},"type":"if","locations":[{"start":{"line":140,"column":4},"end":{"line":142,"column":5}},{"start":{},"end":{}}],"line":140},"7":{"loc":{"start":{"line":140,"column":8},"end":{"line":140,"column":27}},"type":"binary-expr","locations":[{"start":{"line":140,"column":8},"end":{"line":140,"column":14}},{"start":{"line":140,"column":18},"end":{"line":140,"column":27}}],"line":140},"8":{"loc":{"start":{"line":154,"column":4},"end":{"line":156,"column":5}},"type":"if","locations":[{"start":{"line":154,"column":4},"end":{"line":156,"column":5}},{"start":{},"end":{}}],"line":154},"9":{"loc":{"start":{"line":174,"column":4},"end":{"line":176,"column":5}},"type":"if","locations":[{"start":{"line":174,"column":4},"end":{"line":176,"column":5}},{"start":{},"end":{}}],"line":174},"10":{"loc":{"start":{"line":174,"column":8},"end":{"line":174,"column":30}},"type":"binary-expr","locations":[{"start":{"line":174,"column":8},"end":{"line":174,"column":14}},{"start":{"line":174,"column":18},"end":{"line":174,"column":30}}],"line":174},"11":{"loc":{"start":{"line":178,"column":4},"end":{"line":180,"column":5}},"type":"if","locations":[{"start":{"line":178,"column":4},"end":{"line":180,"column":5}},{"start":{},"end":{}}],"line":178},"12":{"loc":{"start":{"line":178,"column":8},"end":{"line":178,"column":36}},"type":"binary-expr","locations":[{"start":{"line":178,"column":8},"end":{"line":178,"column":17}},{"start":{"line":178,"column":21},"end":{"line":178,"column":36}}],"line":178}},"s":{"0":6,"1":6,"2":6,"3":6,"4":6,"5":6,"6":6,"7":6,"8":1,"9":1,"10":1,"11":1,"12":0,"13":1,"14":0,"15":6,"16":2,"17":2,"18":2,"19":2,"20":1,"21":1,"22":1,"23":1,"24":1,"25":1,"26":1,"27":1,"28":5,"29":5,"30":5,"31":5,"32":1,"33":0,"34":6,"35":0,"36":0,"37":0,"38":0,"39":0,"40":0,"41":0,"42":0,"43":0,"44":0,"45":0,"46":0,"47":0,"48":0,"49":0,"50":0,"51":0,"52":0,"53":0,"54":0,"55":0,"56":0,"57":6,"58":0,"59":0,"60":0,"61":0,"62":0,"63":0,"64":0,"65":0,"66":0,"67":0,"68":0,"69":0,"70":0,"71":0,"72":0,"73":0,"74":0,"75":0,"76":0,"77":6,"78":0,"79":0,"80":0,"81":0,"82":0,"83":0,"84":0,"85":0,"86":0,"87":0,"88":0,"89":0},"f":{"0":1,"1":2,"2":5,"3":0,"4":0,"5":0},"b":{"0":[0,1],"1":[1,1],"2":[2,1],"3":[0,0],"4":[0,0],"5":[0,0],"6":[0,0],"7":[0,0],"8":[0,0],"9":[0,0],"10":[0,0],"11":[0,0],"12":[0,0]},"_coverageSchema":"1a1c01bbd47fc00a2c39e90264f33305004495a9","hash":"f8793d599b77628c1fab3c74984d9f3503b3c6b1"}
,"D:\\Phincon\\Ortech\\server\\src\\database\\models\\categories.js": {"path":"D:\\Phincon\\Ortech\\server\\src\\database\\models\\categories.js","statementMap":{"0":{"start":{"line":2,"column":18},"end":{"line":2,"column":38}},"1":{"start":{"line":3,"column":0},"end":{"line":30,"column":2}},"2":{"start":{"line":13,"column":6},"end":{"line":17,"column":9}},"3":{"start":{"line":20,"column":2},"end":{"line":28,"column":4}},"4":{"start":{"line":29,"column":2},"end":{"line":29,"column":20}}},"fnMap":{"0":{"name":"(anonymous_0)","decl":{"start":{"line":3,"column":17},"end":{"line":3,"column":18}},"loc":{"start":{"line":3,"column":43},"end":{"line":30,"column":1}},"line":3},"1":{"name":"(anonymous_1)","decl":{"start":{"line":10,"column":4},"end":{"line":10,"column":5}},"loc":{"start":{"line":10,"column":29},"end":{"line":18,"column":5}},"line":10}},"branchMap":{},"s":{"0":6,"1":6,"2":6,"3":6,"4":6},"f":{"0":6,"1":6},"b":{},"_coverageSchema":"1a1c01bbd47fc00a2c39e90264f33305004495a9","hash":"483a13b20618f2654cec3840bc4d5c4de3d7331f"}
,"D:\\Phincon\\Ortech\\server\\src\\database\\models\\index.js": {"path":"D:\\Phincon\\Ortech\\server\\src\\database\\models\\index.js","statementMap":{"0":{"start":{"line":3,"column":11},"end":{"line":3,"column":24}},"1":{"start":{"line":4,"column":13},"end":{"line":4,"column":28}},"2":{"start":{"line":5,"column":18},"end":{"line":5,"column":38}},"3":{"start":{"line":6,"column":16},"end":{"line":6,"column":34}},"4":{"start":{"line":7,"column":17},"end":{"line":7,"column":42}},"5":{"start":{"line":8,"column":12},"end":{"line":8,"column":49}},"6":{"start":{"line":9,"column":15},"end":{"line":9,"column":68}},"7":{"start":{"line":10,"column":11},"end":{"line":10,"column":13}},"8":{"start":{"line":13,"column":0},"end":{"line":17,"column":1}},"9":{"start":{"line":14,"column":2},"end":{"line":14,"column":74}},"10":{"start":{"line":16,"column":2},"end":{"line":16,"column":87}},"11":{"start":{"line":19,"column":0},"end":{"line":32,"column":5}},"12":{"start":{"line":22,"column":4},"end":{"line":27,"column":6}},"13":{"start":{"line":30,"column":18},"end":{"line":30,"column":85}},"14":{"start":{"line":31,"column":4},"end":{"line":31,"column":27}},"15":{"start":{"line":34,"column":0},"end":{"line":38,"column":3}},"16":{"start":{"line":35,"column":2},"end":{"line":37,"column":3}},"17":{"start":{"line":36,"column":4},"end":{"line":36,"column":32}},"18":{"start":{"line":40,"column":0},"end":{"line":40,"column":25}},"19":{"start":{"line":41,"column":0},"end":{"line":41,"column":25}},"20":{"start":{"line":43,"column":0},"end":{"line":43,"column":20}}},"fnMap":{"0":{"name":"(anonymous_0)","decl":{"start":{"line":21,"column":10},"end":{"line":21,"column":11}},"loc":{"start":{"line":21,"column":18},"end":{"line":28,"column":3}},"line":21},"1":{"name":"(anonymous_1)","decl":{"start":{"line":29,"column":11},"end":{"line":29,"column":12}},"loc":{"start":{"line":29,"column":19},"end":{"line":32,"column":3}},"line":29},"2":{"name":"(anonymous_2)","decl":{"start":{"line":34,"column":24},"end":{"line":34,"column":25}},"loc":{"start":{"line":34,"column":37},"end":{"line":38,"column":1}},"line":34}},"branchMap":{"0":{"loc":{"start":{"line":8,"column":12},"end":{"line":8,"column":49}},"type":"binary-expr","locations":[{"start":{"line":8,"column":12},"end":{"line":8,"column":32}},{"start":{"line":8,"column":36},"end":{"line":8,"column":49}}],"line":8},"1":{"loc":{"start":{"line":13,"column":0},"end":{"line":17,"column":1}},"type":"if","locations":[{"start":{"line":13,"column":0},"end":{"line":17,"column":1}},{"start":{"line":15,"column":7},"end":{"line":17,"column":1}}],"line":13},"2":{"loc":{"start":{"line":23,"column":6},"end":{"line":26,"column":37}},"type":"binary-expr","locations":[{"start":{"line":23,"column":6},"end":{"line":23,"column":29}},{"start":{"line":24,"column":6},"end":{"line":24,"column":23}},{"start":{"line":25,"column":6},"end":{"line":25,"column":30}},{"start":{"line":26,"column":6},"end":{"line":26,"column":37}}],"line":23},"3":{"loc":{"start":{"line":35,"column":2},"end":{"line":37,"column":3}},"type":"if","locations":[{"start":{"line":35,"column":2},"end":{"line":37,"column":3}},{"start":{},"end":{}}],"line":35}},"s":{"0":6,"1":6,"2":6,"3":6,"4":6,"5":6,"6":6,"7":6,"8":6,"9":0,"10":6,"11":6,"12":42,"13":36,"14":36,"15":6,"16":36,"17":36,"18":6,"19":6,"20":6},"f":{"0":42,"1":36,"2":36},"b":{"0":[6,0],"1":[0,6],"2":[42,42,36,36],"3":[36,0]},"_coverageSchema":"1a1c01bbd47fc00a2c39e90264f33305004495a9","hash":"822131961a972719275e4eadced92842f0ba2c53"}
,"D:\\Phincon\\Ortech\\server\\src\\database\\models\\merchantcategories.js": {"path":"D:\\Phincon\\Ortech\\server\\src\\database\\models\\merchantcategories.js","statementMap":{"0":{"start":{"line":2,"column":18},"end":{"line":2,"column":38}},"1":{"start":{"line":3,"column":0},"end":{"line":32,"column":2}},"2":{"start":{"line":11,"column":6},"end":{"line":14,"column":9}},"3":{"start":{"line":15,"column":6},"end":{"line":18,"column":9}},"4":{"start":{"line":21,"column":2},"end":{"line":30,"column":4}},"5":{"start":{"line":31,"column":2},"end":{"line":31,"column":28}}},"fnMap":{"0":{"name":"(anonymous_0)","decl":{"start":{"line":3,"column":17},"end":{"line":3,"column":18}},"loc":{"start":{"line":3,"column":43},"end":{"line":32,"column":1}},"line":3},"1":{"name":"(anonymous_1)","decl":{"start":{"line":10,"column":4},"end":{"line":10,"column":5}},"loc":{"start":{"line":10,"column":29},"end":{"line":19,"column":5}},"line":10}},"branchMap":{},"s":{"0":6,"1":6,"2":6,"3":6,"4":6,"5":6},"f":{"0":6,"1":6},"b":{},"_coverageSchema":"1a1c01bbd47fc00a2c39e90264f33305004495a9","hash":"c6ef0d125c2efab05746cb93387528c97b930828"}
[...]
,"D:\\Phincon\\Ortech\\server\\src\\helpers\\UploadImage.js": {"path":"D:\\Phincon\\Ortech\\server\\src\\helpers\\UploadImage.js","statementMap":{"0":{"start":{"line":1,"column":14},"end":{"line":1,"column":30}},"1":{"start":{"line":2,"column":17},"end":{"line":2,"column":37}},"2":{"start":{"line":4,"column":20},"end":{"line":23,"column":1}},"3":{"start":{"line":5,"column":2},"end":{"line":22,"column":3}},"4":{"start":{"line":6,"column":21},"end":{"line":6,"column":35}},"5":{"start":{"line":7,"column":4},"end":{"line":7,"column":50}},"6":{"start":{"line":8,"column":4},"end":{"line":10,"column":7}},"7":{"start":{"line":12,"column":21},"end":{"line":16,"column":6}},"8":{"start":{"line":18,"column":21},"end":{"line":18,"column":43}},"9":{"start":{"line":19,"column":4},"end":{"line":19,"column":20}},"10":{"start":{"line":21,"column":4},"end":{"line":21,"column":16}},"11":{"start":{"line":25,"column":0},"end":{"line":25,"column":29}}},"fnMap":{"0":{"name":"(anonymous_0)","decl":{"start":{"line":4,"column":20},"end":{"line":4,"column":21}},"loc":{"start":{"line":4,"column":41},"end":{"line":23,"column":1}},"line":4}},"branchMap":{},"s":{"0":6,"1":6,"2":6,"3":0,"4":0,"5":0,"6":0,"7":0,"8":0,"9":0,"10":0,"11":6},"f":{"0":0},"b":{},"_coverageSchema":"1a1c01bbd47fc00a2c39e90264f33305004495a9","hash":"e07c083bb12e27c17b7e87197ade97812b828f3d"}
,"D:\\Phincon\\Ortech\\server\\src\\helpers\\ValidateRequest.js": {"path":"D:\\Phincon\\Ortech\\server\\src\\helpers\\ValidateRequest.js","statementMap":{"0":{"start":{"line":1,"column":24},"end":{"line":8,"column":1}},"1":{"start":{"line":2,"column":20},"end":{"line":2,"column":41}},"2":{"start":{"line":4,"column":2},"end":{"line":7,"column":3}},"3":{"start":{"line":5,"column":25},"end":{"line":5,"column":49}},"4":{"start":{"line":6,"column":4},"end":{"line":6,"column":37}},"5":{"start":{"line":10,"column":0},"end":{"line":10,"column":37}}},"fnMap":{"0":{"name":"(anonymous_0)","decl":{"start":{"line":1,"column":24},"end":{"line":1,"column":25}},"loc":{"start":{"line":1,"column":42},"end":{"line":8,"column":1}},"line":1}},"branchMap":{"0":{"loc":{"start":{"line":4,"column":2},"end":{"line":7,"column":3}},"type":"if","locations":[{"start":{"line":4,"column":2},"end":{"line":7,"column":3}},{"start":{},"end":{}}],"line":4}},"s":{"0":6,"1":24,"2":24,"3":6,"4":6,"5":6},"f":{"0":24},"b":{"0":[6,18]},"_coverageSchema":"1a1c01bbd47fc00a2c39e90264f33305004495a9","hash":"dcc73a4e409eaa2156197bf9530f98c0aedcd681"}
,"D:\\Phincon\\Ortech\\server\\src\\helpers\\VerifyToken.js": {"path":"D:\\Phincon\\Ortech\\server\\src\\helpers\\VerifyToken.js","statementMap":{"0":{"start":{"line":1,"column":12},"end":{"line":1,"column":35}},"1":{"start":{"line":3,"column":25},"end":{"line":10,"column":1}},"2":{"start":{"line":4,"column":2},"end":{"line":9,"column":3}},"3":{"start":{"line":5,"column":20},"end":{"line":5,"column":67}},"4":{"start":{"line":6,"column":4},"end":{"line":6,"column":19}},"5":{"start":{"line":8,"column":4},"end":{"line":8,"column":25}},"6":{"start":{"line":12,"column":0},"end":{"line":12,"column":38}}},"fnMap":{"0":{"name":"(anonymous_0)","decl":{"start":{"line":3,"column":25},"end":{"line":3,"column":26}},"loc":{"start":{"line":3,"column":36},"end":{"line":10,"column":1}},"line":3}},"branchMap":{},"s":{"0":6,"1":6,"2":0,"3":0,"4":0,"5":0,"6":6},"f":{"0":0},"b":{},"_coverageSchema":"1a1c01bbd47fc00a2c39e90264f33305004495a9","hash":"99398432543ff0a4e340d22da185bf5968e8b7c0"}
,"D:\\Phincon\\Ortech\\server\\src\\middleware\\CheckBooking.js": {"path":"D:\\Phincon\\Ortech\\server\\src\\middleware\\CheckBooking.js","statementMap":{"0":{"start":{"line":1,"column":35},"end":{"line":1,"column":64}},"1":{"start":{"line":3,"column":26},"end":{"line":3,"column":60}},"2":{"start":{"line":4,"column":37},"end":{"line":4,"column":75}},"3":{"start":{"line":5,"column":15},"end":{"line":5,"column":35}},"4":{"start":{"line":6,"column":30},"end":{"line":6,"column":59}},"5":{"start":{"line":8,"column":0},"end":{"line":65,"column":2}},"6":{"start":{"line":9,"column":2},"end":{"line":64,"column":3}},"7":{"start":{"line":10,"column":19},"end":{"line":10,"column":29}},"8":{"start":{"line":11,"column":44},"end":{"line":11,"column":52}},"9":{"start":{"line":13,"column":29},"end":{"line":13,"column":57}},"10":{"start":{"line":14,"column":28},"end":{"line":14,"column":54}},"11":{"start":{"line":16,"column":4},"end":{"line":18,"column":5}},"12":{"start":{"line":17,"column":6},"end":{"line":17,"column":76}},"13":{"start":{"line":20,"column":18},"end":{"line":20,"column":48}},"14":{"start":{"line":21,"column":17},"end":{"line":21,"column":41}},"15":{"start":{"line":22,"column":4},"end":{"line":24,"column":5}},"16":{"start":{"line":23,"column":6},"end":{"line":23,"column":64}},"17":{"start":{"line":26,"column":4},"end":{"line":28,"column":5}},"18":{"start":{"line":27,"column":6},"end":{"line":27,"column":76}},"19":{"start":{"line":30,"column":33},"end":{"line":33,"column":5}},"20":{"start":{"line":35,"column":21},"end":{"line":35,"column":87}},"21":{"start":{"line":37,"column":4},"end":{"line":39,"column":5}},"22":{"start":{"line":38,"column":6},"end":{"line":38,"column":65}},"23":{"start":{"line":40,"column":31},"end":{"line":50,"column":6}},"24":{"start":{"line":52,"column":4},"end":{"line":59,"column":5}},"25":{"start":{"line":53,"column":6},"end":{"line":58,"column":8}},"26":{"start":{"line":61,"column":4},"end":{"line":61,"column":11}},"27":{"start":{"line":63,"column":4},"end":{"line":63,"column":75}}},"fnMap":{"0":{"name":"(anonymous_0)","decl":{"start":{"line":8,"column":23},"end":{"line":8,"column":24}},"loc":{"start":{"line":8,"column":49},"end":{"line":65,"column":1}},"line":8}},"branchMap":{"0":{"loc":{"start":{"line":16,"column":4},"end":{"line":18,"column":5}},"type":"if","locations":[{"start":{"line":16,"column":4},"end":{"line":18,"column":5}},{"start":{},"end":{}}],"line":16},"1":{"loc":{"start":{"line":16,"column":8},"end":{"line":16,"column":45}},"type":"binary-expr","locations":[{"start":{"line":16,"column":8},"end":{"line":16,"column":25}},{"start":{"line":16,"column":29},"end":{"line":16,"column":45}}],"line":16},"2":{"loc":{"start":{"line":22,"column":4},"end":{"line":24,"column":5}},"type":"if","locations":[{"start":{"line":22,"column":4},"end":{"line":24,"column":5}},{"start":{},"end":{}}],"line":22},"3":{"loc":{"start":{"line":22,"column":8},"end":{"line":22,"column":23}},"type":"binary-expr","locations":[{"start":{"line":22,"column":8},"end":{"line":22,"column":13}},{"start":{"line":22,"column":17},"end":{"line":22,"column":23}}],"line":22},"4":{"loc":{"start":{"line":26,"column":4},"end":{"line":28,"column":5}},"type":"if","locations":[{"start":{"line":26,"column":4},"end":{"line":28,"column":5}},{"start":{},"end":{}}],"line":26},"5":{"loc":{"start":{"line":37,"column":4},"end":{"line":39,"column":5}},"type":"if","locations":[{"start":{"line":37,"column":4},"end":{"line":39,"column":5}},{"start":{},"end":{}}],"line":37},"6":{"loc":{"start":{"line":52,"column":4},"end":{"line":59,"column":5}},"type":"if","locations":[{"start":{"line":52,"column":4},"end":{"line":59,"column":5}},{"start":{},"end":{}}],"line":52}},"s":{"0":6,"1":6,"2":6,"3":6,"4":6,"5":6,"6":6,"7":6,"8":6,"9":6,"10":6,"11":6,"12":1,"13":5,"14":5,"15":5,"16":0,"17":5,"18":1,"19":4,"20":4,"21":4,"22":0,"23":4,"24":4,"25":1,"26":3,"27":0},"f":{"0":6},"b":{"0":[1,5],"1":[6,1],"2":[0,5],"3":[5,5],"4":[1,4],"5":[0,4],"6":[1,3]},"_coverageSchema":"1a1c01bbd47fc00a2c39e90264f33305004495a9","hash":"687dff0872edfd394f936f16f509a6bf9bb28994"}
,"D:\\Phincon\\Ortech\\server\\src\\middleware\\UploadMiddleware.js": {"path":"D:\\Phincon\\Ortech\\server\\src\\middleware\\UploadMiddleware.js","statementMap":{"0":{"start":{"line":1,"column":15},"end":{"line":1,"column":32}},"1":{"start":{"line":2,"column":20},"end":{"line":2,"column":53}},"2":{"start":{"line":3,"column":26},"end":{"line":3,"column":60}},"3":{"start":{"line":5,"column":15},"end":{"line":5,"column":23}},"4":{"start":{"line":7,"column":25},"end":{"line":34,"column":1}},"5":{"start":{"line":8,"column":2},"end":{"line":33,"column":3}},"6":{"start":{"line":9,"column":4},"end":{"line":30,"column":7}},"7":{"start":{"line":10,"column":6},"end":{"line":16,"column":7}},"8":{"start":{"line":15,"column":8},"end":{"line":15,"column":86}},"9":{"start":{"line":18,"column":6},"end":{"line":22,"column":7}},"10":{"start":{"line":19,"column":8},"end":{"line":19,"column":77}},"11":{"start":{"line":20,"column":13},"end":{"line":22,"column":7}},"12":{"start":{"line":21,"column":8},"end":{"line":21,"column":69}},"13":{"start":{"line":23,"column":6},"end":{"line":29,"column":7}},"14":{"start":{"line":24,"column":25},"end":{"line":24,"column":52}},"15":{"start":{"line":25,"column":8},"end":{"line":25,"column":32}},"16":{"start":{"line":26,"column":8},"end":{"line":26,"column":15}},"17":{"start":{"line":28,"column":8},"end":{"line":28,"column":71}},"18":{"start":{"line":32,"column":4},"end":{"line":32,"column":67}},"19":{"start":{"line":36,"column":0},"end":{"line":36,"column":34}}},"fnMap":{"0":{"name":"(anonymous_0)","decl":{"start":{"line":7,"column":25},"end":{"line":7,"column":26}},"loc":{"start":{"line":7,"column":51},"end":{"line":34,"column":1}},"line":7},"1":{"name":"(anonymous_1)","decl":{"start":{"line":9,"column":37},"end":{"line":9,"column":38}},"loc":{"start":{"line":9,"column":52},"end":{"line":30,"column":5}},"line":9}},"branchMap":{"0":{"loc":{"start":{"line":10,"column":6},"end":{"line":16,"column":7}},"type":"if","locations":[{"start":{"line":10,"column":6},"end":{"line":16,"column":7}},{"start":{},"end":{}}],"line":10},"1":{"loc":{"start":{"line":11,"column":8},"end":{"line":13,"column":41}},"type":"binary-expr","locations":[{"start":{"line":11,"column":8},"end":{"line":11,"column":42}},{"start":{"line":12,"column":8},"end":{"line":12,"column":41}},{"start":{"line":13,"column":8},"end":{"line":13,"column":41}}],"line":11},"2":{"loc":{"start":{"line":18,"column":6},"end":{"line":22,"column":7}},"type":"if","locations":[{"start":{"line":18,"column":6},"end":{"line":22,"column":7}},{"start":{"line":20,"column":13},"end":{"line":22,"column":7}}],"line":18},"3":{"loc":{"start":{"line":20,"column":13},"end":{"line":22,"column":7}},"type":"if","locations":[{"start":{"line":20,"column":13},"end":{"line":22,"column":7}},{"start":{},"end":{}}],"line":20}},"s":{"0":6,"1":6,"2":6,"3":6,"4":6,"5":0,"6":0,"7":0,"8":0,"9":0,"10":0,"11":0,"12":0,"13":0,"14":0,"15":0,"16":0,"17":0,"18":0,"19":6},"f":{"0":0,"1":0},"b":{"0":[0,0],"1":[0,0,0],"2":[0,0],"3":[0,0]},"_coverageSchema":"1a1c01bbd47fc00a2c39e90264f33305004495a9","hash":"ebe3c53fc9421135556cea1a0c0c305425942ece"}
,"D:\\Phincon\\Ortech\\server\\src\\routes\\authMerchantRoutes.js": {"path":"D:\\Phincon\\Ortech\\server\\src\\routes\\authMerchantRoutes.js","statementMap":{"0":{"start":{"line":1,"column":16},"end":{"line":1,"column":34}},"1":{"start":{"line":10,"column":4},"end":{"line":10,"column":51}},"2":{"start":{"line":11,"column":53},"end":{"line":11,"column":88}},"3":{"start":{"line":12,"column":25},"end":{"line":12,"column":66}},"4":{"start":{"line":14,"column":15},"end":{"line":14,"column":31}},"5":{"start":{"line":16,"column":0},"end":{"line":16,"column":37}},"6":{"start":{"line":17,"column":0},"end":{"line":17,"column":60}},"7":{"start":{"line":18,"column":0},"end":{"line":18,"column":81}},"8":{"start":{"line":19,"column":0},"end":{"line":19,"column":53}},"9":{"start":{"line":20,"column":0},"end":{"line":20,"column":57}},"10":{"start":{"line":21,"column":0},"end":{"line":21,"column":56}},"11":{"start":{"line":22,"column":0},"end":{"line":22,"column":76}},"12":{"start":{"line":24,"column":0},"end":{"line":24,"column":24}}},"fnMap":{},"branchMap":{},"s":{"0":6,"1":6,"2":6,"3":6,"4":6,"5":6,"6":6,"7":6,"8":6,"9":6,"10":6,"11":6,"12":6},"f":{},"b":{},"_coverageSchema":"1a1c01bbd47fc00a2c39e90264f33305004495a9","hash":"c556aef462e44095ffc1d0dca5044c897890bcc3"}
,"D:\\Phincon\\Ortech\\server\\src\\routes\\authUserRoutes.js": {"path":"D:\\Phincon\\Ortech\\server\\src\\routes\\authUserRoutes.js","statementMap":{"0":{"start":{"line":1,"column":16},"end":{"line":1,"column":34}},"1":{"start":{"line":10,"column":4},"end":{"line":10,"column":47}},"2":{"start":{"line":11,"column":43},"end":{"line":11,"column":78}},"3":{"start":{"line":12,"column":25},"end":{"line":12,"column":66}},"4":{"start":{"line":14,"column":15},"end":{"line":14,"column":31}},"5":{"start":{"line":16,"column":0},"end":{"line":16,"column":57}},"6":{"start":{"line":17,"column":0},"end":{"line":17,"column":33}},"7":{"start":{"line":18,"column":0},"end":{"line":18,"column":67}},"8":{"start":{"line":19,"column":0},"end":{"line":19,"column":49}},"9":{"start":{"line":20,"column":0},"end":{"line":20,"column":53}},"10":{"start":{"line":21,"column":0},"end":{"line":21,"column":52}},"11":{"start":{"line":22,"column":0},"end":{"line":22,"column":72}},"12":{"start":{"line":24,"column":0},"end":{"line":24,"column":24}}},"fnMap":{},"branchMap":{},"s":{"0":6,"1":6,"2":6,"3":6,"4":6,"5":6,"6":6,"7":6,"8":6,"9":6,"10":6,"11":6,"12":6},"f":{},"b":{},"_coverageSchema":"1a1c01bbd47fc00a2c39e90264f33305004495a9","hash":"61747f2f30b6aa8934f0d65179473503a4660724"}
,"D:\\Phincon\\Ortech\\server\\src\\routes\\categoryRoutes.js": {"path":"D:\\Phincon\\Ortech\\server\\src\\routes\\categoryRoutes.js","statementMap":{"0":{"start":{"line":1,"column":16},"end":{"line":1,"column":34}},"1":{"start":{"line":2,"column":26},"end":{"line":2,"column":69}},"2":{"start":{"line":4,"column":15},"end":{"line":4,"column":31}},"3":{"start":{"line":6,"column":0},"end":{"line":6,"column":31}},"4":{"start":{"line":8,"column":0},"end":{"line":8,"column":24}}},"fnMap":{},"branchMap":{},"s":{"0":6,"1":6,"2":6,"3":6,"4":6},"f":{},"b":{},"_coverageSchema":"1a1c01bbd47fc00a2c39e90264f33305004495a9","hash":"0bae45541f7b5a3572b32278f324e0afb58b24f1"}
,"D:\\Phincon\\Ortech\\server\\src\\routes\\index.js": {"path":"D:\\Phincon\\Ortech\\server\\src\\routes\\index.js","statementMap":{"0":{"start":{"line":1,"column":19},"end":{"line":1,"column":37}},"1":{"start":{"line":2,"column":22},"end":{"line":2,"column":57}},"2":{"start":{"line":3,"column":26},"end":{"line":3,"column":65}},"3":{"start":{"line":4,"column":22},"end":{"line":4,"column":57}},"4":{"start":{"line":5,"column":22},"end":{"line":5,"column":57}},"5":{"start":{"line":6,"column":20},"end":{"line":6,"column":52}},"6":{"start":{"line":7,"column":18},"end":{"line":7,"column":49}},"7":{"start":{"line":8,"column":21},"end":{"line":8,"column":55}},"8":{"start":{"line":10,"column":15},"end":{"line":10,"column":23}},"9":{"start":{"line":12,"column":0},"end":{"line":12,"column":35}},"10":{"start":{"line":13,"column":0},"end":{"line":13,"column":48}},"11":{"start":{"line":14,"column":0},"end":{"line":14,"column":39}},"12":{"start":{"line":15,"column":0},"end":{"line":15,"column":39}},"13":{"start":{"line":16,"column":0},"end":{"line":16,"column":34}},"14":{"start":{"line":17,"column":0},"end":{"line":17,"column":31}},"15":{"start":{"line":18,"column":0},"end":{"line":18,"column":41}},"16":{"start":{"line":20,"column":0},"end":{"line":20,"column":24}}},"fnMap":{},"branchMap":{},"s":{"0":6,"1":6,"2":6,"3":6,"4":6,"5":6,"6":6,"7":6,"8":6,"9":6,"10":6,"11":6,"12":6,"13":6,"14":6,"15":6,"16":6},"f":{},"b":{},"_coverageSchema":"1a1c01bbd47fc00a2c39e90264f33305004495a9","hash":"70903b7bfdef25559e3913e4f30f53b6f37b0e03"}
,"D:\\Phincon\\Ortech\\server\\src\\routes\\merchantRoutes.js": {"path":"D:\\Phincon\\Ortech\\server\\src\\routes\\merchantRoutes.js","statementMap":{"0":{"start":{"line":1,"column":16},"end":{"line":1,"column":34}},"1":{"start":{"line":9,"column":4},"end":{"line":9,"column":48}},"2":{"start":{"line":10,"column":53},"end":{"line":10,"column":88}},"3":{"start":{"line":12,"column":15},"end":{"line":12,"column":31}},"4":{"start":{"line":14,"column":0},"end":{"line":14,"column":94}},"5":{"start":{"line":15,"column":0},"end":{"line":15,"column":30}},"6":{"start":{"line":16,"column":0},"end":{"line":16,"column":38}},"7":{"start":{"line":17,"column":0},"end":{"line":17,"column":99}},"8":{"start":{"line":18,"column":0},"end":{"line":18,"column":97}},"9":{"start":{"line":19,"column":0},"end":{"line":19,"column":83}},"10":{"start":{"line":21,"column":0},"end":{"line":21,"column":24}}},"fnMap":{},"branchMap":{},"s":{"0":6,"1":6,"2":6,"3":6,"4":6,"5":6,"6":6,"7":6,"8":6,"9":6,"10":6},"f":{},"b":{},"_coverageSchema":"1a1c01bbd47fc00a2c39e90264f33305004495a9","hash":"be547175832cd2401ab74819861cd4fe237110bb"}
,"D:\\Phincon\\Ortech\\server\\src\\routes\\paymentRoutes.js": {"path":"D:\\Phincon\\Ortech\\server\\src\\routes\\paymentRoutes.js","statementMap":{"0":{"start":{"line":1,"column":16},"end":{"line":1,"column":34}},"1":{"start":{"line":8,"column":4},"end":{"line":8,"column":39}},"2":{"start":{"line":17,"column":4},"end":{"line":17,"column":46}},"3":{"start":{"line":19,"column":25},"end":{"line":19,"column":62}},"4":{"start":{"line":20,"column":15},"end":{"line":20,"column":31}},"5":{"start":{"line":22,"column":0},"end":{"line":22,"column":79}},"6":{"start":{"line":23,"column":0},"end":{"line":23,"column":97}},"7":{"start":{"line":25,"column":0},"end":{"line":25,"column":85}},"8":{"start":{"line":26,"column":0},"end":{"line":26,"column":96}},"9":{"start":{"line":27,"column":0},"end":{"line":27,"column":82}},"10":{"start":{"line":28,"column":0},"end":{"line":28,"column":86}},"11":{"start":{"line":29,"column":0},"end":{"line":34,"column":2}},"12":{"start":{"line":36,"column":0},"end":{"line":36,"column":24}}},"fnMap":{},"branchMap":{},"s":{"0":6,"1":6,"2":6,"3":6,"4":6,"5":6,"6":6,"7":6,"8":6,"9":6,"10":6,"11":6,"12":6},"f":{},"b":{},"_coverageSchema":"1a1c01bbd47fc00a2c39e90264f33305004495a9","hash":"86b4b52fec43d13d3081838a2066f301bbea015b"}
,"D:\\Phincon\\Ortech\\server\\src\\routes\\userRoutes.js": {"path":"D:\\Phincon\\Ortech\\server\\src\\routes\\userRoutes.js","statementMap":{"0":{"start":{"line":1,"column":16},"end":{"line":1,"column":34}},"1":{"start":{"line":6,"column":4},"end":{"line":6,"column":43}},"2":{"start":{"line":7,"column":43},"end":{"line":7,"column":78}},"3":{"start":{"line":8,"column":25},"end":{"line":8,"column":66}},"4":{"start":{"line":10,"column":15},"end":{"line":10,"column":31}},"5":{"start":{"line":12,"column":0},"end":{"line":12,"column":67}},"6":{"start":{"line":13,"column":0},"end":{"line":13,"column":99}},"7":{"start":{"line":14,"column":0},"end":{"line":14,"column":85}},"8":{"start":{"line":16,"column":0},"end":{"line":16,"column":24}}},"fnMap":{},"branchMap":{},"s":{"0":6,"1":6,"2":6,"3":6,"4":6,"5":6,"6":6,"7":6,"8":6},"f":{},"b":{},"_coverageSchema":"1a1c01bbd47fc00a2c39e90264f33305004495a9","hash":"59370b79117774c6574759188070885054750f2b"}
,"D:\\Phincon\\Ortech\\server\\src\\routes\\venueRoutes.js": {"path":"D:\\Phincon\\Ortech\\server\\src\\routes\\venueRoutes.js","statementMap":{"0":{"start":{"line":1,"column":16},"end":{"line":1,"column":34}},"1":{"start":{"line":3,"column":53},"end":{"line":3,"column":88}},"2":{"start":{"line":10,"column":4},"end":{"line":10,"column":44}},"3":{"start":{"line":11,"column":25},"end":{"line":11,"column":66}},"4":{"start":{"line":12,"column":15},"end":{"line":12,"column":31}},"5":{"start":{"line":14,"column":0},"end":{"line":20,"column":2}},"6":{"start":{"line":21,"column":0},"end":{"line":27,"column":2}},"7":{"start":{"line":28,"column":0},"end":{"line":28,"column":90}},"8":{"start":{"line":29,"column":0},"end":{"line":29,"column":57}},"9":{"start":{"line":30,"column":0},"end":{"line":30,"column":98}},"10":{"start":{"line":32,"column":0},"end":{"line":32,"column":24}}},"fnMap":{},"branchMap":{},"s":{"0":6,"1":6,"2":6,"3":6,"4":6,"5":6,"6":6,"7":6,"8":6,"9":6,"10":6},"f":{},"b":{},"_coverageSchema":"1a1c01bbd47fc00a2c39e90264f33305004495a9","hash":"5eae73f1ad477d178a55f500dc4546ad77070e06"}
}
