{"D:\\Phincon\\Ortech\\server\\src\\index.js": {"path":"D:\\Phincon\\Ortech\\server\\src\\index.js","statementMap":{"0":{"start":{"line":1,"column":16},"end":{"line":1,"column":34}},"1":{"start":{"line":2,"column":15},"end":{"line":2,"column":32}},"2":{"start":{"line":3,"column":13},"end":{"line":3,"column":28}},"3":{"start":{"line":4,"column":15},"end":{"line":4,"column":45}},"4":{"start":{"line":5,"column":21},"end":{"line":5,"column":45}},"5":{"start":{"line":7,"column":12},"end":{"line":7,"column":21}},"6":{"start":{"line":9,"column":0},"end":{"line":9,"column":16}},"7":{"start":{"line":11,"column":0},"end":{"line":11,"column":51}},"8":{"start":{"line":12,"column":0},"end":{"line":12,"column":24}},"9":{"start":{"line":13,"column":0},"end":{"line":13,"column":48}},"10":{"start":{"line":14,"column":0},"end":{"line":14,"column":24}},"11":{"start":{"line":16,"column":0},"end":{"line":18,"column":3}},"12":{"start":{"line":17,"column":2},"end":{"line":17,"column":40}},"13":{"start":{"line":20,"column":0},"end":{"line":20,"column":24}},"14":{"start":{"line":22,"column":0},"end":{"line":24,"column":3}},"15":{"start":{"line":23,"column":2},"end":{"line":23,"column":73}},"16":{"start":{"line":26,"column":0},"end":{"line":30,"column":1}},"17":{"start":{"line":27,"column":2},"end":{"line":29,"column":5}},"18":{"start":{"line":28,"column":4},"end":{"line":28,"column":62}},"19":{"start":{"line":32,"column":0},"end":{"line":32,"column":21}}},"fnMap":{"0":{"name":"(anonymous_0)","decl":{"start":{"line":16,"column":13},"end":{"line":16,"column":14}},"loc":{"start":{"line":16,"column":27},"end":{"line":18,"column":1}},"line":16},"1":{"name":"(anonymous_1)","decl":{"start":{"line":22,"column":13},"end":{"line":22,"column":14}},"loc":{"start":{"line":22,"column":27},"end":{"line":24,"column":1}},"line":22},"2":{"name":"(anonymous_2)","decl":{"start":{"line":27,"column":35},"end":{"line":27,"column":36}},"loc":{"start":{"line":27,"column":41},"end":{"line":29,"column":3}},"line":27}},"branchMap":{"0":{"loc":{"start":{"line":26,"column":0},"end":{"line":30,"column":1}},"type":"if","locations":[{"start":{"line":26,"column":0},"end":{"line":30,"column":1}},{"start":{},"end":{}}],"line":26}},"s":{"0":2,"1":2,"2":2,"3":2,"4":2,"5":2,"6":2,"7":2,"8":2,"9":2,"10":2,"11":2,"12":0,"13":2,"14":2,"15":0,"16":2,"17":0,"18":0,"19":2},"f":{"0":0,"1":0,"2":0},"b":{"0":[0,2]},"_coverageSchema":"1a1c01bbd47fc00a2c39e90264f33305004495a9","hash":"94c4fe7bbc6c75ef4193ea1786422924a71415e9"}
,"D:\\Phincon\\Ortech\\server\\src\\config\\database.js": {"path":"D:\\Phincon\\Ortech\\server\\src\\config\\database.js","statementMap":{"0":{"start":{"line":1,"column":15},"end":{"line":1,"column":32}},"1":{"start":{"line":3,"column":0},"end":{"line":3,"column":16}},"2":{"start":{"line":5,"column":0},"end":{"line":27,"column":2}}},"fnMap":{},"branchMap":{},"s":{"0":2,"1":2,"2":2},"f":{},"b":{},"_coverageSchema":"1a1c01bbd47fc00a2c39e90264f33305004495a9","hash":"58a69d752ef8ca20053572befd1bc9174f59a21a"}
,"D:\\Phincon\\Ortech\\server\\src\\config\\schemas.js": {"path":"D:\\Phincon\\Ortech\\server\\src\\config\\schemas.js","statementMap":{"0":{"start":{"line":1,"column":12},"end":{"line":1,"column":26}},"1":{"start":{"line":3,"column":16},"end":{"line":98,"column":1}},"2":{"start":{"line":100,"column":0},"end":{"line":100,"column":25}}},"fnMap":{},"branchMap":{},"s":{"0":2,"1":2,"2":2},"f":{},"b":{},"_coverageSchema":"1a1c01bbd47fc00a2c39e90264f33305004495a9","hash":"1954c16783bc5f42e99ad1bff14b8e0c610ae813"}
,"D:\\Phincon\\Ortech\\server\\src\\controller\\AuthMerchantController.js": {"path":"D:\\Phincon\\Ortech\\server\\src\\controller\\AuthMerchantController.js","statementMap":{"0":{"start":{"line":1,"column":29},"end":{"line":1,"column":58}},"1":{"start":{"line":2,"column":15},"end":{"line":2,"column":35}},"2":{"start":{"line":3,"column":30},"end":{"line":3,"column":59}},"3":{"start":{"line":8,"column":4},"end":{"line":8,"column":39}},"4":{"start":{"line":9,"column":45},"end":{"line":9,"column":79}},"5":{"start":{"line":10,"column":43},"end":{"line":10,"column":77}},"6":{"start":{"line":11,"column":28},"end":{"line":11,"column":65}},"7":{"start":{"line":12,"column":16},"end":{"line":12,"column":44}},"8":{"start":{"line":13,"column":20},"end":{"line":13,"column":53}},"9":{"start":{"line":18,"column":4},"end":{"line":18,"column":39}},"10":{"start":{"line":19,"column":18},"end":{"line":19,"column":49}},"11":{"start":{"line":20,"column":29},"end":{"line":20,"column":62}},"12":{"start":{"line":22,"column":0},"end":{"line":51,"column":2}},"13":{"start":{"line":23,"column":2},"end":{"line":50,"column":3}},"14":{"start":{"line":24,"column":22},"end":{"line":24,"column":30}},"15":{"start":{"line":25,"column":29},"end":{"line":25,"column":74}},"16":{"start":{"line":27,"column":4},"end":{"line":29,"column":5}},"17":{"start":{"line":28,"column":6},"end":{"line":28,"column":76}},"18":{"start":{"line":31,"column":4},"end":{"line":36,"column":5}},"19":{"start":{"line":32,"column":27},"end":{"line":32,"column":68}},"20":{"start":{"line":33,"column":6},"end":{"line":35,"column":7}},"21":{"start":{"line":34,"column":8},"end":{"line":34,"column":78}},"22":{"start":{"line":37,"column":16},"end":{"line":37,"column":29}},"23":{"start":{"line":38,"column":17},"end":{"line":43,"column":5}},"24":{"start":{"line":44,"column":4},"end":{"line":44,"column":20}},"25":{"start":{"line":46,"column":18},"end":{"line":46,"column":48}},"26":{"start":{"line":47,"column":4},"end":{"line":47,"column":92}},"27":{"start":{"line":49,"column":4},"end":{"line":49,"column":75}},"28":{"start":{"line":53,"column":0},"end":{"line":66,"column":2}},"29":{"start":{"line":54,"column":2},"end":{"line":65,"column":3}},"30":{"start":{"line":55,"column":27},"end":{"line":55,"column":35}},"31":{"start":{"line":57,"column":20},"end":{"line":57,"column":43}},"32":{"start":{"line":59,"column":4},"end":{"line":61,"column":5}},"33":{"start":{"line":60,"column":6},"end":{"line":60,"column":67}},"34":{"start":{"line":62,"column":4},"end":{"line":62,"column":72}},"35":{"start":{"line":64,"column":4},"end":{"line":64,"column":75}},"36":{"start":{"line":68,"column":0},"end":{"line":128,"column":2}},"37":{"start":{"line":69,"column":2},"end":{"line":127,"column":3}},"38":{"start":{"line":78,"column":8},"end":{"line":78,"column":16}},"39":{"start":{"line":79,"column":18},"end":{"line":79,"column":30}},"40":{"start":{"line":81,"column":25},"end":{"line":81,"column":66}},"41":{"start":{"line":82,"column":29},"end":{"line":86,"column":6}},"42":{"start":{"line":88,"column":4},"end":{"line":90,"column":5}},"43":{"start":{"line":89,"column":6},"end":{"line":89,"column":82}},"44":{"start":{"line":92,"column":34},"end":{"line":92,"column":71}},"45":{"start":{"line":93,"column":27},"end":{"line":93,"column":57}},"46":{"start":{"line":95,"column":25},"end":{"line":106,"column":5}},"47":{"start":{"line":108,"column":4},"end":{"line":110,"column":5}},"48":{"start":{"line":109,"column":6},"end":{"line":109,"column":71}},"49":{"start":{"line":112,"column":27},"end":{"line":112,"column":64}},"50":{"start":{"line":114,"column":24},"end":{"line":120,"column":6}},"51":{"start":{"line":122,"column":4},"end":{"line":122,"column":48}},"52":{"start":{"line":124,"column":4},"end":{"line":124,"column":61}},"53":{"start":{"line":126,"column":4},"end":{"line":126,"column":75}},"54":{"start":{"line":130,"column":0},"end":{"line":167,"column":2}},"55":{"start":{"line":131,"column":2},"end":{"line":166,"column":3}},"56":{"start":{"line":132,"column":32},"end":{"line":132,"column":40}},"57":{"start":{"line":134,"column":21},"end":{"line":134,"column":66}},"58":{"start":{"line":135,"column":4},"end":{"line":137,"column":5}},"59":{"start":{"line":136,"column":6},"end":{"line":136,"column":81}},"60":{"start":{"line":139,"column":25},"end":{"line":139,"column":78}},"61":{"start":{"line":140,"column":4},"end":{"line":142,"column":5}},"62":{"start":{"line":141,"column":6},"end":{"line":141,"column":71}},"63":{"start":{"line":144,"column":27},"end":{"line":144,"column":54}},"64":{"start":{"line":145,"column":29},"end":{"line":145,"column":85}},"65":{"start":{"line":147,"column":4},"end":{"line":149,"column":5}},"66":{"start":{"line":148,"column":6},"end":{"line":148,"column":61}},"67":{"start":{"line":151,"column":25},"end":{"line":157,"column":5}},"68":{"start":{"line":159,"column":24},"end":{"line":159,"column":51}},"69":{"start":{"line":161,"column":4},"end":{"line":161,"column":43}},"70":{"start":{"line":163,"column":4},"end":{"line":163,"column":65}},"71":{"start":{"line":165,"column":4},"end":{"line":165,"column":75}},"72":{"start":{"line":169,"column":0},"end":{"line":184,"column":2}},"73":{"start":{"line":170,"column":2},"end":{"line":183,"column":3}},"74":{"start":{"line":171,"column":15},"end":{"line":171,"column":28}},"75":{"start":{"line":172,"column":21},"end":{"line":172,"column":49}},"76":{"start":{"line":174,"column":4},"end":{"line":176,"column":5}},"77":{"start":{"line":175,"column":6},"end":{"line":175,"column":72}},"78":{"start":{"line":178,"column":4},"end":{"line":178,"column":49}},"79":{"start":{"line":180,"column":4},"end":{"line":180,"column":66}},"80":{"start":{"line":182,"column":4},"end":{"line":182,"column":75}},"81":{"start":{"line":186,"column":0},"end":{"line":215,"column":2}},"82":{"start":{"line":187,"column":2},"end":{"line":214,"column":3}},"83":{"start":{"line":188,"column":19},"end":{"line":188,"column":29}},"84":{"start":{"line":189,"column":42},"end":{"line":189,"column":50}},"85":{"start":{"line":191,"column":21},"end":{"line":191,"column":49}},"86":{"start":{"line":192,"column":4},"end":{"line":194,"column":5}},"87":{"start":{"line":193,"column":6},"end":{"line":193,"column":59}},"88":{"start":{"line":195,"column":34},"end":{"line":195,"column":68}},"89":{"start":{"line":196,"column":27},"end":{"line":196,"column":54}},"90":{"start":{"line":198,"column":25},"end":{"line":201,"column":5}},"91":{"start":{"line":203,"column":4},"end":{"line":205,"column":5}},"92":{"start":{"line":204,"column":6},"end":{"line":204,"column":71}},"93":{"start":{"line":207,"column":27},"end":{"line":207,"column":64}},"94":{"start":{"line":209,"column":4},"end":{"line":209,"column":56}},"95":{"start":{"line":211,"column":4},"end":{"line":211,"column":75}},"96":{"start":{"line":213,"column":4},"end":{"line":213,"column":75}},"97":{"start":{"line":217,"column":0},"end":{"line":233,"column":2}},"98":{"start":{"line":218,"column":2},"end":{"line":232,"column":3}},"99":{"start":{"line":219,"column":19},"end":{"line":219,"column":29}},"100":{"start":{"line":220,"column":18},"end":{"line":220,"column":30}},"101":{"start":{"line":222,"column":21},"end":{"line":222,"column":49}},"102":{"start":{"line":223,"column":4},"end":{"line":225,"column":5}},"103":{"start":{"line":224,"column":6},"end":{"line":224,"column":68}},"104":{"start":{"line":227,"column":33},"end":{"line":227,"column":65}},"105":{"start":{"line":229,"column":4},"end":{"line":229,"column":83}},"106":{"start":{"line":231,"column":4},"end":{"line":231,"column":75}},"107":{"start":{"line":235,"column":0},"end":{"line":268,"column":2}},"108":{"start":{"line":236,"column":2},"end":{"line":267,"column":3}},"109":{"start":{"line":237,"column":22},"end":{"line":237,"column":30}},"110":{"start":{"line":239,"column":25},"end":{"line":239,"column":79}},"111":{"start":{"line":241,"column":4},"end":{"line":243,"column":5}},"112":{"start":{"line":242,"column":6},"end":{"line":242,"column":71}},"113":{"start":{"line":245,"column":21},"end":{"line":245,"column":66}},"114":{"start":{"line":247,"column":4},"end":{"line":249,"column":5}},"115":{"start":{"line":248,"column":6},"end":{"line":248,"column":59}},"116":{"start":{"line":251,"column":18},"end":{"line":251,"column":51}},"117":{"start":{"line":253,"column":17},"end":{"line":258,"column":5}},"118":{"start":{"line":260,"column":4},"end":{"line":260,"column":20}},"119":{"start":{"line":262,"column":4},"end":{"line":262,"column":57}},"120":{"start":{"line":264,"column":4},"end":{"line":264,"column":75}},"121":{"start":{"line":266,"column":4},"end":{"line":266,"column":75}},"122":{"start":{"line":270,"column":0},"end":{"line":302,"column":2}},"123":{"start":{"line":271,"column":2},"end":{"line":301,"column":3}},"124":{"start":{"line":272,"column":22},"end":{"line":272,"column":32}},"125":{"start":{"line":273,"column":42},"end":{"line":273,"column":50}},"126":{"start":{"line":274,"column":27},"end":{"line":274,"column":54}},"127":{"start":{"line":275,"column":34},"end":{"line":275,"column":68}},"128":{"start":{"line":276,"column":25},"end":{"line":279,"column":5}},"129":{"start":{"line":281,"column":4},"end":{"line":283,"column":5}},"130":{"start":{"line":282,"column":6},"end":{"line":282,"column":71}},"131":{"start":{"line":285,"column":21},"end":{"line":285,"column":86}},"132":{"start":{"line":287,"column":4},"end":{"line":289,"column":5}},"133":{"start":{"line":288,"column":6},"end":{"line":288,"column":55}},"134":{"start":{"line":291,"column":27},"end":{"line":291,"column":64}},"135":{"start":{"line":293,"column":32},"end":{"line":296,"column":6}},"136":{"start":{"line":298,"column":4},"end":{"line":298,"column":85}},"137":{"start":{"line":300,"column":4},"end":{"line":300,"column":75}}},"fnMap":{"0":{"name":"(anonymous_0)","decl":{"start":{"line":22,"column":33},"end":{"line":22,"column":34}},"loc":{"start":{"line":22,"column":53},"end":{"line":51,"column":1}},"line":22},"1":{"name":"(anonymous_1)","decl":{"start":{"line":53,"column":35},"end":{"line":53,"column":36}},"loc":{"start":{"line":53,"column":55},"end":{"line":66,"column":1}},"line":53},"2":{"name":"(anonymous_2)","decl":{"start":{"line":68,"column":26},"end":{"line":68,"column":27}},"loc":{"start":{"line":68,"column":46},"end":{"line":128,"column":1}},"line":68},"3":{"name":"(anonymous_3)","decl":{"start":{"line":130,"column":24},"end":{"line":130,"column":25}},"loc":{"start":{"line":130,"column":44},"end":{"line":167,"column":1}},"line":130},"4":{"name":"(anonymous_4)","decl":{"start":{"line":169,"column":25},"end":{"line":169,"column":26}},"loc":{"start":{"line":169,"column":43},"end":{"line":184,"column":1}},"line":169},"5":{"name":"(anonymous_5)","decl":{"start":{"line":186,"column":25},"end":{"line":186,"column":26}},"loc":{"start":{"line":186,"column":45},"end":{"line":215,"column":1}},"line":186},"6":{"name":"(anonymous_6)","decl":{"start":{"line":217,"column":30},"end":{"line":217,"column":31}},"loc":{"start":{"line":217,"column":50},"end":{"line":233,"column":1}},"line":217},"7":{"name":"(anonymous_7)","decl":{"start":{"line":235,"column":33},"end":{"line":235,"column":34}},"loc":{"start":{"line":235,"column":53},"end":{"line":268,"column":1}},"line":235},"8":{"name":"(anonymous_8)","decl":{"start":{"line":270,"column":39},"end":{"line":270,"column":40}},"loc":{"start":{"line":270,"column":59},"end":{"line":302,"column":1}},"line":270}},"branchMap":{"0":{"loc":{"start":{"line":27,"column":4},"end":{"line":29,"column":5}},"type":"if","locations":[{"start":{"line":27,"column":4},"end":{"line":29,"column":5}},{"start":{},"end":{}}],"line":27},"1":{"loc":{"start":{"line":31,"column":4},"end":{"line":36,"column":5}},"type":"if","locations":[{"start":{"line":31,"column":4},"end":{"line":36,"column":5}},{"start":{},"end":{}}],"line":31},"2":{"loc":{"start":{"line":33,"column":6},"end":{"line":35,"column":7}},"type":"if","locations":[{"start":{"line":33,"column":6},"end":{"line":35,"column":7}},{"start":{},"end":{}}],"line":33},"3":{"loc":{"start":{"line":59,"column":4},"end":{"line":61,"column":5}},"type":"if","locations":[{"start":{"line":59,"column":4},"end":{"line":61,"column":5}},{"start":{},"end":{}}],"line":59},"4":{"loc":{"start":{"line":88,"column":4},"end":{"line":90,"column":5}},"type":"if","locations":[{"start":{"line":88,"column":4},"end":{"line":90,"column":5}},{"start":{},"end":{}}],"line":88},"5":{"loc":{"start":{"line":88,"column":8},"end":{"line":88,"column":40}},"type":"binary-expr","locations":[{"start":{"line":88,"column":8},"end":{"line":88,"column":20}},{"start":{"line":88,"column":24},"end":{"line":88,"column":40}}],"line":88},"6":{"loc":{"start":{"line":108,"column":4},"end":{"line":110,"column":5}},"type":"if","locations":[{"start":{"line":108,"column":4},"end":{"line":110,"column":5}},{"start":{},"end":{}}],"line":108},"7":{"loc":{"start":{"line":135,"column":4},"end":{"line":137,"column":5}},"type":"if","locations":[{"start":{"line":135,"column":4},"end":{"line":137,"column":5}},{"start":{},"end":{}}],"line":135},"8":{"loc":{"start":{"line":140,"column":4},"end":{"line":142,"column":5}},"type":"if","locations":[{"start":{"line":140,"column":4},"end":{"line":142,"column":5}},{"start":{},"end":{}}],"line":140},"9":{"loc":{"start":{"line":147,"column":4},"end":{"line":149,"column":5}},"type":"if","locations":[{"start":{"line":147,"column":4},"end":{"line":149,"column":5}},{"start":{},"end":{}}],"line":147},"10":{"loc":{"start":{"line":174,"column":4},"end":{"line":176,"column":5}},"type":"if","locations":[{"start":{"line":174,"column":4},"end":{"line":176,"column":5}},{"start":{},"end":{}}],"line":174},"11":{"loc":{"start":{"line":192,"column":4},"end":{"line":194,"column":5}},"type":"if","locations":[{"start":{"line":192,"column":4},"end":{"line":194,"column":5}},{"start":{},"end":{}}],"line":192},"12":{"loc":{"start":{"line":203,"column":4},"end":{"line":205,"column":5}},"type":"if","locations":[{"start":{"line":203,"column":4},"end":{"line":205,"column":5}},{"start":{},"end":{}}],"line":203},"13":{"loc":{"start":{"line":223,"column":4},"end":{"line":225,"column":5}},"type":"if","locations":[{"start":{"line":223,"column":4},"end":{"line":225,"column":5}},{"start":{},"end":{}}],"line":223},"14":{"loc":{"start":{"line":223,"column":8},"end":{"line":223,"column":27}},"type":"binary-expr","locations":[{"start":{"line":223,"column":8},"end":{"line":223,"column":14}},{"start":{"line":223,"column":18},"end":{"line":223,"column":27}}],"line":223},"15":{"loc":{"start":{"line":241,"column":4},"end":{"line":243,"column":5}},"type":"if","locations":[{"start":{"line":241,"column":4},"end":{"line":243,"column":5}},{"start":{},"end":{}}],"line":241},"16":{"loc":{"start":{"line":247,"column":4},"end":{"line":249,"column":5}},"type":"if","locations":[{"start":{"line":247,"column":4},"end":{"line":249,"column":5}},{"start":{},"end":{}}],"line":247},"17":{"loc":{"start":{"line":281,"column":4},"end":{"line":283,"column":5}},"type":"if","locations":[{"start":{"line":281,"column":4},"end":{"line":283,"column":5}},{"start":{},"end":{}}],"line":281},"18":{"loc":{"start":{"line":287,"column":4},"end":{"line":289,"column":5}},"type":"if","locations":[{"start":{"line":287,"column":4},"end":{"line":289,"column":5}},{"start":{},"end":{}}],"line":287}},"s":{"0":2,"1":2,"2":2,"3":2,"4":2,"5":2,"6":2,"7":2,"8":2,"9":2,"10":2,"11":2,"12":2,"13":0,"14":0,"15":0,"16":0,"17":0,"18":0,"19":0,"20":0,"21":0,"22":0,"23":0,"24":0,"25":0,"26":0,"27":0,"28":2,"29":0,"30":0,"31":0,"32":0,"33":0,"34":0,"35":0,"36":2,"37":0,"38":0,"39":0,"40":0,"41":0,"42":0,"43":0,"44":0,"45":0,"46":0,"47":0,"48":0,"49":0,"50":0,"51":0,"52":0,"53":0,"54":2,"55":0,"56":0,"57":0,"58":0,"59":0,"60":0,"61":0,"62":0,"63":0,"64":0,"65":0,"66":0,"67":0,"68":0,"69":0,"70":0,"71":0,"72":2,"73":0,"74":0,"75":0,"76":0,"77":0,"78":0,"79":0,"80":0,"81":2,"82":0,"83":0,"84":0,"85":0,"86":0,"87":0,"88":0,"89":0,"90":0,"91":0,"92":0,"93":0,"94":0,"95":0,"96":0,"97":2,"98":0,"99":0,"100":0,"101":0,"102":0,"103":0,"104":0,"105":0,"106":0,"107":2,"108":0,"109":0,"110":0,"111":0,"112":0,"113":0,"114":0,"115":0,"116":0,"117":0,"118":0,"119":0,"120":0,"121":0,"122":2,"123":0,"124":0,"125":0,"126":0,"127":0,"128":0,"129":0,"130":0,"131":0,"132":0,"133":0,"134":0,"135":0,"136":0,"137":0},"f":{"0":0,"1":0,"2":0,"3":0,"4":0,"5":0,"6":0,"7":0,"8":0},"b":{"0":[0,0],"1":[0,0],"2":[0,0],"3":[0,0],"4":[0,0],"5":[0,0],"6":[0,0],"7":[0,0],"8":[0,0],"9":[0,0],"10":[0,0],"11":[0,0],"12":[0,0],"13":[0,0],"14":[0,0],"15":[0,0],"16":[0,0],"17":[0,0],"18":[0,0]},"_coverageSchema":"1a1c01bbd47fc00a2c39e90264f33305004495a9","hash":"1bd189f851aedd93d18a8d760ccdff73abf1eaec"}
,"D:\\Phincon\\Ortech\\server\\src\\controller\\AuthUserController.js": {"path":"D:\\Phincon\\Ortech\\server\\src\\controller\\AuthUserController.js","statementMap":{"0":{"start":{"line":1,"column":29},"end":{"line":1,"column":58}},"1":{"start":{"line":6,"column":4},"end":{"line":6,"column":39}},"2":{"start":{"line":7,"column":45},"end":{"line":7,"column":79}},"3":{"start":{"line":8,"column":43},"end":{"line":8,"column":77}},"4":{"start":{"line":9,"column":15},"end":{"line":9,"column":35}},"5":{"start":{"line":10,"column":29},"end":{"line":10,"column":62}},"6":{"start":{"line":11,"column":28},"end":{"line":11,"column":65}},"7":{"start":{"line":12,"column":16},"end":{"line":12,"column":44}},"8":{"start":{"line":13,"column":30},"end":{"line":13,"column":59}},"9":{"start":{"line":14,"column":18},"end":{"line":14,"column":49}},"10":{"start":{"line":19,"column":4},"end":{"line":19,"column":39}},"11":{"start":{"line":20,"column":20},"end":{"line":20,"column":53}},"12":{"start":{"line":22,"column":0},"end":{"line":52,"column":2}},"13":{"start":{"line":23,"column":2},"end":{"line":51,"column":3}},"14":{"start":{"line":24,"column":22},"end":{"line":24,"column":30}},"15":{"start":{"line":25,"column":25},"end":{"line":25,"column":66}},"16":{"start":{"line":27,"column":4},"end":{"line":29,"column":5}},"17":{"start":{"line":28,"column":6},"end":{"line":28,"column":65}},"18":{"start":{"line":31,"column":4},"end":{"line":36,"column":5}},"19":{"start":{"line":32,"column":31},"end":{"line":32,"column":76}},"20":{"start":{"line":33,"column":6},"end":{"line":35,"column":7}},"21":{"start":{"line":34,"column":8},"end":{"line":34,"column":67}},"22":{"start":{"line":38,"column":16},"end":{"line":38,"column":29}},"23":{"start":{"line":39,"column":17},"end":{"line":44,"column":5}},"24":{"start":{"line":45,"column":4},"end":{"line":45,"column":20}},"25":{"start":{"line":47,"column":18},"end":{"line":47,"column":48}},"26":{"start":{"line":48,"column":4},"end":{"line":48,"column":92}},"27":{"start":{"line":50,"column":4},"end":{"line":50,"column":75}},"28":{"start":{"line":54,"column":0},"end":{"line":67,"column":2}},"29":{"start":{"line":55,"column":2},"end":{"line":66,"column":3}},"30":{"start":{"line":56,"column":27},"end":{"line":56,"column":35}},"31":{"start":{"line":58,"column":20},"end":{"line":58,"column":43}},"32":{"start":{"line":60,"column":4},"end":{"line":62,"column":5}},"33":{"start":{"line":61,"column":6},"end":{"line":61,"column":67}},"34":{"start":{"line":63,"column":4},"end":{"line":63,"column":72}},"35":{"start":{"line":65,"column":4},"end":{"line":65,"column":75}},"36":{"start":{"line":69,"column":0},"end":{"line":124,"column":2}},"37":{"start":{"line":70,"column":2},"end":{"line":123,"column":3}},"38":{"start":{"line":78,"column":8},"end":{"line":78,"column":16}},"39":{"start":{"line":79,"column":18},"end":{"line":79,"column":30}},"40":{"start":{"line":81,"column":25},"end":{"line":85,"column":6}},"41":{"start":{"line":87,"column":4},"end":{"line":89,"column":5}},"42":{"start":{"line":88,"column":6},"end":{"line":88,"column":77}},"43":{"start":{"line":91,"column":27},"end":{"line":91,"column":57}},"44":{"start":{"line":92,"column":34},"end":{"line":92,"column":71}},"45":{"start":{"line":94,"column":25},"end":{"line":104,"column":5}},"46":{"start":{"line":106,"column":4},"end":{"line":108,"column":5}},"47":{"start":{"line":107,"column":6},"end":{"line":107,"column":71}},"48":{"start":{"line":110,"column":27},"end":{"line":110,"column":64}},"49":{"start":{"line":112,"column":20},"end":{"line":118,"column":6}},"50":{"start":{"line":120,"column":4},"end":{"line":120,"column":57}},"51":{"start":{"line":122,"column":4},"end":{"line":122,"column":75}},"52":{"start":{"line":126,"column":0},"end":{"line":167,"column":2}},"53":{"start":{"line":127,"column":2},"end":{"line":166,"column":3}},"54":{"start":{"line":128,"column":32},"end":{"line":128,"column":40}},"55":{"start":{"line":129,"column":17},"end":{"line":129,"column":58}},"56":{"start":{"line":131,"column":25},"end":{"line":131,"column":74}},"57":{"start":{"line":133,"column":4},"end":{"line":135,"column":5}},"58":{"start":{"line":134,"column":6},"end":{"line":134,"column":71}},"59":{"start":{"line":137,"column":4},"end":{"line":139,"column":5}},"60":{"start":{"line":138,"column":6},"end":{"line":138,"column":56}},"61":{"start":{"line":141,"column":27},"end":{"line":141,"column":54}},"62":{"start":{"line":143,"column":29},"end":{"line":143,"column":81}},"63":{"start":{"line":145,"column":4},"end":{"line":147,"column":5}},"64":{"start":{"line":146,"column":6},"end":{"line":146,"column":61}},"65":{"start":{"line":149,"column":21},"end":{"line":157,"column":5}},"66":{"start":{"line":159,"column":24},"end":{"line":159,"column":47}},"67":{"start":{"line":161,"column":4},"end":{"line":161,"column":39}},"68":{"start":{"line":163,"column":4},"end":{"line":163,"column":65}},"69":{"start":{"line":165,"column":4},"end":{"line":165,"column":75}},"70":{"start":{"line":169,"column":0},"end":{"line":184,"column":2}},"71":{"start":{"line":170,"column":2},"end":{"line":183,"column":3}},"72":{"start":{"line":171,"column":19},"end":{"line":171,"column":29}},"73":{"start":{"line":172,"column":17},"end":{"line":172,"column":41}},"74":{"start":{"line":174,"column":4},"end":{"line":176,"column":5}},"75":{"start":{"line":175,"column":6},"end":{"line":175,"column":68}},"76":{"start":{"line":178,"column":4},"end":{"line":178,"column":45}},"77":{"start":{"line":180,"column":4},"end":{"line":180,"column":66}},"78":{"start":{"line":182,"column":4},"end":{"line":182,"column":75}},"79":{"start":{"line":186,"column":0},"end":{"line":220,"column":2}},"80":{"start":{"line":187,"column":2},"end":{"line":219,"column":3}},"81":{"start":{"line":188,"column":22},"end":{"line":188,"column":30}},"82":{"start":{"line":190,"column":25},"end":{"line":190,"column":79}},"83":{"start":{"line":192,"column":4},"end":{"line":194,"column":5}},"84":{"start":{"line":193,"column":6},"end":{"line":193,"column":71}},"85":{"start":{"line":196,"column":17},"end":{"line":196,"column":58}},"86":{"start":{"line":198,"column":4},"end":{"line":200,"column":5}},"87":{"start":{"line":199,"column":6},"end":{"line":199,"column":55}},"88":{"start":{"line":202,"column":18},"end":{"line":202,"column":51}},"89":{"start":{"line":204,"column":17},"end":{"line":209,"column":5}},"90":{"start":{"line":211,"column":4},"end":{"line":211,"column":20}},"91":{"start":{"line":213,"column":4},"end":{"line":213,"column":53}},"92":{"start":{"line":215,"column":4},"end":{"line":215,"column":75}},"93":{"start":{"line":217,"column":4},"end":{"line":217,"column":27}},"94":{"start":{"line":218,"column":4},"end":{"line":218,"column":75}},"95":{"start":{"line":222,"column":0},"end":{"line":253,"column":2}},"96":{"start":{"line":223,"column":2},"end":{"line":252,"column":3}},"97":{"start":{"line":224,"column":22},"end":{"line":224,"column":32}},"98":{"start":{"line":225,"column":42},"end":{"line":225,"column":50}},"99":{"start":{"line":226,"column":27},"end":{"line":226,"column":54}},"100":{"start":{"line":227,"column":34},"end":{"line":227,"column":68}},"101":{"start":{"line":228,"column":25},"end":{"line":231,"column":5}},"102":{"start":{"line":233,"column":4},"end":{"line":235,"column":5}},"103":{"start":{"line":234,"column":6},"end":{"line":234,"column":71}},"104":{"start":{"line":237,"column":17},"end":{"line":237,"column":78}},"105":{"start":{"line":239,"column":4},"end":{"line":241,"column":5}},"106":{"start":{"line":240,"column":6},"end":{"line":240,"column":55}},"107":{"start":{"line":243,"column":27},"end":{"line":243,"column":64}},"108":{"start":{"line":244,"column":28},"end":{"line":247,"column":6}},"109":{"start":{"line":249,"column":4},"end":{"line":249,"column":81}},"110":{"start":{"line":251,"column":4},"end":{"line":251,"column":75}}},"fnMap":{"0":{"name":"(anonymous_0)","decl":{"start":{"line":22,"column":29},"end":{"line":22,"column":30}},"loc":{"start":{"line":22,"column":49},"end":{"line":52,"column":1}},"line":22},"1":{"name":"(anonymous_1)","decl":{"start":{"line":54,"column":31},"end":{"line":54,"column":32}},"loc":{"start":{"line":54,"column":51},"end":{"line":67,"column":1}},"line":54},"2":{"name":"(anonymous_2)","decl":{"start":{"line":69,"column":23},"end":{"line":69,"column":24}},"loc":{"start":{"line":69,"column":43},"end":{"line":124,"column":1}},"line":69},"3":{"name":"(anonymous_3)","decl":{"start":{"line":126,"column":20},"end":{"line":126,"column":21}},"loc":{"start":{"line":126,"column":40},"end":{"line":167,"column":1}},"line":126},"4":{"name":"(anonymous_4)","decl":{"start":{"line":169,"column":21},"end":{"line":169,"column":22}},"loc":{"start":{"line":169,"column":41},"end":{"line":184,"column":1}},"line":169},"5":{"name":"(anonymous_5)","decl":{"start":{"line":186,"column":29},"end":{"line":186,"column":30}},"loc":{"start":{"line":186,"column":49},"end":{"line":220,"column":1}},"line":186},"6":{"name":"(anonymous_6)","decl":{"start":{"line":222,"column":35},"end":{"line":222,"column":36}},"loc":{"start":{"line":222,"column":55},"end":{"line":253,"column":1}},"line":222}},"branchMap":{"0":{"loc":{"start":{"line":27,"column":4},"end":{"line":29,"column":5}},"type":"if","locations":[{"start":{"line":27,"column":4},"end":{"line":29,"column":5}},{"start":{},"end":{}}],"line":27},"1":{"loc":{"start":{"line":31,"column":4},"end":{"line":36,"column":5}},"type":"if","locations":[{"start":{"line":31,"column":4},"end":{"line":36,"column":5}},{"start":{},"end":{}}],"line":31},"2":{"loc":{"start":{"line":33,"column":6},"end":{"line":35,"column":7}},"type":"if","locations":[{"start":{"line":33,"column":6},"end":{"line":35,"column":7}},{"start":{},"end":{}}],"line":33},"3":{"loc":{"start":{"line":60,"column":4},"end":{"line":62,"column":5}},"type":"if","locations":[{"start":{"line":60,"column":4},"end":{"line":62,"column":5}},{"start":{},"end":{}}],"line":60},"4":{"loc":{"start":{"line":87,"column":4},"end":{"line":89,"column":5}},"type":"if","locations":[{"start":{"line":87,"column":4},"end":{"line":89,"column":5}},{"start":{},"end":{}}],"line":87},"5":{"loc":{"start":{"line":106,"column":4},"end":{"line":108,"column":5}},"type":"if","locations":[{"start":{"line":106,"column":4},"end":{"line":108,"column":5}},{"start":{},"end":{}}],"line":106},"6":{"loc":{"start":{"line":133,"column":4},"end":{"line":135,"column":5}},"type":"if","locations":[{"start":{"line":133,"column":4},"end":{"line":135,"column":5}},{"start":{},"end":{}}],"line":133},"7":{"loc":{"start":{"line":137,"column":4},"end":{"line":139,"column":5}},"type":"if","locations":[{"start":{"line":137,"column":4},"end":{"line":139,"column":5}},{"start":{},"end":{}}],"line":137},"8":{"loc":{"start":{"line":145,"column":4},"end":{"line":147,"column":5}},"type":"if","locations":[{"start":{"line":145,"column":4},"end":{"line":147,"column":5}},{"start":{},"end":{}}],"line":145},"9":{"loc":{"start":{"line":174,"column":4},"end":{"line":176,"column":5}},"type":"if","locations":[{"start":{"line":174,"column":4},"end":{"line":176,"column":5}},{"start":{},"end":{}}],"line":174},"10":{"loc":{"start":{"line":192,"column":4},"end":{"line":194,"column":5}},"type":"if","locations":[{"start":{"line":192,"column":4},"end":{"line":194,"column":5}},{"start":{},"end":{}}],"line":192},"11":{"loc":{"start":{"line":198,"column":4},"end":{"line":200,"column":5}},"type":"if","locations":[{"start":{"line":198,"column":4},"end":{"line":200,"column":5}},{"start":{},"end":{}}],"line":198},"12":{"loc":{"start":{"line":233,"column":4},"end":{"line":235,"column":5}},"type":"if","locations":[{"start":{"line":233,"column":4},"end":{"line":235,"column":5}},{"start":{},"end":{}}],"line":233},"13":{"loc":{"start":{"line":239,"column":4},"end":{"line":241,"column":5}},"type":"if","locations":[{"start":{"line":239,"column":4},"end":{"line":241,"column":5}},{"start":{},"end":{}}],"line":239}},"s":{"0":2,"1":2,"2":2,"3":2,"4":2,"5":2,"6":2,"7":2,"8":2,"9":2,"10":2,"11":2,"12":2,"13":2,"14":2,"15":2,"16":2,"17":1,"18":1,"19":1,"20":1,"21":0,"22":1,"23":1,"24":1,"25":1,"26":1,"27":0,"28":2,"29":0,"30":0,"31":0,"32":0,"33":0,"34":0,"35":0,"36":2,"37":0,"38":0,"39":0,"40":0,"41":0,"42":0,"43":0,"44":0,"45":0,"46":0,"47":0,"48":0,"49":0,"50":0,"51":0,"52":2,"53":5,"54":5,"55":5,"56":5,"57":5,"58":1,"59":4,"60":1,"61":3,"62":3,"63":3,"64":1,"65":2,"66":2,"67":2,"68":2,"69":0,"70":2,"71":2,"72":2,"73":2,"74":2,"75":0,"76":2,"77":2,"78":0,"79":2,"80":3,"81":3,"82":3,"83":3,"84":1,"85":2,"86":2,"87":1,"88":1,"89":1,"90":1,"91":1,"92":1,"93":0,"94":0,"95":2,"96":3,"97":3,"98":3,"99":3,"100":3,"101":3,"102":3,"103":1,"104":2,"105":2,"106":1,"107":1,"108":1,"109":1,"110":0},"f":{"0":2,"1":0,"2":0,"3":5,"4":2,"5":3,"6":3},"b":{"0":[1,1],"1":[1,0],"2":[0,1],"3":[0,0],"4":[0,0],"5":[0,0],"6":[1,4],"7":[1,3],"8":[1,2],"9":[0,2],"10":[1,2],"11":[1,1],"12":[1,2],"13":[1,1]},"_coverageSchema":"1a1c01bbd47fc00a2c39e90264f33305004495a9","hash":"bbe759708f1ebcd2c26b8f57e43733e8d49db787"}
,"D:\\Phincon\\Ortech\\server\\src\\controller\\CategoryController.js": {"path":"D:\\Phincon\\Ortech\\server\\src\\controller\\CategoryController.js","statementMap":{"0":{"start":{"line":1,"column":23},"end":{"line":1,"column":52}},"1":{"start":{"line":2,"column":43},"end":{"line":2,"column":77}},"2":{"start":{"line":4,"column":0},"end":{"line":15,"column":2}},"3":{"start":{"line":5,"column":2},"end":{"line":14,"column":3}},"4":{"start":{"line":6,"column":23},"end":{"line":6,"column":51}},"5":{"start":{"line":8,"column":4},"end":{"line":10,"column":5}},"6":{"start":{"line":9,"column":6},"end":{"line":9,"column":74}},"7":{"start":{"line":11,"column":4},"end":{"line":11,"column":60}},"8":{"start":{"line":13,"column":4},"end":{"line":13,"column":75}},"9":{"start":{"line":17,"column":0},"end":{"line":34,"column":2}},"10":{"start":{"line":18,"column":2},"end":{"line":33,"column":3}},"11":{"start":{"line":19,"column":21},"end":{"line":19,"column":29}},"12":{"start":{"line":20,"column":31},"end":{"line":20,"column":76}},"13":{"start":{"line":21,"column":4},"end":{"line":23,"column":5}},"14":{"start":{"line":22,"column":6},"end":{"line":22,"column":67}},"15":{"start":{"line":25,"column":25},"end":{"line":25,"column":77}},"16":{"start":{"line":26,"column":4},"end":{"line":28,"column":5}},"17":{"start":{"line":27,"column":6},"end":{"line":27,"column":71}},"18":{"start":{"line":30,"column":4},"end":{"line":30,"column":38}},"19":{"start":{"line":32,"column":4},"end":{"line":32,"column":75}},"20":{"start":{"line":36,"column":0},"end":{"line":60,"column":2}},"21":{"start":{"line":37,"column":2},"end":{"line":59,"column":3}},"22":{"start":{"line":38,"column":19},"end":{"line":38,"column":29}},"23":{"start":{"line":39,"column":21},"end":{"line":39,"column":29}},"24":{"start":{"line":41,"column":21},"end":{"line":41,"column":50}},"25":{"start":{"line":43,"column":4},"end":{"line":45,"column":5}},"26":{"start":{"line":44,"column":6},"end":{"line":44,"column":72}},"27":{"start":{"line":47,"column":4},"end":{"line":52,"column":5}},"28":{"start":{"line":48,"column":31},"end":{"line":48,"column":76}},"29":{"start":{"line":49,"column":6},"end":{"line":51,"column":7}},"30":{"start":{"line":50,"column":8},"end":{"line":50,"column":78}},"31":{"start":{"line":54,"column":4},"end":{"line":54,"column":36}},"32":{"start":{"line":56,"column":4},"end":{"line":56,"column":66}},"33":{"start":{"line":58,"column":4},"end":{"line":58,"column":75}},"34":{"start":{"line":62,"column":0},"end":{"line":75,"column":2}},"35":{"start":{"line":63,"column":2},"end":{"line":74,"column":3}},"36":{"start":{"line":64,"column":19},"end":{"line":64,"column":29}},"37":{"start":{"line":65,"column":21},"end":{"line":65,"column":50}},"38":{"start":{"line":67,"column":4},"end":{"line":69,"column":5}},"39":{"start":{"line":68,"column":6},"end":{"line":68,"column":72}},"40":{"start":{"line":71,"column":4},"end":{"line":71,"column":29}},"41":{"start":{"line":73,"column":4},"end":{"line":73,"column":75}}},"fnMap":{"0":{"name":"(anonymous_0)","decl":{"start":{"line":4,"column":24},"end":{"line":4,"column":25}},"loc":{"start":{"line":4,"column":42},"end":{"line":15,"column":1}},"line":4},"1":{"name":"(anonymous_1)","decl":{"start":{"line":17,"column":25},"end":{"line":17,"column":26}},"loc":{"start":{"line":17,"column":45},"end":{"line":34,"column":1}},"line":17},"2":{"name":"(anonymous_2)","decl":{"start":{"line":36,"column":25},"end":{"line":36,"column":26}},"loc":{"start":{"line":36,"column":45},"end":{"line":60,"column":1}},"line":36},"3":{"name":"(anonymous_3)","decl":{"start":{"line":62,"column":25},"end":{"line":62,"column":26}},"loc":{"start":{"line":62,"column":45},"end":{"line":75,"column":1}},"line":62}},"branchMap":{"0":{"loc":{"start":{"line":8,"column":4},"end":{"line":10,"column":5}},"type":"if","locations":[{"start":{"line":8,"column":4},"end":{"line":10,"column":5}},{"start":{},"end":{}}],"line":8},"1":{"loc":{"start":{"line":21,"column":4},"end":{"line":23,"column":5}},"type":"if","locations":[{"start":{"line":21,"column":4},"end":{"line":23,"column":5}},{"start":{},"end":{}}],"line":21},"2":{"loc":{"start":{"line":26,"column":4},"end":{"line":28,"column":5}},"type":"if","locations":[{"start":{"line":26,"column":4},"end":{"line":28,"column":5}},{"start":{},"end":{}}],"line":26},"3":{"loc":{"start":{"line":43,"column":4},"end":{"line":45,"column":5}},"type":"if","locations":[{"start":{"line":43,"column":4},"end":{"line":45,"column":5}},{"start":{},"end":{}}],"line":43},"4":{"loc":{"start":{"line":47,"column":4},"end":{"line":52,"column":5}},"type":"if","locations":[{"start":{"line":47,"column":4},"end":{"line":52,"column":5}},{"start":{},"end":{}}],"line":47},"5":{"loc":{"start":{"line":49,"column":6},"end":{"line":51,"column":7}},"type":"if","locations":[{"start":{"line":49,"column":6},"end":{"line":51,"column":7}},{"start":{},"end":{}}],"line":49},"6":{"loc":{"start":{"line":67,"column":4},"end":{"line":69,"column":5}},"type":"if","locations":[{"start":{"line":67,"column":4},"end":{"line":69,"column":5}},{"start":{},"end":{}}],"line":67}},"s":{"0":2,"1":2,"2":2,"3":0,"4":0,"5":0,"6":0,"7":0,"8":0,"9":2,"10":0,"11":0,"12":0,"13":0,"14":0,"15":0,"16":0,"17":0,"18":0,"19":0,"20":2,"21":0,"22":0,"23":0,"24":0,"25":0,"26":0,"27":0,"28":0,"29":0,"30":0,"31":0,"32":0,"33":0,"34":2,"35":0,"36":0,"37":0,"38":0,"39":0,"40":0,"41":0},"f":{"0":0,"1":0,"2":0,"3":0},"b":{"0":[0,0],"1":[0,0],"2":[0,0],"3":[0,0],"4":[0,0],"5":[0,0],"6":[0,0]},"_coverageSchema":"1a1c01bbd47fc00a2c39e90264f33305004495a9","hash":"fa1e0b776e870401f83982b50c67263157d03382"}
,"D:\\Phincon\\Ortech\\server\\src\\controller\\MerchantsController.js": {"path":"D:\\Phincon\\Ortech\\server\\src\\controller\\MerchantsController.js","statementMap":{"0":{"start":{"line":1,"column":16},"end":{"line":1,"column":44}},"1":{"start":{"line":2,"column":42},"end":{"line":2,"column":71}},"2":{"start":{"line":3,"column":30},"end":{"line":3,"column":59}},"3":{"start":{"line":4,"column":28},"end":{"line":4,"column":62}},"4":{"start":{"line":5,"column":61},"end":{"line":5,"column":95}},"5":{"start":{"line":6,"column":43},"end":{"line":6,"column":77}},"6":{"start":{"line":7,"column":28},"end":{"line":7,"column":65}},"7":{"start":{"line":9,"column":0},"end":{"line":34,"column":2}},"8":{"start":{"line":10,"column":2},"end":{"line":33,"column":3}},"9":{"start":{"line":11,"column":27},"end":{"line":11,"column":62}},"10":{"start":{"line":12,"column":4},"end":{"line":14,"column":5}},"11":{"start":{"line":13,"column":6},"end":{"line":13,"column":66}},"12":{"start":{"line":16,"column":22},"end":{"line":26,"column":6}},"13":{"start":{"line":28,"column":4},"end":{"line":28,"column":49}},"14":{"start":{"line":30,"column":4},"end":{"line":30,"column":59}},"15":{"start":{"line":32,"column":4},"end":{"line":32,"column":75}},"16":{"start":{"line":36,"column":0},"end":{"line":63,"column":2}},"17":{"start":{"line":37,"column":2},"end":{"line":62,"column":3}},"18":{"start":{"line":38,"column":19},"end":{"line":38,"column":29}},"19":{"start":{"line":39,"column":21},"end":{"line":53,"column":6}},"20":{"start":{"line":55,"column":4},"end":{"line":57,"column":5}},"21":{"start":{"line":56,"column":6},"end":{"line":56,"column":72}},"22":{"start":{"line":59,"column":4},"end":{"line":59,"column":58}},"23":{"start":{"line":61,"column":4},"end":{"line":61,"column":75}},"24":{"start":{"line":65,"column":0},"end":{"line":89,"column":2}},"25":{"start":{"line":66,"column":2},"end":{"line":88,"column":3}},"26":{"start":{"line":67,"column":19},"end":{"line":67,"column":29}},"27":{"start":{"line":69,"column":21},"end":{"line":79,"column":6}},"28":{"start":{"line":81,"column":4},"end":{"line":83,"column":5}},"29":{"start":{"line":82,"column":6},"end":{"line":82,"column":64}},"30":{"start":{"line":85,"column":4},"end":{"line":85,"column":58}},"31":{"start":{"line":87,"column":4},"end":{"line":87,"column":75}},"32":{"start":{"line":91,"column":0},"end":{"line":108,"column":2}},"33":{"start":{"line":92,"column":2},"end":{"line":107,"column":3}},"34":{"start":{"line":93,"column":19},"end":{"line":93,"column":29}},"35":{"start":{"line":94,"column":28},"end":{"line":94,"column":36}},"36":{"start":{"line":96,"column":21},"end":{"line":96,"column":49}},"37":{"start":{"line":97,"column":4},"end":{"line":99,"column":5}},"38":{"start":{"line":98,"column":6},"end":{"line":98,"column":64}},"39":{"start":{"line":101,"column":4},"end":{"line":101,"column":36}},"40":{"start":{"line":102,"column":4},"end":{"line":102,"column":38}},"41":{"start":{"line":104,"column":4},"end":{"line":104,"column":83}},"42":{"start":{"line":106,"column":4},"end":{"line":106,"column":75}},"43":{"start":{"line":110,"column":0},"end":{"line":136,"column":2}},"44":{"start":{"line":111,"column":2},"end":{"line":135,"column":3}},"45":{"start":{"line":112,"column":19},"end":{"line":112,"column":29}},"46":{"start":{"line":113,"column":42},"end":{"line":113,"column":50}},"47":{"start":{"line":114,"column":21},"end":{"line":114,"column":49}},"48":{"start":{"line":116,"column":4},"end":{"line":118,"column":5}},"49":{"start":{"line":117,"column":6},"end":{"line":117,"column":59}},"50":{"start":{"line":119,"column":27},"end":{"line":119,"column":54}},"51":{"start":{"line":120,"column":34},"end":{"line":120,"column":68}},"52":{"start":{"line":121,"column":25},"end":{"line":124,"column":5}},"53":{"start":{"line":125,"column":4},"end":{"line":127,"column":5}},"54":{"start":{"line":126,"column":6},"end":{"line":126,"column":71}},"55":{"start":{"line":129,"column":27},"end":{"line":129,"column":64}},"56":{"start":{"line":130,"column":4},"end":{"line":130,"column":56}},"57":{"start":{"line":131,"column":4},"end":{"line":131,"column":38}},"58":{"start":{"line":132,"column":4},"end":{"line":132,"column":73}},"59":{"start":{"line":134,"column":4},"end":{"line":134,"column":75}},"60":{"start":{"line":138,"column":0},"end":{"line":153,"column":2}},"61":{"start":{"line":139,"column":2},"end":{"line":152,"column":3}},"62":{"start":{"line":140,"column":19},"end":{"line":140,"column":29}},"63":{"start":{"line":141,"column":21},"end":{"line":141,"column":49}},"64":{"start":{"line":142,"column":4},"end":{"line":144,"column":5}},"65":{"start":{"line":143,"column":6},"end":{"line":143,"column":59}},"66":{"start":{"line":146,"column":4},"end":{"line":146,"column":29}},"67":{"start":{"line":147,"column":4},"end":{"line":147,"column":38}},"68":{"start":{"line":149,"column":4},"end":{"line":149,"column":55}},"69":{"start":{"line":151,"column":4},"end":{"line":151,"column":75}}},"fnMap":{"0":{"name":"(anonymous_0)","decl":{"start":{"line":9,"column":23},"end":{"line":9,"column":24}},"loc":{"start":{"line":9,"column":41},"end":{"line":34,"column":1}},"line":9},"1":{"name":"(anonymous_1)","decl":{"start":{"line":36,"column":28},"end":{"line":36,"column":29}},"loc":{"start":{"line":36,"column":48},"end":{"line":63,"column":1}},"line":36},"2":{"name":"(anonymous_2)","decl":{"start":{"line":65,"column":29},"end":{"line":65,"column":30}},"loc":{"start":{"line":65,"column":49},"end":{"line":89,"column":1}},"line":65},"3":{"name":"(anonymous_3)","decl":{"start":{"line":91,"column":32},"end":{"line":91,"column":33}},"loc":{"start":{"line":91,"column":52},"end":{"line":108,"column":1}},"line":91},"4":{"name":"(anonymous_4)","decl":{"start":{"line":110,"column":33},"end":{"line":110,"column":34}},"loc":{"start":{"line":110,"column":53},"end":{"line":136,"column":1}},"line":110},"5":{"name":"(anonymous_5)","decl":{"start":{"line":138,"column":25},"end":{"line":138,"column":26}},"loc":{"start":{"line":138,"column":45},"end":{"line":153,"column":1}},"line":138}},"branchMap":{"0":{"loc":{"start":{"line":12,"column":4},"end":{"line":14,"column":5}},"type":"if","locations":[{"start":{"line":12,"column":4},"end":{"line":14,"column":5}},{"start":{},"end":{}}],"line":12},"1":{"loc":{"start":{"line":55,"column":4},"end":{"line":57,"column":5}},"type":"if","locations":[{"start":{"line":55,"column":4},"end":{"line":57,"column":5}},{"start":{},"end":{}}],"line":55},"2":{"loc":{"start":{"line":81,"column":4},"end":{"line":83,"column":5}},"type":"if","locations":[{"start":{"line":81,"column":4},"end":{"line":83,"column":5}},{"start":{},"end":{}}],"line":81},"3":{"loc":{"start":{"line":97,"column":4},"end":{"line":99,"column":5}},"type":"if","locations":[{"start":{"line":97,"column":4},"end":{"line":99,"column":5}},{"start":{},"end":{}}],"line":97},"4":{"loc":{"start":{"line":116,"column":4},"end":{"line":118,"column":5}},"type":"if","locations":[{"start":{"line":116,"column":4},"end":{"line":118,"column":5}},{"start":{},"end":{}}],"line":116},"5":{"loc":{"start":{"line":125,"column":4},"end":{"line":127,"column":5}},"type":"if","locations":[{"start":{"line":125,"column":4},"end":{"line":127,"column":5}},{"start":{},"end":{}}],"line":125},"6":{"loc":{"start":{"line":142,"column":4},"end":{"line":144,"column":5}},"type":"if","locations":[{"start":{"line":142,"column":4},"end":{"line":144,"column":5}},{"start":{},"end":{}}],"line":142}},"s":{"0":2,"1":2,"2":2,"3":2,"4":2,"5":2,"6":2,"7":2,"8":0,"9":0,"10":0,"11":0,"12":0,"13":0,"14":0,"15":0,"16":2,"17":0,"18":0,"19":0,"20":0,"21":0,"22":0,"23":0,"24":2,"25":0,"26":0,"27":0,"28":0,"29":0,"30":0,"31":0,"32":2,"33":0,"34":0,"35":0,"36":0,"37":0,"38":0,"39":0,"40":0,"41":0,"42":0,"43":2,"44":0,"45":0,"46":0,"47":0,"48":0,"49":0,"50":0,"51":0,"52":0,"53":0,"54":0,"55":0,"56":0,"57":0,"58":0,"59":0,"60":2,"61":0,"62":0,"63":0,"64":0,"65":0,"66":0,"67":0,"68":0,"69":0},"f":{"0":0,"1":0,"2":0,"3":0,"4":0,"5":0},"b":{"0":[0,0],"1":[0,0],"2":[0,0],"3":[0,0],"4":[0,0],"5":[0,0],"6":[0,0]},"_coverageSchema":"1a1c01bbd47fc00a2c39e90264f33305004495a9","hash":"9537737a80ea1767f38e71a503a673daa8a90bc4"}
,"D:\\Phincon\\Ortech\\server\\src\\controller\\PaymentController.js": {"path":"D:\\Phincon\\Ortech\\server\\src\\controller\\PaymentController.js","statementMap":{"0":{"start":{"line":1,"column":46},"end":{"line":1,"column":75}},"1":{"start":{"line":2,"column":30},"end":{"line":2,"column":59}},"2":{"start":{"line":3,"column":43},"end":{"line":3,"column":77}},"3":{"start":{"line":4,"column":37},"end":{"line":4,"column":75}},"4":{"start":{"line":6,"column":17},"end":{"line":6,"column":43}},"5":{"start":{"line":7,"column":36},"end":{"line":7,"column":71}},"6":{"start":{"line":8,"column":18},"end":{"line":8,"column":49}},"7":{"start":{"line":10,"column":11},"end":{"line":14,"column":2}},"8":{"start":{"line":16,"column":0},"end":{"line":72,"column":2}},"9":{"start":{"line":17,"column":2},"end":{"line":71,"column":3}},"10":{"start":{"line":18,"column":19},"end":{"line":18,"column":29}},"11":{"start":{"line":19,"column":44},"end":{"line":19,"column":52}},"12":{"start":{"line":21,"column":29},"end":{"line":21,"column":57}},"13":{"start":{"line":22,"column":28},"end":{"line":22,"column":54}},"14":{"start":{"line":24,"column":18},"end":{"line":24,"column":48}},"15":{"start":{"line":25,"column":17},"end":{"line":25,"column":41}},"16":{"start":{"line":26,"column":4},"end":{"line":28,"column":5}},"17":{"start":{"line":27,"column":6},"end":{"line":27,"column":64}},"18":{"start":{"line":31,"column":6},"end":{"line":31,"column":81}},"19":{"start":{"line":32,"column":26},"end":{"line":32,"column":62}},"20":{"start":{"line":34,"column":4},"end":{"line":36,"column":5}},"21":{"start":{"line":35,"column":6},"end":{"line":35,"column":76}},"22":{"start":{"line":38,"column":33},"end":{"line":41,"column":5}},"23":{"start":{"line":43,"column":21},"end":{"line":43,"column":94}},"24":{"start":{"line":45,"column":4},"end":{"line":47,"column":5}},"25":{"start":{"line":46,"column":6},"end":{"line":46,"column":65}},"26":{"start":{"line":49,"column":22},"end":{"line":64,"column":5}},"27":{"start":{"line":66,"column":18},"end":{"line":66,"column":62}},"28":{"start":{"line":68,"column":4},"end":{"line":68,"column":59}},"29":{"start":{"line":70,"column":4},"end":{"line":70,"column":75}},"30":{"start":{"line":74,"column":0},"end":{"line":114,"column":2}},"31":{"start":{"line":75,"column":2},"end":{"line":113,"column":3}},"32":{"start":{"line":76,"column":19},"end":{"line":76,"column":29}},"33":{"start":{"line":77,"column":72},"end":{"line":77,"column":80}},"34":{"start":{"line":78,"column":21},"end":{"line":78,"column":57}},"35":{"start":{"line":80,"column":4},"end":{"line":82,"column":5}},"36":{"start":{"line":81,"column":6},"end":{"line":81,"column":59}},"37":{"start":{"line":84,"column":18},"end":{"line":84,"column":48}},"38":{"start":{"line":85,"column":4},"end":{"line":87,"column":5}},"39":{"start":{"line":86,"column":6},"end":{"line":86,"column":56}},"40":{"start":{"line":89,"column":17},"end":{"line":89,"column":41}},"41":{"start":{"line":90,"column":4},"end":{"line":92,"column":5}},"42":{"start":{"line":91,"column":6},"end":{"line":91,"column":55}},"43":{"start":{"line":94,"column":29},"end":{"line":94,"column":57}},"44":{"start":{"line":95,"column":28},"end":{"line":95,"column":54}},"45":{"start":{"line":97,"column":23},"end":{"line":108,"column":6}},"46":{"start":{"line":110,"column":4},"end":{"line":110,"column":60}},"47":{"start":{"line":112,"column":4},"end":{"line":112,"column":75}},"48":{"start":{"line":116,"column":0},"end":{"line":141,"column":2}},"49":{"start":{"line":117,"column":2},"end":{"line":140,"column":3}},"50":{"start":{"line":118,"column":19},"end":{"line":118,"column":29}},"51":{"start":{"line":119,"column":21},"end":{"line":119,"column":49}},"52":{"start":{"line":120,"column":4},"end":{"line":122,"column":5}},"53":{"start":{"line":121,"column":6},"end":{"line":121,"column":59}},"54":{"start":{"line":124,"column":29},"end":{"line":135,"column":6}},"55":{"start":{"line":137,"column":4},"end":{"line":137,"column":67}},"56":{"start":{"line":139,"column":4},"end":{"line":139,"column":75}},"57":{"start":{"line":143,"column":0},"end":{"line":169,"column":2}},"58":{"start":{"line":144,"column":2},"end":{"line":168,"column":3}},"59":{"start":{"line":145,"column":19},"end":{"line":145,"column":29}},"60":{"start":{"line":146,"column":17},"end":{"line":146,"column":41}},"61":{"start":{"line":148,"column":4},"end":{"line":150,"column":5}},"62":{"start":{"line":149,"column":6},"end":{"line":149,"column":55}},"63":{"start":{"line":152,"column":24},"end":{"line":163,"column":6}},"64":{"start":{"line":165,"column":4},"end":{"line":165,"column":62}},"65":{"start":{"line":167,"column":4},"end":{"line":167,"column":75}},"66":{"start":{"line":171,"column":0},"end":{"line":222,"column":2}},"67":{"start":{"line":172,"column":2},"end":{"line":221,"column":3}},"68":{"start":{"line":173,"column":19},"end":{"line":173,"column":29}},"69":{"start":{"line":174,"column":30},"end":{"line":174,"column":40}},"70":{"start":{"line":175,"column":21},"end":{"line":175,"column":49}},"71":{"start":{"line":176,"column":4},"end":{"line":178,"column":5}},"72":{"start":{"line":177,"column":6},"end":{"line":177,"column":59}},"73":{"start":{"line":180,"column":20},"end":{"line":213,"column":6}},"74":{"start":{"line":214,"column":4},"end":{"line":216,"column":5}},"75":{"start":{"line":215,"column":6},"end":{"line":215,"column":58}},"76":{"start":{"line":218,"column":4},"end":{"line":218,"column":57}},"77":{"start":{"line":220,"column":4},"end":{"line":220,"column":75}},"78":{"start":{"line":224,"column":0},"end":{"line":276,"column":2}},"79":{"start":{"line":225,"column":2},"end":{"line":275,"column":3}},"80":{"start":{"line":226,"column":19},"end":{"line":226,"column":29}},"81":{"start":{"line":227,"column":30},"end":{"line":227,"column":40}},"82":{"start":{"line":228,"column":17},"end":{"line":228,"column":41}},"83":{"start":{"line":230,"column":4},"end":{"line":232,"column":5}},"84":{"start":{"line":231,"column":6},"end":{"line":231,"column":55}},"85":{"start":{"line":234,"column":20},"end":{"line":267,"column":6}},"86":{"start":{"line":268,"column":4},"end":{"line":270,"column":5}},"87":{"start":{"line":269,"column":6},"end":{"line":269,"column":58}},"88":{"start":{"line":272,"column":4},"end":{"line":272,"column":57}},"89":{"start":{"line":274,"column":4},"end":{"line":274,"column":75}},"90":{"start":{"line":278,"column":0},"end":{"line":311,"column":2}},"91":{"start":{"line":279,"column":2},"end":{"line":310,"column":3}},"92":{"start":{"line":280,"column":19},"end":{"line":280,"column":29}},"93":{"start":{"line":281,"column":24},"end":{"line":281,"column":32}},"94":{"start":{"line":282,"column":17},"end":{"line":286,"column":6}},"95":{"start":{"line":288,"column":4},"end":{"line":290,"column":5}},"96":{"start":{"line":289,"column":6},"end":{"line":289,"column":55}},"97":{"start":{"line":292,"column":20},"end":{"line":292,"column":65}},"98":{"start":{"line":294,"column":4},"end":{"line":296,"column":5}},"99":{"start":{"line":295,"column":6},"end":{"line":295,"column":58}},"100":{"start":{"line":298,"column":17},"end":{"line":303,"column":5}},"101":{"start":{"line":305,"column":4},"end":{"line":305,"column":20}},"102":{"start":{"line":307,"column":4},"end":{"line":307,"column":59}},"103":{"start":{"line":309,"column":4},"end":{"line":309,"column":75}}},"fnMap":{"0":{"name":"(anonymous_0)","decl":{"start":{"line":16,"column":29},"end":{"line":16,"column":30}},"loc":{"start":{"line":16,"column":49},"end":{"line":72,"column":1}},"line":16},"1":{"name":"(anonymous_1)","decl":{"start":{"line":74,"column":24},"end":{"line":74,"column":25}},"loc":{"start":{"line":74,"column":44},"end":{"line":114,"column":1}},"line":74},"2":{"name":"(anonymous_2)","decl":{"start":{"line":116,"column":32},"end":{"line":116,"column":33}},"loc":{"start":{"line":116,"column":50},"end":{"line":141,"column":1}},"line":116},"3":{"name":"(anonymous_3)","decl":{"start":{"line":143,"column":28},"end":{"line":143,"column":29}},"loc":{"start":{"line":143,"column":48},"end":{"line":169,"column":1}},"line":143},"4":{"name":"(anonymous_4)","decl":{"start":{"line":171,"column":35},"end":{"line":171,"column":36}},"loc":{"start":{"line":171,"column":55},"end":{"line":222,"column":1}},"line":171},"5":{"name":"(anonymous_5)","decl":{"start":{"line":224,"column":31},"end":{"line":224,"column":32}},"loc":{"start":{"line":224,"column":51},"end":{"line":276,"column":1}},"line":224},"6":{"name":"(anonymous_6)","decl":{"start":{"line":278,"column":32},"end":{"line":278,"column":33}},"loc":{"start":{"line":278,"column":52},"end":{"line":311,"column":1}},"line":278}},"branchMap":{"0":{"loc":{"start":{"line":26,"column":4},"end":{"line":28,"column":5}},"type":"if","locations":[{"start":{"line":26,"column":4},"end":{"line":28,"column":5}},{"start":{},"end":{}}],"line":26},"1":{"loc":{"start":{"line":26,"column":8},"end":{"line":26,"column":23}},"type":"binary-expr","locations":[{"start":{"line":26,"column":8},"end":{"line":26,"column":13}},{"start":{"line":26,"column":17},"end":{"line":26,"column":23}}],"line":26},"2":{"loc":{"start":{"line":34,"column":4},"end":{"line":36,"column":5}},"type":"if","locations":[{"start":{"line":34,"column":4},"end":{"line":36,"column":5}},{"start":{},"end":{}}],"line":34},"3":{"loc":{"start":{"line":45,"column":4},"end":{"line":47,"column":5}},"type":"if","locations":[{"start":{"line":45,"column":4},"end":{"line":47,"column":5}},{"start":{},"end":{}}],"line":45},"4":{"loc":{"start":{"line":80,"column":4},"end":{"line":82,"column":5}},"type":"if","locations":[{"start":{"line":80,"column":4},"end":{"line":82,"column":5}},{"start":{},"end":{}}],"line":80},"5":{"loc":{"start":{"line":85,"column":4},"end":{"line":87,"column":5}},"type":"if","locations":[{"start":{"line":85,"column":4},"end":{"line":87,"column":5}},{"start":{},"end":{}}],"line":85},"6":{"loc":{"start":{"line":90,"column":4},"end":{"line":92,"column":5}},"type":"if","locations":[{"start":{"line":90,"column":4},"end":{"line":92,"column":5}},{"start":{},"end":{}}],"line":90},"7":{"loc":{"start":{"line":120,"column":4},"end":{"line":122,"column":5}},"type":"if","locations":[{"start":{"line":120,"column":4},"end":{"line":122,"column":5}},{"start":{},"end":{}}],"line":120},"8":{"loc":{"start":{"line":148,"column":4},"end":{"line":150,"column":5}},"type":"if","locations":[{"start":{"line":148,"column":4},"end":{"line":150,"column":5}},{"start":{},"end":{}}],"line":148},"9":{"loc":{"start":{"line":176,"column":4},"end":{"line":178,"column":5}},"type":"if","locations":[{"start":{"line":176,"column":4},"end":{"line":178,"column":5}},{"start":{},"end":{}}],"line":176},"10":{"loc":{"start":{"line":214,"column":4},"end":{"line":216,"column":5}},"type":"if","locations":[{"start":{"line":214,"column":4},"end":{"line":216,"column":5}},{"start":{},"end":{}}],"line":214},"11":{"loc":{"start":{"line":230,"column":4},"end":{"line":232,"column":5}},"type":"if","locations":[{"start":{"line":230,"column":4},"end":{"line":232,"column":5}},{"start":{},"end":{}}],"line":230},"12":{"loc":{"start":{"line":268,"column":4},"end":{"line":270,"column":5}},"type":"if","locations":[{"start":{"line":268,"column":4},"end":{"line":270,"column":5}},{"start":{},"end":{}}],"line":268},"13":{"loc":{"start":{"line":288,"column":4},"end":{"line":290,"column":5}},"type":"if","locations":[{"start":{"line":288,"column":4},"end":{"line":290,"column":5}},{"start":{},"end":{}}],"line":288},"14":{"loc":{"start":{"line":294,"column":4},"end":{"line":296,"column":5}},"type":"if","locations":[{"start":{"line":294,"column":4},"end":{"line":296,"column":5}},{"start":{},"end":{}}],"line":294}},"s":{"0":2,"1":2,"2":2,"3":2,"4":2,"5":2,"6":2,"7":2,"8":2,"9":0,"10":0,"11":0,"12":0,"13":0,"14":0,"15":0,"16":0,"17":0,"18":0,"19":0,"20":0,"21":0,"22":0,"23":0,"24":0,"25":0,"26":0,"27":0,"28":0,"29":0,"30":2,"31":0,"32":0,"33":0,"34":0,"35":0,"36":0,"37":0,"38":0,"39":0,"40":0,"41":0,"42":0,"43":0,"44":0,"45":0,"46":0,"47":0,"48":2,"49":0,"50":0,"51":0,"52":0,"53":0,"54":0,"55":0,"56":0,"57":2,"58":0,"59":0,"60":0,"61":0,"62":0,"63":0,"64":0,"65":0,"66":2,"67":0,"68":0,"69":0,"70":0,"71":0,"72":0,"73":0,"74":0,"75":0,"76":0,"77":0,"78":2,"79":0,"80":0,"81":0,"82":0,"83":0,"84":0,"85":0,"86":0,"87":0,"88":0,"89":0,"90":2,"91":0,"92":0,"93":0,"94":0,"95":0,"96":0,"97":0,"98":0,"99":0,"100":0,"101":0,"102":0,"103":0},"f":{"0":0,"1":0,"2":0,"3":0,"4":0,"5":0,"6":0},"b":{"0":[0,0],"1":[0,0],"2":[0,0],"3":[0,0],"4":[0,0],"5":[0,0],"6":[0,0],"7":[0,0],"8":[0,0],"9":[0,0],"10":[0,0],"11":[0,0],"12":[0,0],"13":[0,0],"14":[0,0]},"_coverageSchema":"1a1c01bbd47fc00a2c39e90264f33305004495a9","hash":"9180b798acbec65094f85fba861586469fe0ee64"}
,"D:\\Phincon\\Ortech\\server\\src\\controller\\UserController.js": {"path":"D:\\Phincon\\Ortech\\server\\src\\controller\\UserController.js","statementMap":{"0":{"start":{"line":1,"column":18},"end":{"line":1,"column":47}},"1":{"start":{"line":2,"column":28},"end":{"line":2,"column":62}},"2":{"start":{"line":3,"column":43},"end":{"line":3,"column":77}},"3":{"start":{"line":4,"column":28},"end":{"line":4,"column":65}},"4":{"start":{"line":5,"column":16},"end":{"line":5,"column":44}},"5":{"start":{"line":6,"column":30},"end":{"line":6,"column":59}},"6":{"start":{"line":8,"column":0},"end":{"line":25,"column":2}},"7":{"start":{"line":9,"column":2},"end":{"line":24,"column":3}},"8":{"start":{"line":10,"column":19},"end":{"line":10,"column":29}},"9":{"start":{"line":11,"column":17},"end":{"line":15,"column":6}},"10":{"start":{"line":17,"column":4},"end":{"line":19,"column":5}},"11":{"start":{"line":18,"column":6},"end":{"line":18,"column":55}},"12":{"start":{"line":21,"column":4},"end":{"line":21,"column":54}},"13":{"start":{"line":23,"column":4},"end":{"line":23,"column":75}},"14":{"start":{"line":27,"column":0},"end":{"line":58,"column":2}},"15":{"start":{"line":28,"column":2},"end":{"line":57,"column":3}},"16":{"start":{"line":29,"column":19},"end":{"line":29,"column":29}},"17":{"start":{"line":30,"column":59},"end":{"line":30,"column":67}},"18":{"start":{"line":32,"column":18},"end":{"line":32,"column":30}},"19":{"start":{"line":33,"column":17},"end":{"line":37,"column":6}},"20":{"start":{"line":39,"column":4},"end":{"line":41,"column":5}},"21":{"start":{"line":40,"column":6},"end":{"line":40,"column":55}},"22":{"start":{"line":43,"column":25},"end":{"line":46,"column":5}},"23":{"start":{"line":48,"column":4},"end":{"line":50,"column":5}},"24":{"start":{"line":49,"column":6},"end":{"line":49,"column":71}},"25":{"start":{"line":52,"column":4},"end":{"line":52,"column":77}},"26":{"start":{"line":54,"column":4},"end":{"line":54,"column":66}},"27":{"start":{"line":56,"column":4},"end":{"line":56,"column":75}},"28":{"start":{"line":60,"column":0},"end":{"line":89,"column":2}},"29":{"start":{"line":61,"column":2},"end":{"line":88,"column":3}},"30":{"start":{"line":62,"column":19},"end":{"line":62,"column":29}},"31":{"start":{"line":64,"column":42},"end":{"line":64,"column":50}},"32":{"start":{"line":66,"column":29},"end":{"line":66,"column":56}},"33":{"start":{"line":67,"column":36},"end":{"line":67,"column":70}},"34":{"start":{"line":68,"column":17},"end":{"line":68,"column":41}},"35":{"start":{"line":69,"column":4},"end":{"line":71,"column":5}},"36":{"start":{"line":70,"column":6},"end":{"line":70,"column":55}},"37":{"start":{"line":73,"column":25},"end":{"line":76,"column":5}},"38":{"start":{"line":78,"column":4},"end":{"line":80,"column":5}},"39":{"start":{"line":79,"column":6},"end":{"line":79,"column":71}},"40":{"start":{"line":82,"column":27},"end":{"line":82,"column":66}},"41":{"start":{"line":84,"column":4},"end":{"line":84,"column":52}},"42":{"start":{"line":85,"column":4},"end":{"line":85,"column":69}},"43":{"start":{"line":87,"column":4},"end":{"line":87,"column":75}}},"fnMap":{"0":{"name":"(anonymous_0)","decl":{"start":{"line":8,"column":21},"end":{"line":8,"column":22}},"loc":{"start":{"line":8,"column":39},"end":{"line":25,"column":1}},"line":8},"1":{"name":"(anonymous_1)","decl":{"start":{"line":27,"column":28},"end":{"line":27,"column":29}},"loc":{"start":{"line":27,"column":48},"end":{"line":58,"column":1}},"line":27},"2":{"name":"(anonymous_2)","decl":{"start":{"line":60,"column":29},"end":{"line":60,"column":30}},"loc":{"start":{"line":60,"column":49},"end":{"line":89,"column":1}},"line":60}},"branchMap":{"0":{"loc":{"start":{"line":17,"column":4},"end":{"line":19,"column":5}},"type":"if","locations":[{"start":{"line":17,"column":4},"end":{"line":19,"column":5}},{"start":{},"end":{}}],"line":17},"1":{"loc":{"start":{"line":39,"column":4},"end":{"line":41,"column":5}},"type":"if","locations":[{"start":{"line":39,"column":4},"end":{"line":41,"column":5}},{"start":{},"end":{}}],"line":39},"2":{"loc":{"start":{"line":48,"column":4},"end":{"line":50,"column":5}},"type":"if","locations":[{"start":{"line":48,"column":4},"end":{"line":50,"column":5}},{"start":{},"end":{}}],"line":48},"3":{"loc":{"start":{"line":69,"column":4},"end":{"line":71,"column":5}},"type":"if","locations":[{"start":{"line":69,"column":4},"end":{"line":71,"column":5}},{"start":{},"end":{}}],"line":69},"4":{"loc":{"start":{"line":78,"column":4},"end":{"line":80,"column":5}},"type":"if","locations":[{"start":{"line":78,"column":4},"end":{"line":80,"column":5}},{"start":{},"end":{}}],"line":78}},"s":{"0":2,"1":2,"2":2,"3":2,"4":2,"5":2,"6":2,"7":1,"8":1,"9":1,"10":1,"11":0,"12":1,"13":0,"14":2,"15":0,"16":0,"17":0,"18":0,"19":0,"20":0,"21":0,"22":0,"23":0,"24":0,"25":0,"26":0,"27":0,"28":2,"29":0,"30":0,"31":0,"32":0,"33":0,"34":0,"35":0,"36":0,"37":0,"38":0,"39":0,"40":0,"41":0,"42":0,"43":0},"f":{"0":1,"1":0,"2":0},"b":{"0":[0,1],"1":[0,0],"2":[0,0],"3":[0,0],"4":[0,0]},"_coverageSchema":"1a1c01bbd47fc00a2c39e90264f33305004495a9","hash":"27414240dde0745d2db50ed10b4c93b9e9fe937d"}
,"D:\\Phincon\\Ortech\\server\\src\\controller\\VenueController.js": {"path":"D:\\Phincon\\Ortech\\server\\src\\controller\\VenueController.js","statementMap":{"0":{"start":{"line":1,"column":16},"end":{"line":1,"column":44}},"1":{"start":{"line":2,"column":39},"end":{"line":2,"column":68}},"2":{"start":{"line":3,"column":43},"end":{"line":3,"column":77}},"3":{"start":{"line":4,"column":35},"end":{"line":4,"column":73}},"4":{"start":{"line":5,"column":15},"end":{"line":5,"column":32}},"5":{"start":{"line":6,"column":28},"end":{"line":6,"column":65}},"6":{"start":{"line":8,"column":0},"end":{"line":21,"column":2}},"7":{"start":{"line":9,"column":2},"end":{"line":20,"column":3}},"8":{"start":{"line":10,"column":19},"end":{"line":10,"column":29}},"9":{"start":{"line":12,"column":18},"end":{"line":12,"column":69}},"10":{"start":{"line":13,"column":4},"end":{"line":15,"column":5}},"11":{"start":{"line":14,"column":6},"end":{"line":14,"column":68}},"12":{"start":{"line":17,"column":4},"end":{"line":17,"column":55}},"13":{"start":{"line":19,"column":4},"end":{"line":19,"column":75}},"14":{"start":{"line":23,"column":0},"end":{"line":65,"column":2}},"15":{"start":{"line":24,"column":2},"end":{"line":64,"column":3}},"16":{"start":{"line":25,"column":19},"end":{"line":25,"column":29}},"17":{"start":{"line":26,"column":18},"end":{"line":39,"column":6}},"18":{"start":{"line":41,"column":4},"end":{"line":43,"column":5}},"19":{"start":{"line":42,"column":6},"end":{"line":42,"column":75}},"20":{"start":{"line":45,"column":33},"end":{"line":48,"column":5}},"21":{"start":{"line":50,"column":22},"end":{"line":50,"column":32}},"22":{"start":{"line":51,"column":25},"end":{"line":51,"column":26}},"23":{"start":{"line":53,"column":29},"end":{"line":53,"column":98}},"24":{"start":{"line":55,"column":25},"end":{"line":59,"column":5}},"25":{"start":{"line":61,"column":4},"end":{"line":61,"column":62}},"26":{"start":{"line":63,"column":4},"end":{"line":63,"column":75}},"27":{"start":{"line":67,"column":0},"end":{"line":110,"column":2}},"28":{"start":{"line":68,"column":2},"end":{"line":109,"column":3}},"29":{"start":{"line":69,"column":19},"end":{"line":69,"column":29}},"30":{"start":{"line":70,"column":18},"end":{"line":70,"column":30}},"31":{"start":{"line":71,"column":48},"end":{"line":71,"column":56}},"32":{"start":{"line":73,"column":25},"end":{"line":73,"column":66}},"33":{"start":{"line":74,"column":21},"end":{"line":74,"column":49}},"34":{"start":{"line":76,"column":4},"end":{"line":78,"column":5}},"35":{"start":{"line":77,"column":6},"end":{"line":77,"column":50}},"36":{"start":{"line":79,"column":4},"end":{"line":81,"column":5}},"37":{"start":{"line":80,"column":6},"end":{"line":80,"column":65}},"38":{"start":{"line":83,"column":22},"end":{"line":83,"column":48}},"39":{"start":{"line":84,"column":20},"end":{"line":84,"column":44}},"40":{"start":{"line":86,"column":28},"end":{"line":86,"column":45}},"41":{"start":{"line":87,"column":26},"end":{"line":87,"column":41}},"42":{"start":{"line":89,"column":24},"end":{"line":89,"column":46}},"43":{"start":{"line":91,"column":21},"end":{"line":98,"column":5}},"44":{"start":{"line":99,"column":25},"end":{"line":99,"column":76}},"45":{"start":{"line":101,"column":4},"end":{"line":103,"column":5}},"46":{"start":{"line":102,"column":6},"end":{"line":102,"column":71}},"47":{"start":{"line":105,"column":4},"end":{"line":105,"column":34}},"48":{"start":{"line":106,"column":4},"end":{"line":106,"column":70}},"49":{"start":{"line":108,"column":4},"end":{"line":108,"column":75}},"50":{"start":{"line":112,"column":0},"end":{"line":151,"column":2}},"51":{"start":{"line":113,"column":2},"end":{"line":150,"column":3}},"52":{"start":{"line":114,"column":19},"end":{"line":114,"column":29}},"53":{"start":{"line":115,"column":61},"end":{"line":115,"column":69}},"54":{"start":{"line":116,"column":18},"end":{"line":116,"column":30}},"55":{"start":{"line":118,"column":18},"end":{"line":118,"column":48}},"56":{"start":{"line":119,"column":21},"end":{"line":119,"column":49}},"57":{"start":{"line":121,"column":22},"end":{"line":121,"column":48}},"58":{"start":{"line":122,"column":20},"end":{"line":122,"column":44}},"59":{"start":{"line":124,"column":28},"end":{"line":124,"column":45}},"60":{"start":{"line":125,"column":26},"end":{"line":125,"column":41}},"61":{"start":{"line":127,"column":4},"end":{"line":129,"column":5}},"62":{"start":{"line":128,"column":6},"end":{"line":128,"column":68}},"63":{"start":{"line":131,"column":21},"end":{"line":138,"column":5}},"64":{"start":{"line":140,"column":26},"end":{"line":140,"column":77}},"65":{"start":{"line":141,"column":4},"end":{"line":143,"column":5}},"66":{"start":{"line":142,"column":6},"end":{"line":142,"column":72}},"67":{"start":{"line":145,"column":4},"end":{"line":145,"column":33}},"68":{"start":{"line":147,"column":4},"end":{"line":147,"column":66}},"69":{"start":{"line":149,"column":4},"end":{"line":149,"column":75}},"70":{"start":{"line":153,"column":0},"end":{"line":170,"column":2}},"71":{"start":{"line":154,"column":2},"end":{"line":169,"column":3}},"72":{"start":{"line":155,"column":31},"end":{"line":155,"column":41}},"73":{"start":{"line":156,"column":19},"end":{"line":156,"column":29}},"74":{"start":{"line":158,"column":18},"end":{"line":158,"column":43}},"75":{"start":{"line":159,"column":21},"end":{"line":159,"column":57}},"76":{"start":{"line":161,"column":4},"end":{"line":163,"column":5}},"77":{"start":{"line":162,"column":6},"end":{"line":162,"column":68}},"78":{"start":{"line":165,"column":4},"end":{"line":165,"column":26}},"79":{"start":{"line":166,"column":4},"end":{"line":166,"column":55}},"80":{"start":{"line":168,"column":4},"end":{"line":168,"column":75}}},"fnMap":{"0":{"name":"(anonymous_0)","decl":{"start":{"line":8,"column":35},"end":{"line":8,"column":36}},"loc":{"start":{"line":8,"column":53},"end":{"line":21,"column":1}},"line":8},"1":{"name":"(anonymous_1)","decl":{"start":{"line":23,"column":35},"end":{"line":23,"column":36}},"loc":{"start":{"line":23,"column":55},"end":{"line":65,"column":1}},"line":23},"2":{"name":"(anonymous_2)","decl":{"start":{"line":67,"column":22},"end":{"line":67,"column":23}},"loc":{"start":{"line":67,"column":42},"end":{"line":110,"column":1}},"line":67},"3":{"name":"(anonymous_3)","decl":{"start":{"line":112,"column":22},"end":{"line":112,"column":23}},"loc":{"start":{"line":112,"column":42},"end":{"line":151,"column":1}},"line":112},"4":{"name":"(anonymous_4)","decl":{"start":{"line":153,"column":22},"end":{"line":153,"column":23}},"loc":{"start":{"line":153,"column":42},"end":{"line":170,"column":1}},"line":153}},"branchMap":{"0":{"loc":{"start":{"line":13,"column":4},"end":{"line":15,"column":5}},"type":"if","locations":[{"start":{"line":13,"column":4},"end":{"line":15,"column":5}},{"start":{},"end":{}}],"line":13},"1":{"loc":{"start":{"line":41,"column":4},"end":{"line":43,"column":5}},"type":"if","locations":[{"start":{"line":41,"column":4},"end":{"line":43,"column":5}},{"start":{},"end":{}}],"line":41},"2":{"loc":{"start":{"line":76,"column":4},"end":{"line":78,"column":5}},"type":"if","locations":[{"start":{"line":76,"column":4},"end":{"line":78,"column":5}},{"start":{},"end":{}}],"line":76},"3":{"loc":{"start":{"line":79,"column":4},"end":{"line":81,"column":5}},"type":"if","locations":[{"start":{"line":79,"column":4},"end":{"line":81,"column":5}},{"start":{},"end":{}}],"line":79},"4":{"loc":{"start":{"line":101,"column":4},"end":{"line":103,"column":5}},"type":"if","locations":[{"start":{"line":101,"column":4},"end":{"line":103,"column":5}},{"start":{},"end":{}}],"line":101},"5":{"loc":{"start":{"line":127,"column":4},"end":{"line":129,"column":5}},"type":"if","locations":[{"start":{"line":127,"column":4},"end":{"line":129,"column":5}},{"start":{},"end":{}}],"line":127},"6":{"loc":{"start":{"line":127,"column":8},"end":{"line":127,"column":27}},"type":"binary-expr","locations":[{"start":{"line":127,"column":8},"end":{"line":127,"column":14}},{"start":{"line":127,"column":18},"end":{"line":127,"column":27}}],"line":127},"7":{"loc":{"start":{"line":141,"column":4},"end":{"line":143,"column":5}},"type":"if","locations":[{"start":{"line":141,"column":4},"end":{"line":143,"column":5}},{"start":{},"end":{}}],"line":141},"8":{"loc":{"start":{"line":161,"column":4},"end":{"line":163,"column":5}},"type":"if","locations":[{"start":{"line":161,"column":4},"end":{"line":163,"column":5}},{"start":{},"end":{}}],"line":161},"9":{"loc":{"start":{"line":161,"column":8},"end":{"line":161,"column":27}},"type":"binary-expr","locations":[{"start":{"line":161,"column":8},"end":{"line":161,"column":14}},{"start":{"line":161,"column":18},"end":{"line":161,"column":27}}],"line":161}},"s":{"0":2,"1":2,"2":2,"3":2,"4":2,"5":2,"6":2,"7":0,"8":0,"9":0,"10":0,"11":0,"12":0,"13":0,"14":2,"15":0,"16":0,"17":0,"18":0,"19":0,"20":0,"21":0,"22":0,"23":0,"24":0,"25":0,"26":0,"27":2,"28":0,"29":0,"30":0,"31":0,"32":0,"33":0,"34":0,"35":0,"36":0,"37":0,"38":0,"39":0,"40":0,"41":0,"42":0,"43":0,"44":0,"45":0,"46":0,"47":0,"48":0,"49":0,"50":2,"51":0,"52":0,"53":0,"54":0,"55":0,"56":0,"57":0,"58":0,"59":0,"60":0,"61":0,"62":0,"63":0,"64":0,"65":0,"66":0,"67":0,"68":0,"69":0,"70":2,"71":0,"72":0,"73":0,"74":0,"75":0,"76":0,"77":0,"78":0,"79":0,"80":0},"f":{"0":0,"1":0,"2":0,"3":0,"4":0},"b":{"0":[0,0],"1":[0,0],"2":[0,0],"3":[0,0],"4":[0,0],"5":[0,0],"6":[0,0],"7":[0,0],"8":[0,0],"9":[0,0]},"_coverageSchema":"1a1c01bbd47fc00a2c39e90264f33305004495a9","hash":"d052769c6ffba78d990dcf4221b15fe78ce2fee4"}
,"D:\\Phincon\\Ortech\\server\\src\\database\\models\\categories.js": {"path":"D:\\Phincon\\Ortech\\server\\src\\database\\models\\categories.js","statementMap":{"0":{"start":{"line":2,"column":18},"end":{"line":2,"column":38}},"1":{"start":{"line":3,"column":0},"end":{"line":30,"column":2}},"2":{"start":{"line":13,"column":6},"end":{"line":17,"column":9}},"3":{"start":{"line":20,"column":2},"end":{"line":28,"column":4}},"4":{"start":{"line":29,"column":2},"end":{"line":29,"column":20}}},"fnMap":{"0":{"name":"(anonymous_0)","decl":{"start":{"line":3,"column":17},"end":{"line":3,"column":18}},"loc":{"start":{"line":3,"column":43},"end":{"line":30,"column":1}},"line":3},"1":{"name":"(anonymous_1)","decl":{"start":{"line":10,"column":4},"end":{"line":10,"column":5}},"loc":{"start":{"line":10,"column":29},"end":{"line":18,"column":5}},"line":10}},"branchMap":{},"s":{"0":2,"1":2,"2":2,"3":2,"4":2},"f":{"0":2,"1":2},"b":{},"_coverageSchema":"1a1c01bbd47fc00a2c39e90264f33305004495a9","hash":"483a13b20618f2654cec3840bc4d5c4de3d7331f"}
,"D:\\Phincon\\Ortech\\server\\src\\database\\models\\index.js": {"path":"D:\\Phincon\\Ortech\\server\\src\\database\\models\\index.js","statementMap":{"0":{"start":{"line":3,"column":11},"end":{"line":3,"column":24}},"1":{"start":{"line":4,"column":13},"end":{"line":4,"column":28}},"2":{"start":{"line":5,"column":18},"end":{"line":5,"column":38}},"3":{"start":{"line":6,"column":16},"end":{"line":6,"column":34}},"4":{"start":{"line":7,"column":17},"end":{"line":7,"column":42}},"5":{"start":{"line":8,"column":12},"end":{"line":8,"column":49}},"6":{"start":{"line":9,"column":15},"end":{"line":9,"column":68}},"7":{"start":{"line":10,"column":11},"end":{"line":10,"column":13}},"8":{"start":{"line":13,"column":0},"end":{"line":17,"column":1}},"9":{"start":{"line":14,"column":2},"end":{"line":14,"column":74}},"10":{"start":{"line":16,"column":2},"end":{"line":16,"column":87}},"11":{"start":{"line":19,"column":0},"end":{"line":32,"column":5}},"12":{"start":{"line":22,"column":4},"end":{"line":27,"column":6}},"13":{"start":{"line":30,"column":18},"end":{"line":30,"column":85}},"14":{"start":{"line":31,"column":4},"end":{"line":31,"column":27}},"15":{"start":{"line":34,"column":0},"end":{"line":38,"column":3}},"16":{"start":{"line":35,"column":2},"end":{"line":37,"column":3}},"17":{"start":{"line":36,"column":4},"end":{"line":36,"column":32}},"18":{"start":{"line":40,"column":0},"end":{"line":40,"column":25}},"19":{"start":{"line":41,"column":0},"end":{"line":41,"column":25}},"20":{"start":{"line":43,"column":0},"end":{"line":43,"column":20}}},"fnMap":{"0":{"name":"(anonymous_0)","decl":{"start":{"line":21,"column":10},"end":{"line":21,"column":11}},"loc":{"start":{"line":21,"column":18},"end":{"line":28,"column":3}},"line":21},"1":{"name":"(anonymous_1)","decl":{"start":{"line":29,"column":11},"end":{"line":29,"column":12}},"loc":{"start":{"line":29,"column":19},"end":{"line":32,"column":3}},"line":29},"2":{"name":"(anonymous_2)","decl":{"start":{"line":34,"column":24},"end":{"line":34,"column":25}},"loc":{"start":{"line":34,"column":37},"end":{"line":38,"column":1}},"line":34}},"branchMap":{"0":{"loc":{"start":{"line":8,"column":12},"end":{"line":8,"column":49}},"type":"binary-expr","locations":[{"start":{"line":8,"column":12},"end":{"line":8,"column":32}},{"start":{"line":8,"column":36},"end":{"line":8,"column":49}}],"line":8},"1":{"loc":{"start":{"line":13,"column":0},"end":{"line":17,"column":1}},"type":"if","locations":[{"start":{"line":13,"column":0},"end":{"line":17,"column":1}},{"start":{"line":15,"column":7},"end":{"line":17,"column":1}}],"line":13},"2":{"loc":{"start":{"line":23,"column":6},"end":{"line":26,"column":37}},"type":"binary-expr","locations":[{"start":{"line":23,"column":6},"end":{"line":23,"column":29}},{"start":{"line":24,"column":6},"end":{"line":24,"column":23}},{"start":{"line":25,"column":6},"end":{"line":25,"column":30}},{"start":{"line":26,"column":6},"end":{"line":26,"column":37}}],"line":23},"3":{"loc":{"start":{"line":35,"column":2},"end":{"line":37,"column":3}},"type":"if","locations":[{"start":{"line":35,"column":2},"end":{"line":37,"column":3}},{"start":{},"end":{}}],"line":35}},"s":{"0":2,"1":2,"2":2,"3":2,"4":2,"5":2,"6":2,"7":2,"8":2,"9":0,"10":2,"11":2,"12":14,"13":12,"14":12,"15":2,"16":12,"17":12,"18":2,"19":2,"20":2},"f":{"0":14,"1":12,"2":12},"b":{"0":[2,0],"1":[0,2],"2":[14,14,12,12],"3":[12,0]},"_coverageSchema":"1a1c01bbd47fc00a2c39e90264f33305004495a9","hash":"822131961a972719275e4eadced92842f0ba2c53"}
[...]
,"D:\\Phincon\\Ortech\\server\\src\\helpers\\SendEmail.js": {"path":"D:\\Phincon\\Ortech\\server\\src\\helpers\\SendEmail.js","statementMap":{"0":{"start":{"line":1,"column":19},"end":{"line":1,"column":40}},"1":{"start":{"line":3,"column":18},"end":{"line":23,"column":1}},"2":{"start":{"line":4,"column":20},"end":{"line":12,"column":4}},"3":{"start":{"line":14,"column":13},"end":{"line":20,"column":4}},"4":{"start":{"line":21,"column":21},"end":{"line":21,"column":55}},"5":{"start":{"line":22,"column":2},"end":{"line":22,"column":30}},"6":{"start":{"line":25,"column":0},"end":{"line":25,"column":27}}},"fnMap":{"0":{"name":"(anonymous_0)","decl":{"start":{"line":3,"column":18},"end":{"line":3,"column":19}},"loc":{"start":{"line":3,"column":34},"end":{"line":23,"column":1}},"line":3}},"branchMap":{},"s":{"0":2,"1":2,"2":2,"3":2,"4":0,"5":0,"6":2},"f":{"0":2},"b":{},"_coverageSchema":"1a1c01bbd47fc00a2c39e90264f33305004495a9","hash":"0ef96d99234191c4fb052d193efa110713336a79"}
,"D:\\Phincon\\Ortech\\server\\src\\helpers\\UploadImage.js": {"path":"D:\\Phincon\\Ortech\\server\\src\\helpers\\UploadImage.js","statementMap":{"0":{"start":{"line":1,"column":14},"end":{"line":1,"column":30}},"1":{"start":{"line":2,"column":17},"end":{"line":2,"column":37}},"2":{"start":{"line":4,"column":20},"end":{"line":23,"column":1}},"3":{"start":{"line":5,"column":2},"end":{"line":22,"column":3}},"4":{"start":{"line":6,"column":21},"end":{"line":6,"column":35}},"5":{"start":{"line":7,"column":4},"end":{"line":7,"column":50}},"6":{"start":{"line":8,"column":4},"end":{"line":10,"column":7}},"7":{"start":{"line":12,"column":21},"end":{"line":16,"column":6}},"8":{"start":{"line":18,"column":21},"end":{"line":18,"column":43}},"9":{"start":{"line":19,"column":4},"end":{"line":19,"column":20}},"10":{"start":{"line":21,"column":4},"end":{"line":21,"column":16}},"11":{"start":{"line":25,"column":0},"end":{"line":25,"column":29}}},"fnMap":{"0":{"name":"(anonymous_0)","decl":{"start":{"line":4,"column":20},"end":{"line":4,"column":21}},"loc":{"start":{"line":4,"column":41},"end":{"line":23,"column":1}},"line":4}},"branchMap":{},"s":{"0":2,"1":2,"2":2,"3":2,"4":2,"5":2,"6":2,"7":0,"8":0,"9":0,"10":2,"11":2},"f":{"0":2},"b":{},"_coverageSchema":"1a1c01bbd47fc00a2c39e90264f33305004495a9","hash":"e07c083bb12e27c17b7e87197ade97812b828f3d"}
,"D:\\Phincon\\Ortech\\server\\src\\helpers\\ValidateRequest.js": {"path":"D:\\Phincon\\Ortech\\server\\src\\helpers\\ValidateRequest.js","statementMap":{"0":{"start":{"line":1,"column":24},"end":{"line":8,"column":1}},"1":{"start":{"line":2,"column":20},"end":{"line":2,"column":41}},"2":{"start":{"line":4,"column":2},"end":{"line":7,"column":3}},"3":{"start":{"line":5,"column":25},"end":{"line":5,"column":49}},"4":{"start":{"line":6,"column":4},"end":{"line":6,"column":37}},"5":{"start":{"line":10,"column":0},"end":{"line":10,"column":37}}},"fnMap":{"0":{"name":"(anonymous_0)","decl":{"start":{"line":1,"column":24},"end":{"line":1,"column":25}},"loc":{"start":{"line":1,"column":42},"end":{"line":8,"column":1}},"line":1}},"branchMap":{"0":{"loc":{"start":{"line":4,"column":2},"end":{"line":7,"column":3}},"type":"if","locations":[{"start":{"line":4,"column":2},"end":{"line":7,"column":3}},{"start":{},"end":{}}],"line":4}},"s":{"0":2,"1":11,"2":11,"3":3,"4":3,"5":2},"f":{"0":11},"b":{"0":[3,8]},"_coverageSchema":"1a1c01bbd47fc00a2c39e90264f33305004495a9","hash":"dcc73a4e409eaa2156197bf9530f98c0aedcd681"}
,"D:\\Phincon\\Ortech\\server\\src\\helpers\\VerifyToken.js": {"path":"D:\\Phincon\\Ortech\\server\\src\\helpers\\VerifyToken.js","statementMap":{"0":{"start":{"line":1,"column":12},"end":{"line":1,"column":35}},"1":{"start":{"line":3,"column":25},"end":{"line":10,"column":1}},"2":{"start":{"line":4,"column":2},"end":{"line":9,"column":3}},"3":{"start":{"line":5,"column":20},"end":{"line":5,"column":67}},"4":{"start":{"line":6,"column":4},"end":{"line":6,"column":19}},"5":{"start":{"line":8,"column":4},"end":{"line":8,"column":16}},"6":{"start":{"line":12,"column":0},"end":{"line":12,"column":38}}},"fnMap":{"0":{"name":"(anonymous_0)","decl":{"start":{"line":3,"column":25},"end":{"line":3,"column":26}},"loc":{"start":{"line":3,"column":36},"end":{"line":10,"column":1}},"line":3}},"branchMap":{},"s":{"0":2,"1":2,"2":0,"3":0,"4":0,"5":0,"6":2},"f":{"0":0},"b":{},"_coverageSchema":"1a1c01bbd47fc00a2c39e90264f33305004495a9","hash":"3dc4c52d3010e6216f57dee55bbe8a2effffd51e"}
,"D:\\Phincon\\Ortech\\server\\src\\middleware\\CheckBooking.js": {"path":"D:\\Phincon\\Ortech\\server\\src\\middleware\\CheckBooking.js","statementMap":{"0":{"start":{"line":1,"column":35},"end":{"line":1,"column":64}},"1":{"start":{"line":3,"column":26},"end":{"line":3,"column":60}},"2":{"start":{"line":4,"column":37},"end":{"line":4,"column":75}},"3":{"start":{"line":5,"column":15},"end":{"line":5,"column":35}},"4":{"start":{"line":6,"column":30},"end":{"line":6,"column":59}},"5":{"start":{"line":8,"column":0},"end":{"line":61,"column":2}},"6":{"start":{"line":9,"column":2},"end":{"line":60,"column":3}},"7":{"start":{"line":10,"column":19},"end":{"line":10,"column":29}},"8":{"start":{"line":11,"column":44},"end":{"line":11,"column":52}},"9":{"start":{"line":13,"column":29},"end":{"line":13,"column":57}},"10":{"start":{"line":14,"column":28},"end":{"line":14,"column":54}},"11":{"start":{"line":16,"column":18},"end":{"line":16,"column":48}},"12":{"start":{"line":17,"column":17},"end":{"line":17,"column":41}},"13":{"start":{"line":18,"column":4},"end":{"line":20,"column":5}},"14":{"start":{"line":19,"column":6},"end":{"line":19,"column":64}},"15":{"start":{"line":22,"column":4},"end":{"line":24,"column":5}},"16":{"start":{"line":23,"column":6},"end":{"line":23,"column":76}},"17":{"start":{"line":26,"column":33},"end":{"line":29,"column":5}},"18":{"start":{"line":31,"column":21},"end":{"line":31,"column":87}},"19":{"start":{"line":33,"column":4},"end":{"line":35,"column":5}},"20":{"start":{"line":34,"column":6},"end":{"line":34,"column":65}},"21":{"start":{"line":36,"column":31},"end":{"line":46,"column":6}},"22":{"start":{"line":48,"column":4},"end":{"line":55,"column":5}},"23":{"start":{"line":49,"column":6},"end":{"line":54,"column":8}},"24":{"start":{"line":57,"column":4},"end":{"line":57,"column":11}},"25":{"start":{"line":59,"column":4},"end":{"line":59,"column":75}}},"fnMap":{"0":{"name":"(anonymous_0)","decl":{"start":{"line":8,"column":23},"end":{"line":8,"column":24}},"loc":{"start":{"line":8,"column":49},"end":{"line":61,"column":1}},"line":8}},"branchMap":{"0":{"loc":{"start":{"line":18,"column":4},"end":{"line":20,"column":5}},"type":"if","locations":[{"start":{"line":18,"column":4},"end":{"line":20,"column":5}},{"start":{},"end":{}}],"line":18},"1":{"loc":{"start":{"line":18,"column":8},"end":{"line":18,"column":23}},"type":"binary-expr","locations":[{"start":{"line":18,"column":8},"end":{"line":18,"column":13}},{"start":{"line":18,"column":17},"end":{"line":18,"column":23}}],"line":18},"2":{"loc":{"start":{"line":22,"column":4},"end":{"line":24,"column":5}},"type":"if","locations":[{"start":{"line":22,"column":4},"end":{"line":24,"column":5}},{"start":{},"end":{}}],"line":22},"3":{"loc":{"start":{"line":33,"column":4},"end":{"line":35,"column":5}},"type":"if","locations":[{"start":{"line":33,"column":4},"end":{"line":35,"column":5}},{"start":{},"end":{}}],"line":33},"4":{"loc":{"start":{"line":48,"column":4},"end":{"line":55,"column":5}},"type":"if","locations":[{"start":{"line":48,"column":4},"end":{"line":55,"column":5}},{"start":{},"end":{}}],"line":48}},"s":{"0":2,"1":2,"2":2,"3":2,"4":2,"5":2,"6":0,"7":0,"8":0,"9":0,"10":0,"11":0,"12":0,"13":0,"14":0,"15":0,"16":0,"17":0,"18":0,"19":0,"20":0,"21":0,"22":0,"23":0,"24":0,"25":0},"f":{"0":0},"b":{"0":[0,0],"1":[0,0],"2":[0,0],"3":[0,0],"4":[0,0]},"_coverageSchema":"1a1c01bbd47fc00a2c39e90264f33305004495a9","hash":"6e7cc8e55d6dde7249da31ce3c2fa5e287cac323"}
,"D:\\Phincon\\Ortech\\server\\src\\middleware\\UploadMiddleware.js": {"path":"D:\\Phincon\\Ortech\\server\\src\\middleware\\UploadMiddleware.js","statementMap":{"0":{"start":{"line":1,"column":15},"end":{"line":1,"column":32}},"1":{"start":{"line":2,"column":20},"end":{"line":2,"column":53}},"2":{"start":{"line":3,"column":26},"end":{"line":3,"column":60}},"3":{"start":{"line":5,"column":15},"end":{"line":5,"column":23}},"4":{"start":{"line":7,"column":25},"end":{"line":27,"column":1}},"5":{"start":{"line":8,"column":2},"end":{"line":26,"column":3}},"6":{"start":{"line":9,"column":4},"end":{"line":23,"column":7}},"7":{"start":{"line":10,"column":6},"end":{"line":14,"column":7}},"8":{"start":{"line":11,"column":8},"end":{"line":11,"column":77}},"9":{"start":{"line":12,"column":13},"end":{"line":14,"column":7}},"10":{"start":{"line":13,"column":8},"end":{"line":13,"column":69}},"11":{"start":{"line":15,"column":6},"end":{"line":22,"column":7}},"12":{"start":{"line":16,"column":25},"end":{"line":16,"column":52}},"13":{"start":{"line":17,"column":8},"end":{"line":17,"column":32}},"14":{"start":{"line":18,"column":8},"end":{"line":18,"column":15}},"15":{"start":{"line":20,"column":8},"end":{"line":20,"column":40}},"16":{"start":{"line":21,"column":8},"end":{"line":21,"column":71}},"17":{"start":{"line":25,"column":4},"end":{"line":25,"column":67}},"18":{"start":{"line":29,"column":0},"end":{"line":29,"column":34}}},"fnMap":{"0":{"name":"(anonymous_0)","decl":{"start":{"line":7,"column":25},"end":{"line":7,"column":26}},"loc":{"start":{"line":7,"column":51},"end":{"line":27,"column":1}},"line":7},"1":{"name":"(anonymous_1)","decl":{"start":{"line":9,"column":37},"end":{"line":9,"column":38}},"loc":{"start":{"line":9,"column":52},"end":{"line":23,"column":5}},"line":9}},"branchMap":{"0":{"loc":{"start":{"line":10,"column":6},"end":{"line":14,"column":7}},"type":"if","locations":[{"start":{"line":10,"column":6},"end":{"line":14,"column":7}},{"start":{"line":12,"column":13},"end":{"line":14,"column":7}}],"line":10},"1":{"loc":{"start":{"line":12,"column":13},"end":{"line":14,"column":7}},"type":"if","locations":[{"start":{"line":12,"column":13},"end":{"line":14,"column":7}},{"start":{},"end":{}}],"line":12}},"s":{"0":2,"1":2,"2":2,"3":2,"4":2,"5":2,"6":2,"7":2,"8":0,"9":2,"10":0,"11":2,"12":2,"13":0,"14":0,"15":2,"16":2,"17":0,"18":2},"f":{"0":2,"1":2},"b":{"0":[0,2],"1":[0,2]},"_coverageSchema":"1a1c01bbd47fc00a2c39e90264f33305004495a9","hash":"38af23a53a0e1835d4835b8d85d286c95ebb182d"}
,"D:\\Phincon\\Ortech\\server\\src\\routes\\authMerchantRoutes.js": {"path":"D:\\Phincon\\Ortech\\server\\src\\routes\\authMerchantRoutes.js","statementMap":{"0":{"start":{"line":1,"column":16},"end":{"line":1,"column":34}},"1":{"start":{"line":10,"column":4},"end":{"line":10,"column":51}},"2":{"start":{"line":11,"column":53},"end":{"line":11,"column":88}},"3":{"start":{"line":12,"column":25},"end":{"line":12,"column":66}},"4":{"start":{"line":14,"column":15},"end":{"line":14,"column":31}},"5":{"start":{"line":16,"column":0},"end":{"line":16,"column":60}},"6":{"start":{"line":17,"column":0},"end":{"line":17,"column":37}},"7":{"start":{"line":18,"column":0},"end":{"line":18,"column":81}},"8":{"start":{"line":19,"column":0},"end":{"line":19,"column":53}},"9":{"start":{"line":20,"column":0},"end":{"line":20,"column":57}},"10":{"start":{"line":21,"column":0},"end":{"line":21,"column":56}},"11":{"start":{"line":22,"column":0},"end":{"line":22,"column":76}},"12":{"start":{"line":24,"column":0},"end":{"line":24,"column":24}}},"fnMap":{},"branchMap":{},"s":{"0":2,"1":2,"2":2,"3":2,"4":2,"5":2,"6":2,"7":2,"8":2,"9":2,"10":2,"11":2,"12":2},"f":{},"b":{},"_coverageSchema":"1a1c01bbd47fc00a2c39e90264f33305004495a9","hash":"84191e6d1b497830682a87b3edd926cff7c66763"}
,"D:\\Phincon\\Ortech\\server\\src\\routes\\authUserRoutes.js": {"path":"D:\\Phincon\\Ortech\\server\\src\\routes\\authUserRoutes.js","statementMap":{"0":{"start":{"line":1,"column":16},"end":{"line":1,"column":34}},"1":{"start":{"line":10,"column":4},"end":{"line":10,"column":47}},"2":{"start":{"line":11,"column":43},"end":{"line":11,"column":78}},"3":{"start":{"line":12,"column":25},"end":{"line":12,"column":66}},"4":{"start":{"line":14,"column":15},"end":{"line":14,"column":31}},"5":{"start":{"line":16,"column":0},"end":{"line":16,"column":57}},"6":{"start":{"line":17,"column":0},"end":{"line":17,"column":33}},"7":{"start":{"line":18,"column":0},"end":{"line":18,"column":67}},"8":{"start":{"line":19,"column":0},"end":{"line":19,"column":49}},"9":{"start":{"line":20,"column":0},"end":{"line":20,"column":53}},"10":{"start":{"line":21,"column":0},"end":{"line":21,"column":52}},"11":{"start":{"line":22,"column":0},"end":{"line":22,"column":72}},"12":{"start":{"line":24,"column":0},"end":{"line":24,"column":24}}},"fnMap":{},"branchMap":{},"s":{"0":2,"1":2,"2":2,"3":2,"4":2,"5":2,"6":2,"7":2,"8":2,"9":2,"10":2,"11":2,"12":2},"f":{},"b":{},"_coverageSchema":"1a1c01bbd47fc00a2c39e90264f33305004495a9","hash":"61747f2f30b6aa8934f0d65179473503a4660724"}
,"D:\\Phincon\\Ortech\\server\\src\\routes\\categoryRoutes.js": {"path":"D:\\Phincon\\Ortech\\server\\src\\routes\\categoryRoutes.js","statementMap":{"0":{"start":{"line":1,"column":16},"end":{"line":1,"column":34}},"1":{"start":{"line":6,"column":4},"end":{"line":6,"column":47}},"2":{"start":{"line":8,"column":15},"end":{"line":8,"column":31}},"3":{"start":{"line":10,"column":0},"end":{"line":10,"column":31}},"4":{"start":{"line":11,"column":0},"end":{"line":11,"column":37}},"5":{"start":{"line":12,"column":0},"end":{"line":12,"column":38}},"6":{"start":{"line":14,"column":0},"end":{"line":14,"column":24}}},"fnMap":{},"branchMap":{},"s":{"0":2,"1":2,"2":2,"3":2,"4":2,"5":2,"6":2},"f":{},"b":{},"_coverageSchema":"1a1c01bbd47fc00a2c39e90264f33305004495a9","hash":"eddc4c8f0ae2ef6cadeaffddeaa029ef2c2a68e5"}
,"D:\\Phincon\\Ortech\\server\\src\\routes\\index.js": {"path":"D:\\Phincon\\Ortech\\server\\src\\routes\\index.js","statementMap":{"0":{"start":{"line":1,"column":19},"end":{"line":1,"column":37}},"1":{"start":{"line":2,"column":22},"end":{"line":2,"column":57}},"2":{"start":{"line":3,"column":26},"end":{"line":3,"column":65}},"3":{"start":{"line":4,"column":22},"end":{"line":4,"column":57}},"4":{"start":{"line":5,"column":22},"end":{"line":5,"column":57}},"5":{"start":{"line":6,"column":20},"end":{"line":6,"column":52}},"6":{"start":{"line":7,"column":18},"end":{"line":7,"column":49}},"7":{"start":{"line":8,"column":21},"end":{"line":8,"column":55}},"8":{"start":{"line":10,"column":15},"end":{"line":10,"column":23}},"9":{"start":{"line":12,"column":0},"end":{"line":12,"column":35}},"10":{"start":{"line":13,"column":0},"end":{"line":13,"column":48}},"11":{"start":{"line":14,"column":0},"end":{"line":14,"column":39}},"12":{"start":{"line":15,"column":0},"end":{"line":15,"column":39}},"13":{"start":{"line":16,"column":0},"end":{"line":16,"column":34}},"14":{"start":{"line":17,"column":0},"end":{"line":17,"column":31}},"15":{"start":{"line":18,"column":0},"end":{"line":18,"column":41}},"16":{"start":{"line":20,"column":0},"end":{"line":20,"column":24}}},"fnMap":{},"branchMap":{},"s":{"0":2,"1":2,"2":2,"3":2,"4":2,"5":2,"6":2,"7":2,"8":2,"9":2,"10":2,"11":2,"12":2,"13":2,"14":2,"15":2,"16":2},"f":{},"b":{},"_coverageSchema":"1a1c01bbd47fc00a2c39e90264f33305004495a9","hash":"70903b7bfdef25559e3913e4f30f53b6f37b0e03"}
,"D:\\Phincon\\Ortech\\server\\src\\routes\\merchantRoutes.js": {"path":"D:\\Phincon\\Ortech\\server\\src\\routes\\merchantRoutes.js","statementMap":{"0":{"start":{"line":1,"column":16},"end":{"line":1,"column":34}},"1":{"start":{"line":9,"column":4},"end":{"line":9,"column":48}},"2":{"start":{"line":10,"column":53},"end":{"line":10,"column":88}},"3":{"start":{"line":12,"column":15},"end":{"line":12,"column":31}},"4":{"start":{"line":14,"column":0},"end":{"line":14,"column":94}},"5":{"start":{"line":15,"column":0},"end":{"line":15,"column":30}},"6":{"start":{"line":16,"column":0},"end":{"line":16,"column":38}},"7":{"start":{"line":17,"column":0},"end":{"line":17,"column":99}},"8":{"start":{"line":18,"column":0},"end":{"line":18,"column":97}},"9":{"start":{"line":19,"column":0},"end":{"line":19,"column":83}},"10":{"start":{"line":21,"column":0},"end":{"line":21,"column":24}}},"fnMap":{},"branchMap":{},"s":{"0":2,"1":2,"2":2,"3":2,"4":2,"5":2,"6":2,"7":2,"8":2,"9":2,"10":2},"f":{},"b":{},"_coverageSchema":"1a1c01bbd47fc00a2c39e90264f33305004495a9","hash":"be547175832cd2401ab74819861cd4fe237110bb"}
,"D:\\Phincon\\Ortech\\server\\src\\routes\\paymentRoutes.js": {"path":"D:\\Phincon\\Ortech\\server\\src\\routes\\paymentRoutes.js","statementMap":{"0":{"start":{"line":1,"column":16},"end":{"line":1,"column":34}},"1":{"start":{"line":8,"column":4},"end":{"line":8,"column":39}},"2":{"start":{"line":17,"column":4},"end":{"line":17,"column":46}},"3":{"start":{"line":19,"column":25},"end":{"line":19,"column":62}},"4":{"start":{"line":20,"column":15},"end":{"line":20,"column":31}},"5":{"start":{"line":22,"column":0},"end":{"line":22,"column":79}},"6":{"start":{"line":23,"column":0},"end":{"line":23,"column":97}},"7":{"start":{"line":25,"column":0},"end":{"line":25,"column":85}},"8":{"start":{"line":26,"column":0},"end":{"line":26,"column":96}},"9":{"start":{"line":27,"column":0},"end":{"line":27,"column":82}},"10":{"start":{"line":28,"column":0},"end":{"line":28,"column":86}},"11":{"start":{"line":29,"column":0},"end":{"line":34,"column":2}},"12":{"start":{"line":36,"column":0},"end":{"line":36,"column":24}}},"fnMap":{},"branchMap":{},"s":{"0":2,"1":2,"2":2,"3":2,"4":2,"5":2,"6":2,"7":2,"8":2,"9":2,"10":2,"11":2,"12":2},"f":{},"b":{},"_coverageSchema":"1a1c01bbd47fc00a2c39e90264f33305004495a9","hash":"86b4b52fec43d13d3081838a2066f301bbea015b"}
,"D:\\Phincon\\Ortech\\server\\src\\routes\\userRoutes.js": {"path":"D:\\Phincon\\Ortech\\server\\src\\routes\\userRoutes.js","statementMap":{"0":{"start":{"line":1,"column":16},"end":{"line":1,"column":34}},"1":{"start":{"line":6,"column":4},"end":{"line":6,"column":43}},"2":{"start":{"line":7,"column":43},"end":{"line":7,"column":78}},"3":{"start":{"line":8,"column":25},"end":{"line":8,"column":66}},"4":{"start":{"line":10,"column":15},"end":{"line":10,"column":31}},"5":{"start":{"line":12,"column":0},"end":{"line":12,"column":67}},"6":{"start":{"line":13,"column":0},"end":{"line":13,"column":99}},"7":{"start":{"line":14,"column":0},"end":{"line":14,"column":85}},"8":{"start":{"line":16,"column":0},"end":{"line":16,"column":24}}},"fnMap":{},"branchMap":{},"s":{"0":2,"1":2,"2":2,"3":2,"4":2,"5":2,"6":2,"7":2,"8":2},"f":{},"b":{},"_coverageSchema":"1a1c01bbd47fc00a2c39e90264f33305004495a9","hash":"59370b79117774c6574759188070885054750f2b"}
,"D:\\Phincon\\Ortech\\server\\src\\routes\\venueRoutes.js": {"path":"D:\\Phincon\\Ortech\\server\\src\\routes\\venueRoutes.js","statementMap":{"0":{"start":{"line":1,"column":16},"end":{"line":1,"column":34}},"1":{"start":{"line":3,"column":53},"end":{"line":3,"column":88}},"2":{"start":{"line":10,"column":4},"end":{"line":10,"column":44}},"3":{"start":{"line":11,"column":25},"end":{"line":11,"column":66}},"4":{"start":{"line":12,"column":15},"end":{"line":12,"column":31}},"5":{"start":{"line":14,"column":0},"end":{"line":20,"column":2}},"6":{"start":{"line":21,"column":0},"end":{"line":27,"column":2}},"7":{"start":{"line":28,"column":0},"end":{"line":28,"column":90}},"8":{"start":{"line":29,"column":0},"end":{"line":29,"column":57}},"9":{"start":{"line":30,"column":0},"end":{"line":30,"column":98}},"10":{"start":{"line":32,"column":0},"end":{"line":32,"column":24}}},"fnMap":{},"branchMap":{},"s":{"0":2,"1":2,"2":2,"3":2,"4":2,"5":2,"6":2,"7":2,"8":2,"9":2,"10":2},"f":{},"b":{},"_coverageSchema":"1a1c01bbd47fc00a2c39e90264f33305004495a9","hash":"5eae73f1ad477d178a55f500dc4546ad77070e06"}
}
