TN:
SF:src\index.js
FN:16,(anonymous_0)
FN:22,(anonymous_1)
FN:27,(anonymous_2)
FNF:3
FNH:0
FNDA:0,(anonymous_0)
FNDA:0,(anonymous_1)
FNDA:0,(anonymous_2)
DA:1,6
DA:2,6
DA:3,6
DA:4,6
DA:5,6
DA:7,6
DA:9,6
DA:11,6
DA:12,6
DA:13,6
DA:14,6
DA:16,6
DA:17,0
DA:20,6
DA:22,6
DA:23,0
DA:26,6
DA:27,0
DA:28,0
DA:32,6
LF:20
LH:16
BRDA:26,0,0,0
BRDA:26,0,1,6
BRF:2
BRH:1
end_of_record
TN:
SF:src\config\database.js
FNF:0
FNH:0
DA:1,6
DA:3,6
DA:5,6
LF:3
LH:3
BRF:0
BRH:0
end_of_record
TN:
SF:src\config\schemas.js
FNF:0
FNH:0
DA:1,6
DA:3,6
DA:109,6
LF:3
LH:3
BRF:0
BRH:0
end_of_record
TN:
SF:src\controller\AuthMerchantController.js
FN:24,(anonymous_0)
FN:56,(anonymous_1)
FN:72,(anonymous_2)
FN:137,(anonymous_3)
FN:192,(anonymous_4)
FN:260,(anonymous_5)
FN:295,(anonymous_6)
FNF:7
FNH:5
FNDA:2,(anonymous_0)
FNDA:0,(anonymous_1)
FNDA:0,(anonymous_2)
FNDA:6,(anonymous_3)
FNDA:3,(anonymous_4)
FNDA:3,(anonymous_5)
FNDA:3,(anonymous_6)
DA:1,6
DA:2,6
DA:3,6
DA:8,6
DA:9,6
DA:10,6
DA:11,6
DA:12,6
DA:13,6
DA:14,6
DA:15,6
DA:16,6
DA:22,6
DA:24,6
DA:25,2
DA:26,2
DA:27,2
DA:29,2
DA:30,1
DA:33,1
DA:34,1
DA:35,0
DA:38,1
DA:39,1
DA:45,1
DA:47,1
DA:48,1
DA:50,1
DA:52,0
DA:56,6
DA:57,0
DA:58,0
DA:60,0
DA:62,0
DA:63,0
DA:66,0
DA:68,0
DA:72,6
DA:73,0
DA:82,0
DA:83,0
DA:85,0
DA:86,0
DA:92,0
DA:93,0
DA:96,0
DA:97,0
DA:99,0
DA:113,0
DA:114,0
DA:117,0
DA:119,0
DA:128,0
DA:129,0
DA:131,0
DA:133,0
DA:137,6
DA:138,6
DA:139,6
DA:141,6
DA:143,6
DA:144,1
DA:147,5
DA:148,5
DA:149,1
DA:152,4
DA:153,4
DA:155,4
DA:156,4
DA:158,4
DA:159,0
DA:162,4
DA:163,4
DA:165,4
DA:166,1
DA:167,1
DA:168,1
DA:171,3
DA:180,3
DA:182,3
DA:184,3
DA:186,3
DA:188,0
DA:192,6
DA:193,3
DA:194,3
DA:195,3
DA:197,3
DA:198,0
DA:201,3
DA:203,3
DA:205,0
DA:260,6
DA:261,3
DA:262,3
DA:264,3
DA:266,3
DA:267,1
DA:270,2
DA:272,2
DA:273,1
DA:276,1
DA:278,1
DA:285,1
DA:287,1
DA:289,1
DA:291,0
DA:295,6
DA:296,3
DA:297,3
DA:298,3
DA:299,3
DA:300,3
DA:301,3
DA:306,3
DA:307,1
DA:310,2
DA:312,2
DA:313,1
DA:316,1
DA:318,1
DA:323,1
DA:325,0
LF:123
LH:90
BRDA:29,0,0,1
BRDA:29,0,1,1
BRDA:34,1,0,0
BRDA:34,1,1,1
BRDA:62,2,0,0
BRDA:62,2,1,0
BRDA:92,3,0,0
BRDA:92,3,1,0
BRDA:92,4,0,0
BRDA:92,4,1,0
BRDA:113,5,0,0
BRDA:113,5,1,0
BRDA:143,6,0,1
BRDA:143,6,1,5
BRDA:148,7,0,1
BRDA:148,7,1,4
BRDA:158,8,0,0
BRDA:158,8,1,4
BRDA:158,9,0,4
BRDA:158,9,1,0
BRDA:165,10,0,1
BRDA:165,10,1,3
BRDA:197,11,0,0
BRDA:197,11,1,3
BRDA:266,12,0,1
BRDA:266,12,1,2
BRDA:272,13,0,1
BRDA:272,13,1,1
BRDA:272,14,0,2
BRDA:272,14,1,1
BRDA:306,15,0,1
BRDA:306,15,1,2
BRDA:312,16,0,1
BRDA:312,16,1,1
BRDA:312,17,0,2
BRDA:312,17,1,1
BRF:36
BRH:24
end_of_record
TN:
SF:src\controller\AuthUserController.js
FN:25,(anonymous_0)
FN:57,(anonymous_1)
FN:77,(anonymous_2)
FN:134,(anonymous_3)
FN:189,(anonymous_4)
FN:206,(anonymous_5)
FN:242,(anonymous_6)
FNF:7
FNH:5
FNDA:2,(anonymous_0)
FNDA:0,(anonymous_1)
FNDA:0,(anonymous_2)
FNDA:6,(anonymous_3)
FNDA:3,(anonymous_4)
FNDA:3,(anonymous_5)
FNDA:3,(anonymous_6)
DA:1,6
DA:6,6
DA:7,6
DA:8,6
DA:9,6
DA:10,6
DA:11,6
DA:12,6
DA:13,6
DA:14,6
DA:15,6
DA:16,6
DA:22,6
DA:23,6
DA:25,6
DA:26,2
DA:27,2
DA:28,2
DA:30,2
DA:31,1
DA:34,1
DA:35,1
DA:36,1
DA:37,0
DA:41,1
DA:42,1
DA:48,1
DA:50,1
DA:51,1
DA:53,0
DA:57,6
DA:58,0
DA:59,0
DA:61,0
DA:63,0
DA:64,0
DA:67,0
DA:68,0
DA:71,0
DA:73,0
DA:77,6
DA:78,0
DA:86,0
DA:87,0
DA:89,0
DA:95,0
DA:96,0
DA:99,0
DA:100,0
DA:102,0
DA:114,0
DA:115,0
DA:118,0
DA:120,0
DA:128,0
DA:130,0
DA:134,6
DA:135,6
DA:136,6
DA:137,6
DA:139,6
DA:140,1
DA:143,5
DA:144,5
DA:145,1
DA:148,4
DA:149,4
DA:151,4
DA:152,4
DA:154,4
DA:155,0
DA:158,4
DA:159,4
DA:161,4
DA:162,1
DA:163,1
DA:164,1
DA:167,3
DA:177,3
DA:179,3
DA:181,3
DA:183,3
DA:185,0
DA:189,6
DA:190,3
DA:191,3
DA:192,3
DA:194,3
DA:195,0
DA:198,3
DA:200,3
DA:202,0
DA:206,6
DA:207,3
DA:208,3
DA:210,3
DA:212,3
DA:213,1
DA:216,2
DA:218,2
DA:219,1
DA:222,1
DA:224,1
DA:231,1
DA:233,1
DA:235,1
DA:237,0
DA:238,0
DA:242,6
DA:243,3
DA:244,3
DA:245,3
DA:246,3
DA:247,3
DA:248,3
DA:253,3
DA:254,1
DA:257,2
DA:259,2
DA:260,1
DA:263,1
DA:264,1
DA:269,1
DA:271,0
LF:124
LH:91
BRDA:30,0,0,1
BRDA:30,0,1,1
BRDA:34,1,0,1
BRDA:34,1,1,0
BRDA:36,2,0,0
BRDA:36,2,1,1
BRDA:63,3,0,0
BRDA:63,3,1,0
BRDA:67,4,0,0
BRDA:67,4,1,0
BRDA:95,5,0,0
BRDA:95,5,1,0
BRDA:114,6,0,0
BRDA:114,6,1,0
BRDA:139,7,0,1
BRDA:139,7,1,5
BRDA:144,8,0,1
BRDA:144,8,1,4
BRDA:154,9,0,0
BRDA:154,9,1,4
BRDA:154,10,0,4
BRDA:154,10,1,1
BRDA:161,11,0,1
BRDA:161,11,1,3
BRDA:194,12,0,0
BRDA:194,12,1,3
BRDA:212,13,0,1
BRDA:212,13,1,2
BRDA:218,14,0,1
BRDA:218,14,1,1
BRDA:253,15,0,1
BRDA:253,15,1,2
BRDA:259,16,0,1
BRDA:259,16,1,1
BRF:34
BRH:22
end_of_record
TN:
SF:src\controller\CategoryController.js
FN:4,(anonymous_0)
FNF:1
FNH:0
FNDA:0,(anonymous_0)
DA:1,6
DA:2,6
DA:4,6
DA:5,0
DA:6,0
DA:8,0
DA:9,0
DA:11,0
DA:13,0
LF:9
LH:3
BRDA:8,0,0,0
BRDA:8,0,1,0
BRF:2
BRH:0
end_of_record
TN:
SF:src\controller\MerchantsController.js
FN:9,(anonymous_0)
FN:39,(anonymous_1)
FN:72,(anonymous_2)
FN:98,(anonymous_3)
FN:117,(anonymous_4)
FN:158,(anonymous_5)
FNF:6
FNH:4
FNDA:1,(anonymous_0)
FNDA:2,(anonymous_1)
FNDA:1,(anonymous_2)
FNDA:0,(anonymous_3)
FNDA:1,(anonymous_4)
FNDA:0,(anonymous_5)
DA:1,6
DA:2,6
DA:3,6
DA:4,6
DA:5,6
DA:6,6
DA:7,6
DA:9,6
DA:10,1
DA:11,1
DA:12,1
DA:13,0
DA:16,1
DA:31,1
DA:33,1
DA:35,0
DA:39,6
DA:40,2
DA:41,2
DA:42,2
DA:62,2
DA:63,1
DA:66,1
DA:68,0
DA:72,6
DA:73,1
DA:74,1
DA:76,1
DA:88,1
DA:89,0
DA:92,1
DA:94,0
DA:98,6
DA:99,0
DA:100,0
DA:101,0
DA:103,0
DA:104,0
DA:105,0
DA:108,0
DA:109,0
DA:111,0
DA:113,0
DA:117,6
DA:118,1
DA:119,1
DA:120,1
DA:121,1
DA:123,1
DA:124,0
DA:127,1
DA:128,1
DA:129,1
DA:130,1
DA:139,1
DA:141,1
DA:142,0
DA:145,1
DA:146,0
DA:149,1
DA:150,1
DA:151,1
DA:152,1
DA:154,0
DA:158,6
DA:159,0
DA:160,0
DA:161,0
DA:163,0
DA:164,0
DA:167,0
DA:168,0
DA:170,0
DA:172,0
LF:74
LH:46
BRDA:12,0,0,0
BRDA:12,0,1,1
BRDA:62,1,0,1
BRDA:62,1,1,1
BRDA:62,2,0,2
BRDA:62,2,1,1
BRDA:88,3,0,0
BRDA:88,3,1,1
BRDA:104,4,0,0
BRDA:104,4,1,0
BRDA:123,5,0,0
BRDA:123,5,1,1
BRDA:141,6,0,0
BRDA:141,6,1,1
BRDA:145,7,0,0
BRDA:145,7,1,1
BRDA:163,8,0,0
BRDA:163,8,1,0
BRDA:163,9,0,0
BRDA:163,9,1,0
BRF:20
BRH:9
end_of_record
TN:
SF:src\controller\PaymentController.js
FN:16,(anonymous_0)
FN:82,(anonymous_1)
FN:124,(anonymous_2)
FN:153,(anonymous_3)
FN:182,(anonymous_4)
FN:235,(anonymous_5)
FN:289,(anonymous_6)
FNF:7
FNH:2
FNDA:2,(anonymous_0)
FNDA:1,(anonymous_1)
FNDA:0,(anonymous_2)
FNDA:0,(anonymous_3)
FNDA:0,(anonymous_4)
FNDA:0,(anonymous_5)
FNDA:0,(anonymous_6)
DA:1,6
DA:2,6
DA:3,6
DA:4,6
DA:6,6
DA:7,6
DA:8,6
DA:10,6
DA:16,6
DA:17,2
DA:18,2
DA:19,2
DA:21,2
DA:22,2
DA:24,2
DA:26,2
DA:27,0
DA:30,2
DA:31,0
DA:35,2
DA:36,2
DA:38,2
DA:39,0
DA:42,2
DA:47,2
DA:53,2
DA:54,1
DA:57,1
DA:74,1
DA:76,1
DA:78,0
DA:82,6
DA:83,1
DA:84,1
DA:85,1
DA:86,1
DA:88,1
DA:89,0
DA:92,1
DA:93,1
DA:94,0
DA:97,1
DA:98,1
DA:99,0
DA:102,1
DA:103,1
DA:105,1
DA:118,1
DA:120,0
DA:124,6
DA:125,0
DA:126,0
DA:127,0
DA:129,0
DA:130,0
DA:133,0
DA:147,0
DA:149,0
DA:153,6
DA:154,0
DA:155,0
DA:156,0
DA:158,0
DA:159,0
DA:162,0
DA:176,0
DA:178,0
DA:182,6
DA:183,0
DA:184,0
DA:185,0
DA:186,0
DA:187,0
DA:188,0
DA:191,0
DA:225,0
DA:226,0
DA:229,0
DA:231,0
DA:235,6
DA:236,0
DA:237,0
DA:238,0
DA:239,0
DA:241,0
DA:242,0
DA:245,0
DA:279,0
DA:280,0
DA:283,0
DA:285,0
DA:289,6
DA:290,0
DA:291,0
DA:292,0
DA:293,0
DA:299,0
DA:300,0
DA:303,0
DA:305,0
DA:306,0
DA:309,0
DA:316,0
DA:318,0
DA:320,0
LF:105
LH:46
BRDA:26,0,0,0
BRDA:26,0,1,2
BRDA:26,1,0,2
BRDA:26,1,1,0
BRDA:30,2,0,0
BRDA:30,2,1,2
BRDA:30,3,0,2
BRDA:30,3,1,2
BRDA:38,4,0,0
BRDA:38,4,1,2
BRDA:53,5,0,1
BRDA:53,5,1,1
BRDA:88,6,0,0
BRDA:88,6,1,1
BRDA:93,7,0,0
BRDA:93,7,1,1
BRDA:98,8,0,0
BRDA:98,8,1,1
BRDA:129,9,0,0
BRDA:129,9,1,0
BRDA:129,10,0,0
BRDA:129,10,1,0
BRDA:158,11,0,0
BRDA:158,11,1,0
BRDA:187,12,0,0
BRDA:187,12,1,0
BRDA:225,13,0,0
BRDA:225,13,1,0
BRDA:241,14,0,0
BRDA:241,14,1,0
BRDA:279,15,0,0
BRDA:279,15,1,0
BRDA:299,16,0,0
BRDA:299,16,1,0
BRDA:305,17,0,0
BRDA:305,17,1,0
BRF:36
BRH:11
end_of_record
TN:
SF:src\controller\UserController.js
FN:8,(anonymous_0)
FN:27,(anonymous_1)
FN:60,(anonymous_2)
FNF:3
FNH:2
FNDA:1,(anonymous_0)
FNDA:0,(anonymous_1)
FNDA:1,(anonymous_2)
DA:1,6
DA:2,6
DA:3,6
DA:4,6
DA:5,6
DA:6,6
DA:8,6
DA:9,1
DA:10,1
DA:11,1
DA:17,1
DA:18,0
DA:21,1
DA:23,0
DA:27,6
DA:28,0
DA:29,0
DA:30,0
DA:32,0
DA:33,0
DA:39,0
DA:40,0
DA:43,0
DA:48,0
DA:49,0
DA:52,0
DA:54,0
DA:56,0
DA:60,6
DA:61,1
DA:62,1
DA:64,1
DA:66,1
DA:67,1
DA:68,1
DA:69,1
DA:70,1
DA:71,0
DA:74,1
DA:83,1
DA:84,0
DA:87,1
DA:89,1
DA:90,0
DA:93,1
DA:95,1
DA:96,1
DA:98,0
LF:48
LH:29
BRDA:17,0,0,0
BRDA:17,0,1,1
BRDA:39,1,0,0
BRDA:39,1,1,0
BRDA:48,2,0,0
BRDA:48,2,1,0
BRDA:70,3,0,0
BRDA:70,3,1,1
BRDA:83,4,0,0
BRDA:83,4,1,1
BRDA:89,5,0,0
BRDA:89,5,1,1
BRF:12
BRH:4
end_of_record
TN:
SF:src\controller\VenueController.js
FN:9,(anonymous_0)
FN:25,(anonymous_1)
FN:66,(anonymous_2)
FN:79,(anonymous_3)
FN:125,(anonymous_4)
FN:166,(anonymous_5)
FNF:6
FNH:3
FNDA:1,(anonymous_0)
FNDA:2,(anonymous_1)
FNDA:5,(anonymous_2)
FNDA:0,(anonymous_3)
FNDA:0,(anonymous_4)
FNDA:0,(anonymous_5)
DA:1,6
DA:2,6
DA:3,6
DA:4,6
DA:5,6
DA:6,6
DA:7,6
DA:9,6
DA:10,1
DA:11,1
DA:13,1
DA:15,1
DA:16,0
DA:19,1
DA:21,0
DA:25,6
DA:26,2
DA:27,2
DA:28,2
DA:45,2
DA:46,1
DA:49,1
DA:54,1
DA:55,1
DA:57,1
DA:58,1
DA:60,1
DA:66,1
DA:67,5
DA:68,5
DA:69,5
DA:70,5
DA:73,1
DA:75,0
DA:79,6
DA:80,0
DA:81,0
DA:82,0
DA:83,0
DA:85,0
DA:86,0
DA:88,0
DA:89,0
DA:91,0
DA:92,0
DA:95,0
DA:96,0
DA:98,0
DA:99,0
DA:101,0
DA:103,0
DA:112,0
DA:114,0
DA:115,0
DA:118,0
DA:119,0
DA:121,0
DA:125,6
DA:126,0
DA:127,0
DA:128,0
DA:129,0
DA:131,0
DA:132,0
DA:134,0
DA:135,0
DA:137,0
DA:138,0
DA:140,0
DA:141,0
DA:144,0
DA:153,0
DA:154,0
DA:155,0
DA:158,0
DA:160,0
DA:162,0
DA:166,6
DA:167,0
DA:168,0
DA:169,0
DA:171,0
DA:172,0
DA:174,0
DA:175,0
DA:178,0
DA:179,0
DA:182,0
DA:183,0
DA:185,0
LF:90
LH:34
BRDA:15,0,0,0
BRDA:15,0,1,1
BRDA:45,1,0,1
BRDA:45,1,1,1
BRDA:45,2,0,2
BRDA:45,2,1,1
BRDA:88,3,0,0
BRDA:88,3,1,0
BRDA:91,4,0,0
BRDA:91,4,1,0
BRDA:114,5,0,0
BRDA:114,5,1,0
BRDA:140,6,0,0
BRDA:140,6,1,0
BRDA:140,7,0,0
BRDA:140,7,1,0
BRDA:154,8,0,0
BRDA:154,8,1,0
BRDA:174,9,0,0
BRDA:174,9,1,0
BRDA:174,10,0,0
BRDA:174,10,1,0
BRDA:178,11,0,0
BRDA:178,11,1,0
BRDA:178,12,0,0
BRDA:178,12,1,0
BRF:26
BRH:5
end_of_record
TN:
SF:src\database\models\categories.js
FN:3,(anonymous_0)
FN:10,(anonymous_1)
FNF:2
FNH:2
FNDA:6,(anonymous_0)
FNDA:6,(anonymous_1)
DA:2,6
DA:3,6
DA:13,6
DA:20,6
DA:29,6
LF:5
LH:5
BRF:0
BRH:0
end_of_record
TN:
SF:src\database\models\index.js
FN:21,(anonymous_0)
FN:29,(anonymous_1)
FN:34,(anonymous_2)
FNF:3
FNH:3
FNDA:42,(anonymous_0)
FNDA:36,(anonymous_1)
FNDA:36,(anonymous_2)
DA:3,6
DA:4,6
DA:5,6
DA:6,6
DA:7,6
DA:8,6
DA:9,6
DA:10,6
DA:13,6
DA:14,0
DA:16,6
DA:19,6
DA:22,42
DA:30,36
DA:31,36
DA:34,6
DA:35,36
DA:36,36
DA:40,6
DA:41,6
DA:43,6
LF:21
LH:20
BRDA:8,0,0,6
BRDA:8,0,1,0
BRDA:13,1,0,0
BRDA:13,1,1,6
BRDA:23,2,0,42
BRDA:23,2,1,42
BRDA:23,2,2,36
BRDA:23,2,3,36
BRDA:35,3,0,36
BRDA:35,3,1,0
BRF:10
BRH:7
end_of_record
TN:
SF:src\database\models\merchantcategories.js
FN:3,(anonymous_0)
FN:10,(anonymous_1)
FNF:2
FNH:2
FNDA:6,(anonymous_0)
FNDA:6,(anonymous_1)
DA:2,6
DA:3,6
DA:11,6
DA:15,6
DA:21,6
DA:31,6
LF:6
LH:6
BRF:0
BRH:0
end_of_record
TN:
SF:src\database\models\merchants.js
FN:3,(anonymous_0)
FN:10,(anonymous_1)
FNF:2
FNH:2
FNDA:6,(anonymous_0)
FNDA:6,(anonymous_1)
DA:2,6
DA:3,6
DA:12,6
DA:17,6
DA:18,6
DA:21,6
DA:41,6
LF:7
LH:7
BRF:0
BRH:0
end_of_record
TN:
SF:src\database\models\payment.js
FN:3,(anonymous_0)
FN:10,(anonymous_1)
FNF:2
FNH:2
FNDA:6,(anonymous_0)
FNDA:6,(anonymous_1)
DA:2,6
DA:3,6
DA:12,6
DA:13,6
DA:14,6
DA:17,6
DA:35,6
LF:7
LH:7
BRF:0
BRH:0
end_of_record
TN:
SF:src\database\models\users.js
FN:3,(anonymous_0)
FN:10,(anonymous_1)
FNF:2
FNH:2
FNDA:6,(anonymous_0)
FNDA:6,(anonymous_1)
DA:2,6
DA:3,6
DA:12,6
DA:15,6
DA:32,6
LF:5
LH:5
BRF:0
BRH:0
end_of_record
TN:
SF:src\database\models\venues.js
FN:3,(anonymous_0)
FN:10,(anonymous_1)
FNF:2
FNH:2
FNDA:6,(anonymous_0)
FNDA:6,(anonymous_1)
DA:2,6
DA:3,6
DA:12,6
DA:13,6
DA:16,6
DA:31,6
LF:6
LH:6
BRF:0
BRH:0
end_of_record
TN:
SF:src\helpers\Authorization.js
FN:5,(anonymous_0)
FN:30,(anonymous_1)
FN:56,(anonymous_2)
FN:70,(anonymous_3)
FNF:4
FNH:4
FNDA:15,(anonymous_0)
FNDA:10,(anonymous_1)
FNDA:6,(anonymous_2)
FNDA:11,(anonymous_3)
DA:1,6
DA:2,6
DA:3,6
DA:5,6
DA:6,15
DA:7,15
DA:8,15
DA:10,15
DA:11,0
DA:14,15
DA:16,11
DA:18,11
DA:19,11
DA:20,11
DA:21,11
DA:24,0
DA:26,4
DA:30,6
DA:31,10
DA:32,10
DA:33,10
DA:35,10
DA:36,0
DA:39,10
DA:41,6
DA:43,6
DA:45,6
DA:46,6
DA:47,6
DA:50,0
DA:52,4
DA:56,6
DA:57,6
DA:58,6
DA:60,6
DA:61,0
DA:64,6
DA:66,0
DA:70,6
DA:71,11
DA:72,11
DA:73,11
DA:74,0
DA:77,11
DA:79,0
DA:83,6
LF:46
LH:38
BRDA:8,0,0,15
BRDA:8,0,1,15
BRDA:10,1,0,0
BRDA:10,1,1,15
BRDA:19,2,0,11
BRDA:19,2,1,0
BRDA:33,3,0,10
BRDA:33,3,1,10
BRDA:35,4,0,0
BRDA:35,4,1,10
BRDA:45,5,0,6
BRDA:45,5,1,0
BRDA:60,6,0,0
BRDA:60,6,1,6
BRDA:73,7,0,0
BRDA:73,7,1,11
BRF:16
BRH:10
end_of_record
TN:
SF:src\helpers\EmailMessages.js
FN:1,(anonymous_0)
FN:10,(anonymous_1)
FN:20,(anonymous_2)
FN:30,(anonymous_3)
FNF:4
FNH:3
FNDA:2,(anonymous_0)
FNDA:1,(anonymous_1)
FNDA:1,(anonymous_2)
FNDA:0,(anonymous_3)
DA:1,6
DA:2,2
DA:10,6
DA:11,1
DA:20,6
DA:21,1
DA:30,6
DA:31,0
LF:8
LH:7
BRF:0
BRH:0
end_of_record
TN:
SF:src\helpers\Encrypt.js
FN:3,(anonymous_0)
FN:8,(anonymous_1)
FNF:2
FNH:2
FNDA:27,(anonymous_0)
FNDA:44,(anonymous_1)
DA:1,6
DA:3,6
DA:4,27
DA:5,27
DA:8,6
DA:9,44
DA:10,44
DA:13,6
LF:8
LH:8
BRF:0
BRH:0
end_of_record
TN:
SF:src\helpers\GenerateOtp.js
FN:1,(anonymous_0)
FNF:1
FNH:1
FNDA:2,(anonymous_0)
DA:1,6
DA:2,2
DA:3,2
DA:6,6
LF:4
LH:4
BRF:0
BRH:0
end_of_record
TN:
SF:src\helpers\GenerateTimeVenue.js
FN:3,(anonymous_0)
FNF:1
FNH:1
FNDA:5,(anonymous_0)
DA:1,6
DA:3,6
DA:4,5
DA:5,5
DA:6,5
DA:7,60
DA:8,60
DA:9,60
DA:11,60
DA:14,5
DA:17,6
LF:11
LH:11
BRF:0
BRH:0
end_of_record
TN:
SF:src\helpers\GenerateToken.js
FN:4,(anonymous_0)
FN:10,(anonymous_1)
FN:17,(anonymous_2)
FNF:3
FNH:3
FNDA:6,(anonymous_0)
FNDA:2,(anonymous_1)
FNDA:2,(anonymous_2)
DA:1,6
DA:2,6
DA:4,6
DA:5,6
DA:7,6
DA:10,6
DA:11,2
DA:12,0
DA:14,2
DA:17,6
DA:18,2
DA:19,2
DA:22,6
LF:13
LH:12
BRDA:11,0,0,0
BRDA:11,0,1,2
BRDA:11,1,0,2
BRDA:11,1,1,2
BRF:4
BRH:3
end_of_record
TN:
SF:src\helpers\HashPassword.js
FN:3,(anonymous_0)
FN:9,(anonymous_1)
FNF:2
FNH:2
FNDA:4,(anonymous_0)
FNDA:10,(anonymous_1)
DA:1,6
DA:3,6
DA:4,4
DA:6,4
DA:9,6
DA:10,10
DA:12,10
DA:15,6
LF:8
LH:8
BRF:0
BRH:0
end_of_record
TN:
SF:src\helpers\OperationalHours.js
FN:3,(anonymous_0)
FN:22,(anonymous_1)
FNF:2
FNH:2
FNDA:1,(anonymous_0)
FNDA:6,(anonymous_1)
DA:1,6
DA:3,6
DA:4,1
DA:6,1
DA:7,5
DA:8,5
DA:10,5
DA:11,5
DA:13,5
DA:19,1
DA:22,6
DA:24,6
DA:28,6
DA:33,6
DA:34,6
DA:35,6
DA:36,6
DA:38,6
DA:39,6
DA:40,6
DA:41,6
DA:43,6
DA:44,6
DA:46,6
DA:47,1
DA:49,5
DA:52,6
LF:27
LH:27
BRDA:46,0,0,1
BRDA:46,0,1,5
BRDA:46,1,0,6
BRDA:46,1,1,6
BRF:4
BRH:4
end_of_record
TN:
SF:src\helpers\RedisHelpers.js
FN:8,(anonymous_0)
FN:12,(anonymous_1)
FN:16,(anonymous_2)
FN:21,(anonymous_3)
FN:25,(anonymous_4)
FN:29,(anonymous_5)
FN:33,(anonymous_6)
FNF:7
FNH:6
FNDA:6,(anonymous_0)
FNDA:0,(anonymous_1)
FNDA:9,(anonymous_2)
FNDA:1,(anonymous_3)
FNDA:7,(anonymous_4)
FNDA:2,(anonymous_5)
FNDA:2,(anonymous_6)
DA:1,6
DA:3,6
DA:8,6
DA:9,6
DA:12,6
DA:13,0
DA:16,6
DA:17,9
DA:18,9
DA:21,6
DA:22,1
DA:25,6
DA:26,7
DA:29,6
DA:30,2
DA:33,6
DA:34,2
DA:37,6
LF:18
LH:17
BRF:0
BRH:0
end_of_record
TN:
SF:src\helpers\ResponseData.js
FN:1,(anonymous_0)
FN:5,(anonymous_1)
FNF:2
FNH:2
FNDA:28,(anonymous_0)
FNDA:30,(anonymous_1)
DA:1,6
DA:2,28
DA:5,6
DA:11,30
DA:12,30
DA:15,6
LF:6
LH:6
BRDA:7,0,0,0
BRDA:8,1,0,0
BRDA:9,2,0,11
BRDA:11,3,0,6
BRDA:11,3,1,24
BRF:5
BRH:3
end_of_record
TN:
SF:src\helpers\SendEmail.js
FN:3,(anonymous_0)
FNF:1
FNH:1
FNDA:4,(anonymous_0)
DA:1,6
DA:3,6
DA:4,4
DA:14,4
DA:21,0
DA:22,0
DA:25,6
LF:7
LH:5
BRF:0
BRH:0
end_of_record
TN:
SF:src\helpers\UploadImage.js
FN:4,(anonymous_0)
FNF:1
FNH:0
FNDA:0,(anonymous_0)
DA:1,6
DA:2,6
DA:4,6
DA:5,0
DA:6,0
DA:7,0
DA:8,0
DA:12,0
DA:18,0
DA:19,0
DA:21,0
DA:25,6
LF:12
LH:4
BRF:0
BRH:0
end_of_record
TN:
SF:src\helpers\ValidateRequest.js
FN:1,(anonymous_0)
FNF:1
FNH:1
FNDA:24,(anonymous_0)
DA:1,6
DA:2,24
DA:4,24
DA:5,6
DA:6,6
DA:10,6
LF:6
LH:6
BRDA:4,0,0,6
BRDA:4,0,1,18
BRF:2
BRH:2
end_of_record
TN:
SF:src\helpers\VerifyToken.js
FN:3,(anonymous_0)
FNF:1
FNH:0
FNDA:0,(anonymous_0)
DA:1,6
DA:3,6
DA:4,0
DA:5,0
DA:6,0
DA:8,0
DA:12,6
LF:7
LH:3
BRF:0
BRH:0
end_of_record
TN:
SF:src\middleware\CheckBooking.js
FN:8,(anonymous_0)
FNF:1
FNH:1
FNDA:6,(anonymous_0)
DA:1,6
DA:3,6
DA:4,6
DA:5,6
DA:6,6
DA:8,6
DA:9,6
DA:10,6
DA:11,6
DA:13,6
DA:14,6
DA:16,6
DA:17,1
DA:20,5
DA:21,5
DA:22,5
DA:23,0
DA:26,5
DA:27,1
DA:30,4
DA:35,4
DA:37,4
DA:38,0
DA:40,4
DA:52,4
DA:53,1
DA:61,3
DA:63,0
LF:28
LH:25
BRDA:16,0,0,1
BRDA:16,0,1,5
BRDA:16,1,0,6
BRDA:16,1,1,1
BRDA:22,2,0,0
BRDA:22,2,1,5
BRDA:22,3,0,5
BRDA:22,3,1,5
BRDA:26,4,0,1
BRDA:26,4,1,4
BRDA:37,5,0,0
BRDA:37,5,1,4
BRDA:52,6,0,1
BRDA:52,6,1,3
BRF:14
BRH:12
end_of_record
TN:
SF:src\middleware\UploadMiddleware.js
FN:7,(anonymous_0)
FN:9,(anonymous_1)
FNF:2
FNH:0
FNDA:0,(anonymous_0)
FNDA:0,(anonymous_1)
DA:1,6
DA:2,6
DA:3,6
DA:5,6
DA:7,6
DA:8,0
DA:9,0
DA:10,0
DA:15,0
DA:18,0
DA:19,0
DA:20,0
DA:21,0
DA:23,0
DA:24,0
DA:25,0
DA:26,0
DA:28,0
DA:32,0
DA:36,6
LF:20
LH:6
BRDA:10,0,0,0
BRDA:10,0,1,0
BRDA:11,1,0,0
BRDA:11,1,1,0
BRDA:11,1,2,0
BRDA:18,2,0,0
BRDA:18,2,1,0
BRDA:20,3,0,0
BRDA:20,3,1,0
BRF:9
BRH:0
end_of_record
TN:
SF:src\routes\authMerchantRoutes.js
FNF:0
FNH:0
DA:1,6
DA:10,6
DA:11,6
DA:12,6
DA:14,6
DA:16,6
DA:17,6
DA:18,6
DA:19,6
DA:20,6
DA:21,6
DA:22,6
DA:24,6
LF:13
LH:13
BRF:0
BRH:0
end_of_record
TN:
SF:src\routes\authUserRoutes.js
FNF:0
FNH:0
DA:1,6
DA:10,6
DA:11,6
DA:12,6
DA:14,6
DA:16,6
DA:17,6
DA:18,6
DA:19,6
DA:20,6
DA:21,6
DA:22,6
DA:24,6
LF:13
LH:13
BRF:0
BRH:0
end_of_record
TN:
SF:src\routes\categoryRoutes.js
FNF:0
FNH:0
DA:1,6
DA:2,6
DA:4,6
DA:6,6
DA:8,6
LF:5
LH:5
BRF:0
BRH:0
end_of_record
TN:
SF:src\routes\index.js
FNF:0
FNH:0
DA:1,6
DA:2,6
DA:3,6
DA:4,6
DA:5,6
DA:6,6
DA:7,6
DA:8,6
DA:10,6
DA:12,6
DA:13,6
DA:14,6
DA:15,6
DA:16,6
DA:17,6
DA:18,6
DA:20,6
LF:17
LH:17
BRF:0
BRH:0
end_of_record
TN:
SF:src\routes\merchantRoutes.js
FNF:0
FNH:0
DA:1,6
DA:9,6
DA:10,6
DA:12,6
DA:14,6
DA:15,6
DA:16,6
DA:17,6
DA:18,6
DA:19,6
DA:21,6
LF:11
LH:11
BRF:0
BRH:0
end_of_record
TN:
SF:src\routes\paymentRoutes.js
FNF:0
FNH:0
DA:1,6
DA:8,6
DA:17,6
DA:19,6
DA:20,6
DA:22,6
DA:23,6
DA:25,6
DA:26,6
DA:27,6
DA:28,6
DA:29,6
DA:36,6
LF:13
LH:13
BRF:0
BRH:0
end_of_record
TN:
SF:src\routes\userRoutes.js
FNF:0
FNH:0
DA:1,6
DA:6,6
DA:7,6
DA:8,6
DA:10,6
DA:12,6
DA:13,6
DA:14,6
DA:16,6
LF:9
LH:9
BRF:0
BRH:0
end_of_record
TN:
SF:src\routes\venueRoutes.js
FNF:0
FNH:0
DA:1,6
DA:3,6
DA:10,6
DA:11,6
DA:12,6
DA:14,6
DA:21,6
DA:28,6
DA:29,6
DA:30,6
DA:32,6
LF:11
LH:11
BRF:0
BRH:0
end_of_record
